<?xml version="1.0" encoding="UTF-8"?>
<testsuite name="com.pokitdok.tests.PokitDokTest" tests="26" skipped="0" failures="8" errors="0" timestamp="2015-04-14T19:07:11" hostname="chloe" time="10.776">
  <properties/>
  <testcase name="shouldCreateTest" classname="com.pokitdok.tests.PokitDokTest" time="1.069"/>
  <testcase name="authorizationsTest" classname="com.pokitdok.tests.PokitDokTest" time="0.528"/>
  <testcase name="cashPricesTest" classname="com.pokitdok.tests.PokitDokTest" time="0.529"/>
  <testcase name="insurancePricesTest" classname="com.pokitdok.tests.PokitDokTest" time="0.524"/>
  <testcase name="providersTest" classname="com.pokitdok.tests.PokitDokTest" time="0.525"/>
  <testcase name="eligibilityTest" classname="com.pokitdok.tests.PokitDokTest" time="0.521"/>
  <testcase name="claimsTest" classname="com.pokitdok.tests.PokitDokTest" time="0.522"/>
  <testcase name="claimsStatusTest" classname="com.pokitdok.tests.PokitDokTest" time="0.528"/>
  <testcase name="filesTest" classname="com.pokitdok.tests.PokitDokTest" time="0.0"/>
  <testcase name="activitiesTest" classname="com.pokitdok.tests.PokitDokTest" time="0.523"/>
  <testcase name="payersTest" classname="com.pokitdok.tests.PokitDokTest" time="0.524"/>
  <testcase name="tradingPartnersIndexTest" classname="com.pokitdok.tests.PokitDokTest" time="0.523"/>
  <testcase name="tradingPartnersGetTest" classname="com.pokitdok.tests.PokitDokTest" time="0.521"/>
  <testcase name="plansIndexTest" classname="com.pokitdok.tests.PokitDokTest" time="0.526"/>
  <testcase name="plansGetTest" classname="com.pokitdok.tests.PokitDokTest" time="0.521"/>
  <testcase name="referralsTest" classname="com.pokitdok.tests.PokitDokTest" time="0.521"/>
  <testcase name="listSchedulersTest" classname="com.pokitdok.tests.PokitDokTest" time="0.137">
    <failure message="co.freeside.betamax.tape.TapeLoadException: Invalid tape" type="co.freeside.betamax.tape.TapeLoadException">co.freeside.betamax.tape.TapeLoadException: Invalid tape
	at sun.reflect.NativeConstructorAccessorImpl.newInstance0(Native Method)
	at sun.reflect.NativeConstructorAccessorImpl.newInstance(NativeConstructorAccessorImpl.java:57)
	at sun.reflect.DelegatingConstructorAccessorImpl.newInstance(DelegatingConstructorAccessorImpl.java:45)
	at java.lang.reflect.Constructor.newInstance(Constructor.java:526)
	at org.codehaus.groovy.reflection.CachedConstructor.invoke(CachedConstructor.java:77)
	at org.codehaus.groovy.runtime.callsite.ConstructorSite$ConstructorSiteNoUnwrapNoCoerce.callConstructor(ConstructorSite.java:102)
	at org.codehaus.groovy.runtime.callsite.CallSiteArray.defaultCallConstructor(CallSiteArray.java:57)
	at org.codehaus.groovy.runtime.callsite.AbstractCallSite.callConstructor(AbstractCallSite.java:182)
	at org.codehaus.groovy.runtime.callsite.AbstractCallSite.callConstructor(AbstractCallSite.java:194)
	at co.freeside.betamax.tape.yaml.YamlTape.readFrom(YamlTape.groovy:43)
	at co.freeside.betamax.tape.yaml.YamlTape$readFrom.call(Unknown Source)
	at co.freeside.betamax.tape.yaml.YamlTapeLoader$_loadTape_closure1.doCall(YamlTapeLoader.groovy:41)
	at sun.reflect.NativeMethodAccessorImpl.invoke0(Native Method)
	at sun.reflect.NativeMethodAccessorImpl.invoke(NativeMethodAccessorImpl.java:57)
	at sun.reflect.DelegatingMethodAccessorImpl.invoke(DelegatingMethodAccessorImpl.java:43)
	at java.lang.reflect.Method.invoke(Method.java:606)
	at org.codehaus.groovy.reflection.CachedMethod.invoke(CachedMethod.java:90)
	at groovy.lang.MetaMethod.doMethodInvoke(MetaMethod.java:233)
	at org.codehaus.groovy.runtime.metaclass.ClosureMetaClass.invokeMethod(ClosureMetaClass.java:272)
	at groovy.lang.MetaClassImpl.invokeMethod(MetaClassImpl.java:909)
	at groovy.lang.Closure.call(Closure.java:423)
	at groovy.lang.Closure.call(Closure.java:439)
	at org.codehaus.groovy.runtime.IOGroovyMethods.withReader(IOGroovyMethods.java:1159)
	at org.codehaus.groovy.runtime.ResourceGroovyMethods.withReader(ResourceGroovyMethods.java:1501)
	at org.codehaus.groovy.runtime.dgm$878.invoke(Unknown Source)
	at org.codehaus.groovy.runtime.callsite.PojoMetaMethodSite$PojoMetaMethodSiteNoUnwrapNoCoerce.invoke(PojoMetaMethodSite.java:271)
	at org.codehaus.groovy.runtime.callsite.PojoMetaMethodSite.call(PojoMetaMethodSite.java:53)
	at org.codehaus.groovy.runtime.callsite.AbstractCallSite.call(AbstractCallSite.java:120)
	at co.freeside.betamax.tape.yaml.YamlTapeLoader.loadTape(YamlTapeLoader.groovy:40)
	at co.freeside.betamax.tape.yaml.YamlTapeLoader.loadTape(YamlTapeLoader.groovy)
	at co.freeside.betamax.tape.TapeLoader$loadTape.call(Unknown Source)
	at co.freeside.betamax.Recorder.insertTape(Recorder.groovy:121)
	at co.freeside.betamax.Recorder$insertTape$1.callCurrent(Unknown Source)
	at co.freeside.betamax.Recorder.startProxy(Recorder.groovy:200)
	at co.freeside.betamax.Recorder.this$2$startProxy(Recorder.groovy)
	at co.freeside.betamax.Recorder$this$2$startProxy$0.callCurrent(Unknown Source)
	at co.freeside.betamax.Recorder.withTape(Recorder.groovy:167)
	at sun.reflect.NativeMethodAccessorImpl.invoke0(Native Method)
	at sun.reflect.NativeMethodAccessorImpl.invoke(NativeMethodAccessorImpl.java:57)
	at sun.reflect.DelegatingMethodAccessorImpl.invoke(DelegatingMethodAccessorImpl.java:43)
	at java.lang.reflect.Method.invoke(Method.java:606)
	at org.codehaus.groovy.reflection.CachedMethod.invoke(CachedMethod.java:90)
	at groovy.lang.MetaMethod.doMethodInvoke(MetaMethod.java:233)
	at groovy.lang.MetaClassImpl.invokeMethod(MetaClassImpl.java:1085)
	at org.codehaus.groovy.runtime.ScriptBytecodeAdapter.invokeMethodOnCurrentN(ScriptBytecodeAdapter.java:78)
	at co.freeside.betamax.Recorder.this$dist$invoke$2(Recorder.groovy)
	at co.freeside.betamax.Recorder$1.methodMissing(Recorder.groovy)
	at sun.reflect.NativeMethodAccessorImpl.invoke0(Native Method)
	at sun.reflect.NativeMethodAccessorImpl.invoke(NativeMethodAccessorImpl.java:57)
	at sun.reflect.DelegatingMethodAccessorImpl.invoke(DelegatingMethodAccessorImpl.java:43)
	at java.lang.reflect.Method.invoke(Method.java:606)
	at org.codehaus.groovy.reflection.CachedMethod.invoke(CachedMethod.java:90)
	at groovy.lang.MetaClassImpl.invokeMissingMethod(MetaClassImpl.java:837)
	at groovy.lang.MetaClassImpl.invokePropertyOrMissing(MetaClassImpl.java:1134)
	at groovy.lang.MetaClassImpl.invokeMethod(MetaClassImpl.java:1087)
	at groovy.lang.MetaClassImpl.invokeMethod(MetaClassImpl.java:909)
	at org.codehaus.groovy.runtime.callsite.PogoMetaClassSite.callCurrent(PogoMetaClassSite.java:66)
	at org.codehaus.groovy.runtime.callsite.AbstractCallSite.callCurrent(AbstractCallSite.java:149)
	at co.freeside.betamax.Recorder$1.evaluate(Recorder.groovy:185)
	at org.junit.runners.ParentRunner.runLeaf(ParentRunner.java:263)
	at org.junit.runners.BlockJUnit4ClassRunner.runChild(BlockJUnit4ClassRunner.java:68)
	at org.junit.runners.BlockJUnit4ClassRunner.runChild(BlockJUnit4ClassRunner.java:47)
	at org.junit.runners.ParentRunner$3.run(ParentRunner.java:231)
	at org.junit.runners.ParentRunner$1.schedule(ParentRunner.java:60)
	at org.junit.runners.ParentRunner.runChildren(ParentRunner.java:229)
	at org.junit.runners.ParentRunner.access$000(ParentRunner.java:50)
	at org.junit.runners.ParentRunner$2.evaluate(ParentRunner.java:222)
	at org.junit.runners.ParentRunner.run(ParentRunner.java:300)
	at org.gradle.api.internal.tasks.testing.junit.JUnitTestClassExecuter.runTestClass(JUnitTestClassExecuter.java:86)
	at org.gradle.api.internal.tasks.testing.junit.JUnitTestClassExecuter.execute(JUnitTestClassExecuter.java:49)
	at org.gradle.api.internal.tasks.testing.junit.JUnitTestClassProcessor.processTestClass(JUnitTestClassProcessor.java:69)
	at org.gradle.api.internal.tasks.testing.SuiteTestClassProcessor.processTestClass(SuiteTestClassProcessor.java:48)
	at sun.reflect.NativeMethodAccessorImpl.invoke0(Native Method)
	at sun.reflect.NativeMethodAccessorImpl.invoke(NativeMethodAccessorImpl.java:57)
	at sun.reflect.DelegatingMethodAccessorImpl.invoke(DelegatingMethodAccessorImpl.java:43)
	at java.lang.reflect.Method.invoke(Method.java:606)
	at org.gradle.messaging.dispatch.ReflectionDispatch.dispatch(ReflectionDispatch.java:35)
	at org.gradle.messaging.dispatch.ReflectionDispatch.dispatch(ReflectionDispatch.java:24)
	at org.gradle.messaging.dispatch.ContextClassLoaderDispatch.dispatch(ContextClassLoaderDispatch.java:32)
	at org.gradle.messaging.dispatch.ProxyDispatchAdapter$DispatchingInvocationHandler.invoke(ProxyDispatchAdapter.java:93)
	at com.sun.proxy.$Proxy2.processTestClass(Unknown Source)
	at org.gradle.api.internal.tasks.testing.worker.TestWorker.processTestClass(TestWorker.java:105)
	at sun.reflect.NativeMethodAccessorImpl.invoke0(Native Method)
	at sun.reflect.NativeMethodAccessorImpl.invoke(NativeMethodAccessorImpl.java:57)
	at sun.reflect.DelegatingMethodAccessorImpl.invoke(DelegatingMethodAccessorImpl.java:43)
	at java.lang.reflect.Method.invoke(Method.java:606)
	at org.gradle.messaging.dispatch.ReflectionDispatch.dispatch(ReflectionDispatch.java:35)
	at org.gradle.messaging.dispatch.ReflectionDispatch.dispatch(ReflectionDispatch.java:24)
	at org.gradle.messaging.remote.internal.hub.MessageHub$Handler.run(MessageHub.java:360)
	at org.gradle.internal.concurrent.DefaultExecutorFactory$StoppableExecutorImpl$1.run(DefaultExecutorFactory.java:64)
	at java.util.concurrent.ThreadPoolExecutor.runWorker(ThreadPoolExecutor.java:1145)
	at java.util.concurrent.ThreadPoolExecutor$Worker.run(ThreadPoolExecutor.java:615)
	at java.lang.Thread.run(Thread.java:744)
Caused by: Can't construct a java object for tag:yaml.org,2002:co.freeside.betamax.tape.yaml.YamlTape; exception=Cannot create property=interactions for JavaBean=Tape[scheduling]; Cannot create property=response for JavaBean=co.freeside.betamax.tape.RecordedInteraction@349909e4; Cannot create property=headers for JavaBean=co.freeside.betamax.message.tape.RecordedResponse@6ca8a7af; null; Can't construct a java object for tag:yaml.org,2002:org.codehaus.groovy.runtime.GStringImpl; exception=java.lang.NoSuchMethodException: org.codehaus.groovy.runtime.GStringImpl.&lt;init&gt;()
 in &quot;&lt;reader&gt;&quot;, line 1, column 1:
    !tape
    ^

	at org.yaml.snakeyaml.constructor.Constructor$ConstructYamlObject.construct(Constructor.java:333)
	at org.yaml.snakeyaml.constructor.BaseConstructor.constructObject(BaseConstructor.java:182)
	at org.yaml.snakeyaml.constructor.BaseConstructor.constructDocument(BaseConstructor.java:141)
	at org.yaml.snakeyaml.constructor.BaseConstructor.getSingleData(BaseConstructor.java:127)
	at org.yaml.snakeyaml.Yaml.loadFromReader(Yaml.java:480)
	at org.yaml.snakeyaml.Yaml.loadAs(Yaml.java:440)
	at org.yaml.snakeyaml.Yaml$loadAs.call(Unknown Source)
	at co.freeside.betamax.tape.yaml.YamlTape.readFrom(YamlTape.groovy:41)
	... 83 more
Caused by: org.yaml.snakeyaml.error.YAMLException: Cannot create property=interactions for JavaBean=Tape[scheduling]; Cannot create property=response for JavaBean=co.freeside.betamax.tape.RecordedInteraction@349909e4; Cannot create property=headers for JavaBean=co.freeside.betamax.message.tape.RecordedResponse@6ca8a7af; null; Can't construct a java object for tag:yaml.org,2002:org.codehaus.groovy.runtime.GStringImpl; exception=java.lang.NoSuchMethodException: org.codehaus.groovy.runtime.GStringImpl.&lt;init&gt;()
	at org.yaml.snakeyaml.constructor.Constructor$ConstructMapping.constructJavaBean2ndStep(Constructor.java:299)
	at org.yaml.snakeyaml.constructor.Constructor$ConstructMapping.construct(Constructor.java:189)
	at org.yaml.snakeyaml.constructor.Constructor$ConstructYamlObject.construct(Constructor.java:331)
	... 90 more
Caused by: org.yaml.snakeyaml.error.YAMLException: Cannot create property=response for JavaBean=co.freeside.betamax.tape.RecordedInteraction@349909e4; Cannot create property=headers for JavaBean=co.freeside.betamax.message.tape.RecordedResponse@6ca8a7af; null; Can't construct a java object for tag:yaml.org,2002:org.codehaus.groovy.runtime.GStringImpl; exception=java.lang.NoSuchMethodException: org.codehaus.groovy.runtime.GStringImpl.&lt;init&gt;()
	at org.yaml.snakeyaml.constructor.Constructor$ConstructMapping.constructJavaBean2ndStep(Constructor.java:299)
	at org.yaml.snakeyaml.constructor.Constructor$ConstructMapping.construct(Constructor.java:189)
	at org.yaml.snakeyaml.constructor.BaseConstructor.constructObject(BaseConstructor.java:182)
	at org.yaml.snakeyaml.constructor.BaseConstructor.constructSequenceStep2(BaseConstructor.java:276)
	at org.yaml.snakeyaml.constructor.BaseConstructor.constructSequence(BaseConstructor.java:247)
	at org.yaml.snakeyaml.constructor.Constructor$ConstructSequence.construct(Constructor.java:510)
	at org.yaml.snakeyaml.constructor.BaseConstructor.constructObject(BaseConstructor.java:182)
	at org.yaml.snakeyaml.constructor.Constructor$ConstructMapping.constructJavaBean2ndStep(Constructor.java:296)
	... 92 more
Caused by: org.yaml.snakeyaml.error.YAMLException: Cannot create property=headers for JavaBean=co.freeside.betamax.message.tape.RecordedResponse@6ca8a7af; null; Can't construct a java object for tag:yaml.org,2002:org.codehaus.groovy.runtime.GStringImpl; exception=java.lang.NoSuchMethodException: org.codehaus.groovy.runtime.GStringImpl.&lt;init&gt;()
	at org.yaml.snakeyaml.constructor.Constructor$ConstructMapping.constructJavaBean2ndStep(Constructor.java:299)
	at org.yaml.snakeyaml.constructor.Constructor$ConstructMapping.construct(Constructor.java:189)
	at org.yaml.snakeyaml.constructor.BaseConstructor.constructObject(BaseConstructor.java:182)
	at org.yaml.snakeyaml.constructor.Constructor$ConstructMapping.constructJavaBean2ndStep(Constructor.java:296)
	... 99 more
Caused by: Can't construct a java object for tag:yaml.org,2002:org.codehaus.groovy.runtime.GStringImpl; exception=java.lang.NoSuchMethodException: org.codehaus.groovy.runtime.GStringImpl.&lt;init&gt;()
 in &quot;&lt;reader&gt;&quot;, line 25, column 18:
          X-Betamax: !!org.codehaus.groovy.runtime.GS ... 
                     ^

	at org.yaml.snakeyaml.constructor.Constructor$ConstructYamlObject.construct(Constructor.java:333)
	at org.yaml.snakeyaml.constructor.BaseConstructor.constructObject(BaseConstructor.java:182)
	at org.yaml.snakeyaml.constructor.BaseConstructor.constructMapping2ndStep(BaseConstructor.java:325)
	at org.yaml.snakeyaml.constructor.SafeConstructor.constructMapping2ndStep(SafeConstructor.java:145)
	at org.yaml.snakeyaml.constructor.BaseConstructor.constructMapping(BaseConstructor.java:306)
	at org.yaml.snakeyaml.constructor.Constructor$ConstructMapping.construct(Constructor.java:170)
	at org.yaml.snakeyaml.constructor.BaseConstructor.constructObject(BaseConstructor.java:182)
	at org.yaml.snakeyaml.constructor.Constructor$ConstructMapping.constructJavaBean2ndStep(Constructor.java:296)
	... 102 more
Caused by: org.yaml.snakeyaml.error.YAMLException: java.lang.NoSuchMethodException: org.codehaus.groovy.runtime.GStringImpl.&lt;init&gt;()
	at org.yaml.snakeyaml.constructor.Constructor$ConstructMapping.createEmptyJavaBean(Constructor.java:219)
	at org.yaml.snakeyaml.constructor.Constructor$ConstructMapping.construct(Constructor.java:189)
	at org.yaml.snakeyaml.constructor.Constructor$ConstructYamlObject.construct(Constructor.java:331)
	... 109 more
Caused by: java.lang.NoSuchMethodException: org.codehaus.groovy.runtime.GStringImpl.&lt;init&gt;()
	at java.lang.Class.getConstructor0(Class.java:2810)
	at java.lang.Class.getDeclaredConstructor(Class.java:2053)
	at org.yaml.snakeyaml.constructor.Constructor$ConstructMapping.createEmptyJavaBean(Constructor.java:215)
	... 111 more
</failure>
  </testcase>
  <testcase name="showSchedulerTest" classname="com.pokitdok.tests.PokitDokTest" time="0.12">
    <failure message="co.freeside.betamax.tape.TapeLoadException: Invalid tape" type="co.freeside.betamax.tape.TapeLoadException">co.freeside.betamax.tape.TapeLoadException: Invalid tape
	at sun.reflect.NativeConstructorAccessorImpl.newInstance0(Native Method)
	at sun.reflect.NativeConstructorAccessorImpl.newInstance(NativeConstructorAccessorImpl.java:57)
	at sun.reflect.DelegatingConstructorAccessorImpl.newInstance(DelegatingConstructorAccessorImpl.java:45)
	at java.lang.reflect.Constructor.newInstance(Constructor.java:526)
	at org.codehaus.groovy.reflection.CachedConstructor.invoke(CachedConstructor.java:77)
	at org.codehaus.groovy.runtime.callsite.ConstructorSite$ConstructorSiteNoUnwrapNoCoerce.callConstructor(ConstructorSite.java:102)
	at org.codehaus.groovy.runtime.callsite.AbstractCallSite.callConstructor(AbstractCallSite.java:194)
	at co.freeside.betamax.tape.yaml.YamlTape.readFrom(YamlTape.groovy:43)
	at co.freeside.betamax.tape.yaml.YamlTape$readFrom.call(Unknown Source)
	at co.freeside.betamax.tape.yaml.YamlTapeLoader$_loadTape_closure1.doCall(YamlTapeLoader.groovy:41)
	at sun.reflect.GeneratedMethodAccessor74.invoke(Unknown Source)
	at sun.reflect.DelegatingMethodAccessorImpl.invoke(DelegatingMethodAccessorImpl.java:43)
	at java.lang.reflect.Method.invoke(Method.java:606)
	at org.codehaus.groovy.reflection.CachedMethod.invoke(CachedMethod.java:90)
	at groovy.lang.MetaMethod.doMethodInvoke(MetaMethod.java:233)
	at org.codehaus.groovy.runtime.metaclass.ClosureMetaClass.invokeMethod(ClosureMetaClass.java:272)
	at groovy.lang.MetaClassImpl.invokeMethod(MetaClassImpl.java:909)
	at groovy.lang.Closure.call(Closure.java:423)
	at groovy.lang.Closure.call(Closure.java:439)
	at org.codehaus.groovy.runtime.IOGroovyMethods.withReader(IOGroovyMethods.java:1159)
	at org.codehaus.groovy.runtime.ResourceGroovyMethods.withReader(ResourceGroovyMethods.java:1501)
	at org.codehaus.groovy.runtime.dgm$878.invoke(Unknown Source)
	at org.codehaus.groovy.runtime.callsite.PojoMetaMethodSite$PojoMetaMethodSiteNoUnwrapNoCoerce.invoke(PojoMetaMethodSite.java:271)
	at org.codehaus.groovy.runtime.callsite.PojoMetaMethodSite.call(PojoMetaMethodSite.java:53)
	at org.codehaus.groovy.runtime.callsite.AbstractCallSite.call(AbstractCallSite.java:120)
	at co.freeside.betamax.tape.yaml.YamlTapeLoader.loadTape(YamlTapeLoader.groovy:40)
	at co.freeside.betamax.tape.yaml.YamlTapeLoader.loadTape(YamlTapeLoader.groovy)
	at co.freeside.betamax.tape.TapeLoader$loadTape.call(Unknown Source)
	at co.freeside.betamax.Recorder.insertTape(Recorder.groovy:121)
	at co.freeside.betamax.Recorder$insertTape$1.callCurrent(Unknown Source)
	at co.freeside.betamax.Recorder.startProxy(Recorder.groovy:200)
	at co.freeside.betamax.Recorder.this$2$startProxy(Recorder.groovy)
	at co.freeside.betamax.Recorder$this$2$startProxy$0.callCurrent(Unknown Source)
	at co.freeside.betamax.Recorder.withTape(Recorder.groovy:167)
	at sun.reflect.GeneratedMethodAccessor57.invoke(Unknown Source)
	at sun.reflect.DelegatingMethodAccessorImpl.invoke(DelegatingMethodAccessorImpl.java:43)
	at java.lang.reflect.Method.invoke(Method.java:606)
	at org.codehaus.groovy.reflection.CachedMethod.invoke(CachedMethod.java:90)
	at groovy.lang.MetaMethod.doMethodInvoke(MetaMethod.java:233)
	at groovy.lang.MetaClassImpl.invokeMethod(MetaClassImpl.java:1085)
	at org.codehaus.groovy.runtime.ScriptBytecodeAdapter.invokeMethodOnCurrentN(ScriptBytecodeAdapter.java:78)
	at co.freeside.betamax.Recorder.this$dist$invoke$2(Recorder.groovy)
	at co.freeside.betamax.Recorder$1.methodMissing(Recorder.groovy)
	at sun.reflect.GeneratedMethodAccessor56.invoke(Unknown Source)
	at sun.reflect.DelegatingMethodAccessorImpl.invoke(DelegatingMethodAccessorImpl.java:43)
	at java.lang.reflect.Method.invoke(Method.java:606)
	at org.codehaus.groovy.reflection.CachedMethod.invoke(CachedMethod.java:90)
	at groovy.lang.MetaClassImpl.invokeMissingMethod(MetaClassImpl.java:837)
	at groovy.lang.MetaClassImpl.invokePropertyOrMissing(MetaClassImpl.java:1134)
	at groovy.lang.MetaClassImpl.invokeMethod(MetaClassImpl.java:1087)
	at groovy.lang.MetaClassImpl.invokeMethod(MetaClassImpl.java:909)
	at org.codehaus.groovy.runtime.callsite.PogoMetaClassSite.callCurrent(PogoMetaClassSite.java:66)
	at org.codehaus.groovy.runtime.callsite.AbstractCallSite.callCurrent(AbstractCallSite.java:149)
	at co.freeside.betamax.Recorder$1.evaluate(Recorder.groovy:185)
	at org.junit.runners.ParentRunner.runLeaf(ParentRunner.java:263)
	at org.junit.runners.BlockJUnit4ClassRunner.runChild(BlockJUnit4ClassRunner.java:68)
	at org.junit.runners.BlockJUnit4ClassRunner.runChild(BlockJUnit4ClassRunner.java:47)
	at org.junit.runners.ParentRunner$3.run(ParentRunner.java:231)
	at org.junit.runners.ParentRunner$1.schedule(ParentRunner.java:60)
	at org.junit.runners.ParentRunner.runChildren(ParentRunner.java:229)
	at org.junit.runners.ParentRunner.access$000(ParentRunner.java:50)
	at org.junit.runners.ParentRunner$2.evaluate(ParentRunner.java:222)
	at org.junit.runners.ParentRunner.run(ParentRunner.java:300)
	at org.gradle.api.internal.tasks.testing.junit.JUnitTestClassExecuter.runTestClass(JUnitTestClassExecuter.java:86)
	at org.gradle.api.internal.tasks.testing.junit.JUnitTestClassExecuter.execute(JUnitTestClassExecuter.java:49)
	at org.gradle.api.internal.tasks.testing.junit.JUnitTestClassProcessor.processTestClass(JUnitTestClassProcessor.java:69)
	at org.gradle.api.internal.tasks.testing.SuiteTestClassProcessor.processTestClass(SuiteTestClassProcessor.java:48)
	at sun.reflect.NativeMethodAccessorImpl.invoke0(Native Method)
	at sun.reflect.NativeMethodAccessorImpl.invoke(NativeMethodAccessorImpl.java:57)
	at sun.reflect.DelegatingMethodAccessorImpl.invoke(DelegatingMethodAccessorImpl.java:43)
	at java.lang.reflect.Method.invoke(Method.java:606)
	at org.gradle.messaging.dispatch.ReflectionDispatch.dispatch(ReflectionDispatch.java:35)
	at org.gradle.messaging.dispatch.ReflectionDispatch.dispatch(ReflectionDispatch.java:24)
	at org.gradle.messaging.dispatch.ContextClassLoaderDispatch.dispatch(ContextClassLoaderDispatch.java:32)
	at org.gradle.messaging.dispatch.ProxyDispatchAdapter$DispatchingInvocationHandler.invoke(ProxyDispatchAdapter.java:93)
	at com.sun.proxy.$Proxy2.processTestClass(Unknown Source)
	at org.gradle.api.internal.tasks.testing.worker.TestWorker.processTestClass(TestWorker.java:105)
	at sun.reflect.NativeMethodAccessorImpl.invoke0(Native Method)
	at sun.reflect.NativeMethodAccessorImpl.invoke(NativeMethodAccessorImpl.java:57)
	at sun.reflect.DelegatingMethodAccessorImpl.invoke(DelegatingMethodAccessorImpl.java:43)
	at java.lang.reflect.Method.invoke(Method.java:606)
	at org.gradle.messaging.dispatch.ReflectionDispatch.dispatch(ReflectionDispatch.java:35)
	at org.gradle.messaging.dispatch.ReflectionDispatch.dispatch(ReflectionDispatch.java:24)
	at org.gradle.messaging.remote.internal.hub.MessageHub$Handler.run(MessageHub.java:360)
	at org.gradle.internal.concurrent.DefaultExecutorFactory$StoppableExecutorImpl$1.run(DefaultExecutorFactory.java:64)
	at java.util.concurrent.ThreadPoolExecutor.runWorker(ThreadPoolExecutor.java:1145)
	at java.util.concurrent.ThreadPoolExecutor$Worker.run(ThreadPoolExecutor.java:615)
	at java.lang.Thread.run(Thread.java:744)
Caused by: Can't construct a java object for tag:yaml.org,2002:co.freeside.betamax.tape.yaml.YamlTape; exception=Cannot create property=interactions for JavaBean=Tape[scheduling]; Cannot create property=response for JavaBean=co.freeside.betamax.tape.RecordedInteraction@2880770d; Cannot create property=headers for JavaBean=co.freeside.betamax.message.tape.RecordedResponse@18bbe3dd; null; Can't construct a java object for tag:yaml.org,2002:org.codehaus.groovy.runtime.GStringImpl; exception=java.lang.NoSuchMethodException: org.codehaus.groovy.runtime.GStringImpl.&lt;init&gt;()
 in &quot;&lt;reader&gt;&quot;, line 1, column 1:
    !tape
    ^

	at org.yaml.snakeyaml.constructor.Constructor$ConstructYamlObject.construct(Constructor.java:333)
	at org.yaml.snakeyaml.constructor.BaseConstructor.constructObject(BaseConstructor.java:182)
	at org.yaml.snakeyaml.constructor.BaseConstructor.constructDocument(BaseConstructor.java:141)
	at org.yaml.snakeyaml.constructor.BaseConstructor.getSingleData(BaseConstructor.java:127)
	at org.yaml.snakeyaml.Yaml.loadFromReader(Yaml.java:480)
	at org.yaml.snakeyaml.Yaml.loadAs(Yaml.java:440)
	at org.yaml.snakeyaml.Yaml$loadAs.call(Unknown Source)
	at co.freeside.betamax.tape.yaml.YamlTape.readFrom(YamlTape.groovy:41)
	... 80 more
Caused by: org.yaml.snakeyaml.error.YAMLException: Cannot create property=interactions for JavaBean=Tape[scheduling]; Cannot create property=response for JavaBean=co.freeside.betamax.tape.RecordedInteraction@2880770d; Cannot create property=headers for JavaBean=co.freeside.betamax.message.tape.RecordedResponse@18bbe3dd; null; Can't construct a java object for tag:yaml.org,2002:org.codehaus.groovy.runtime.GStringImpl; exception=java.lang.NoSuchMethodException: org.codehaus.groovy.runtime.GStringImpl.&lt;init&gt;()
	at org.yaml.snakeyaml.constructor.Constructor$ConstructMapping.constructJavaBean2ndStep(Constructor.java:299)
	at org.yaml.snakeyaml.constructor.Constructor$ConstructMapping.construct(Constructor.java:189)
	at org.yaml.snakeyaml.constructor.Constructor$ConstructYamlObject.construct(Constructor.java:331)
	... 87 more
Caused by: org.yaml.snakeyaml.error.YAMLException: Cannot create property=response for JavaBean=co.freeside.betamax.tape.RecordedInteraction@2880770d; Cannot create property=headers for JavaBean=co.freeside.betamax.message.tape.RecordedResponse@18bbe3dd; null; Can't construct a java object for tag:yaml.org,2002:org.codehaus.groovy.runtime.GStringImpl; exception=java.lang.NoSuchMethodException: org.codehaus.groovy.runtime.GStringImpl.&lt;init&gt;()
	at org.yaml.snakeyaml.constructor.Constructor$ConstructMapping.constructJavaBean2ndStep(Constructor.java:299)
	at org.yaml.snakeyaml.constructor.Constructor$ConstructMapping.construct(Constructor.java:189)
	at org.yaml.snakeyaml.constructor.BaseConstructor.constructObject(BaseConstructor.java:182)
	at org.yaml.snakeyaml.constructor.BaseConstructor.constructSequenceStep2(BaseConstructor.java:276)
	at org.yaml.snakeyaml.constructor.BaseConstructor.constructSequence(BaseConstructor.java:247)
	at org.yaml.snakeyaml.constructor.Constructor$ConstructSequence.construct(Constructor.java:510)
	at org.yaml.snakeyaml.constructor.BaseConstructor.constructObject(BaseConstructor.java:182)
	at org.yaml.snakeyaml.constructor.Constructor$ConstructMapping.constructJavaBean2ndStep(Constructor.java:296)
	... 89 more
Caused by: org.yaml.snakeyaml.error.YAMLException: Cannot create property=headers for JavaBean=co.freeside.betamax.message.tape.RecordedResponse@18bbe3dd; null; Can't construct a java object for tag:yaml.org,2002:org.codehaus.groovy.runtime.GStringImpl; exception=java.lang.NoSuchMethodException: org.codehaus.groovy.runtime.GStringImpl.&lt;init&gt;()
	at org.yaml.snakeyaml.constructor.Constructor$ConstructMapping.constructJavaBean2ndStep(Constructor.java:299)
	at org.yaml.snakeyaml.constructor.Constructor$ConstructMapping.construct(Constructor.java:189)
	at org.yaml.snakeyaml.constructor.BaseConstructor.constructObject(BaseConstructor.java:182)
	at org.yaml.snakeyaml.constructor.Constructor$ConstructMapping.constructJavaBean2ndStep(Constructor.java:296)
	... 96 more
Caused by: Can't construct a java object for tag:yaml.org,2002:org.codehaus.groovy.runtime.GStringImpl; exception=java.lang.NoSuchMethodException: org.codehaus.groovy.runtime.GStringImpl.&lt;init&gt;()
 in &quot;&lt;reader&gt;&quot;, line 25, column 18:
          X-Betamax: !!org.codehaus.groovy.runtime.GS ... 
                     ^

	at org.yaml.snakeyaml.constructor.Constructor$ConstructYamlObject.construct(Constructor.java:333)
	at org.yaml.snakeyaml.constructor.BaseConstructor.constructObject(BaseConstructor.java:182)
	at org.yaml.snakeyaml.constructor.BaseConstructor.constructMapping2ndStep(BaseConstructor.java:325)
	at org.yaml.snakeyaml.constructor.SafeConstructor.constructMapping2ndStep(SafeConstructor.java:145)
	at org.yaml.snakeyaml.constructor.BaseConstructor.constructMapping(BaseConstructor.java:306)
	at org.yaml.snakeyaml.constructor.Constructor$ConstructMapping.construct(Constructor.java:170)
	at org.yaml.snakeyaml.constructor.BaseConstructor.constructObject(BaseConstructor.java:182)
	at org.yaml.snakeyaml.constructor.Constructor$ConstructMapping.constructJavaBean2ndStep(Constructor.java:296)
	... 99 more
Caused by: org.yaml.snakeyaml.error.YAMLException: java.lang.NoSuchMethodException: org.codehaus.groovy.runtime.GStringImpl.&lt;init&gt;()
	at org.yaml.snakeyaml.constructor.Constructor$ConstructMapping.createEmptyJavaBean(Constructor.java:219)
	at org.yaml.snakeyaml.constructor.Constructor$ConstructMapping.construct(Constructor.java:189)
	at org.yaml.snakeyaml.constructor.Constructor$ConstructYamlObject.construct(Constructor.java:331)
	... 106 more
Caused by: java.lang.NoSuchMethodException: org.codehaus.groovy.runtime.GStringImpl.&lt;init&gt;()
	at java.lang.Class.getConstructor0(Class.java:2810)
	at java.lang.Class.getDeclaredConstructor(Class.java:2053)
	at org.yaml.snakeyaml.constructor.Constructor$ConstructMapping.createEmptyJavaBean(Constructor.java:215)
	... 108 more
</failure>
  </testcase>
  <testcase name="listAppointmentTypesTest" classname="com.pokitdok.tests.PokitDokTest" time="0.12">
    <failure message="co.freeside.betamax.tape.TapeLoadException: Invalid tape" type="co.freeside.betamax.tape.TapeLoadException">co.freeside.betamax.tape.TapeLoadException: Invalid tape
	at sun.reflect.NativeConstructorAccessorImpl.newInstance0(Native Method)
	at sun.reflect.NativeConstructorAccessorImpl.newInstance(NativeConstructorAccessorImpl.java:57)
	at sun.reflect.DelegatingConstructorAccessorImpl.newInstance(DelegatingConstructorAccessorImpl.java:45)
	at java.lang.reflect.Constructor.newInstance(Constructor.java:526)
	at org.codehaus.groovy.reflection.CachedConstructor.invoke(CachedConstructor.java:77)
	at org.codehaus.groovy.runtime.callsite.ConstructorSite$ConstructorSiteNoUnwrapNoCoerce.callConstructor(ConstructorSite.java:102)
	at org.codehaus.groovy.runtime.callsite.AbstractCallSite.callConstructor(AbstractCallSite.java:194)
	at co.freeside.betamax.tape.yaml.YamlTape.readFrom(YamlTape.groovy:43)
	at co.freeside.betamax.tape.yaml.YamlTape$readFrom.call(Unknown Source)
	at co.freeside.betamax.tape.yaml.YamlTapeLoader$_loadTape_closure1.doCall(YamlTapeLoader.groovy:41)
	at sun.reflect.GeneratedMethodAccessor74.invoke(Unknown Source)
	at sun.reflect.DelegatingMethodAccessorImpl.invoke(DelegatingMethodAccessorImpl.java:43)
	at java.lang.reflect.Method.invoke(Method.java:606)
	at org.codehaus.groovy.reflection.CachedMethod.invoke(CachedMethod.java:90)
	at groovy.lang.MetaMethod.doMethodInvoke(MetaMethod.java:233)
	at org.codehaus.groovy.runtime.metaclass.ClosureMetaClass.invokeMethod(ClosureMetaClass.java:272)
	at groovy.lang.MetaClassImpl.invokeMethod(MetaClassImpl.java:909)
	at groovy.lang.Closure.call(Closure.java:423)
	at groovy.lang.Closure.call(Closure.java:439)
	at org.codehaus.groovy.runtime.IOGroovyMethods.withReader(IOGroovyMethods.java:1159)
	at org.codehaus.groovy.runtime.ResourceGroovyMethods.withReader(ResourceGroovyMethods.java:1501)
	at org.codehaus.groovy.runtime.dgm$878.invoke(Unknown Source)
	at org.codehaus.groovy.runtime.callsite.PojoMetaMethodSite$PojoMetaMethodSiteNoUnwrapNoCoerce.invoke(PojoMetaMethodSite.java:271)
	at org.codehaus.groovy.runtime.callsite.PojoMetaMethodSite.call(PojoMetaMethodSite.java:53)
	at org.codehaus.groovy.runtime.callsite.AbstractCallSite.call(AbstractCallSite.java:120)
	at co.freeside.betamax.tape.yaml.YamlTapeLoader.loadTape(YamlTapeLoader.groovy:40)
	at co.freeside.betamax.tape.yaml.YamlTapeLoader.loadTape(YamlTapeLoader.groovy)
	at co.freeside.betamax.tape.TapeLoader$loadTape.call(Unknown Source)
	at co.freeside.betamax.Recorder.insertTape(Recorder.groovy:121)
	at co.freeside.betamax.Recorder$insertTape$1.callCurrent(Unknown Source)
	at co.freeside.betamax.Recorder.startProxy(Recorder.groovy:200)
	at co.freeside.betamax.Recorder.this$2$startProxy(Recorder.groovy)
	at co.freeside.betamax.Recorder$this$2$startProxy$0.callCurrent(Unknown Source)
	at co.freeside.betamax.Recorder.withTape(Recorder.groovy:167)
	at sun.reflect.GeneratedMethodAccessor57.invoke(Unknown Source)
	at sun.reflect.DelegatingMethodAccessorImpl.invoke(DelegatingMethodAccessorImpl.java:43)
	at java.lang.reflect.Method.invoke(Method.java:606)
	at org.codehaus.groovy.reflection.CachedMethod.invoke(CachedMethod.java:90)
	at groovy.lang.MetaMethod.doMethodInvoke(MetaMethod.java:233)
	at groovy.lang.MetaClassImpl.invokeMethod(MetaClassImpl.java:1085)
	at org.codehaus.groovy.runtime.ScriptBytecodeAdapter.invokeMethodOnCurrentN(ScriptBytecodeAdapter.java:78)
	at co.freeside.betamax.Recorder.this$dist$invoke$2(Recorder.groovy)
	at co.freeside.betamax.Recorder$1.methodMissing(Recorder.groovy)
	at sun.reflect.GeneratedMethodAccessor56.invoke(Unknown Source)
	at sun.reflect.DelegatingMethodAccessorImpl.invoke(DelegatingMethodAccessorImpl.java:43)
	at java.lang.reflect.Method.invoke(Method.java:606)
	at org.codehaus.groovy.reflection.CachedMethod.invoke(CachedMethod.java:90)
	at groovy.lang.MetaClassImpl.invokeMissingMethod(MetaClassImpl.java:837)
	at groovy.lang.MetaClassImpl.invokePropertyOrMissing(MetaClassImpl.java:1134)
	at groovy.lang.MetaClassImpl.invokeMethod(MetaClassImpl.java:1087)
	at groovy.lang.MetaClassImpl.invokeMethod(MetaClassImpl.java:909)
	at org.codehaus.groovy.runtime.callsite.PogoMetaClassSite.callCurrent(PogoMetaClassSite.java:66)
	at org.codehaus.groovy.runtime.callsite.AbstractCallSite.callCurrent(AbstractCallSite.java:149)
	at co.freeside.betamax.Recorder$1.evaluate(Recorder.groovy:185)
	at org.junit.runners.ParentRunner.runLeaf(ParentRunner.java:263)
	at org.junit.runners.BlockJUnit4ClassRunner.runChild(BlockJUnit4ClassRunner.java:68)
	at org.junit.runners.BlockJUnit4ClassRunner.runChild(BlockJUnit4ClassRunner.java:47)
	at org.junit.runners.ParentRunner$3.run(ParentRunner.java:231)
	at org.junit.runners.ParentRunner$1.schedule(ParentRunner.java:60)
	at org.junit.runners.ParentRunner.runChildren(ParentRunner.java:229)
	at org.junit.runners.ParentRunner.access$000(ParentRunner.java:50)
	at org.junit.runners.ParentRunner$2.evaluate(ParentRunner.java:222)
	at org.junit.runners.ParentRunner.run(ParentRunner.java:300)
	at org.gradle.api.internal.tasks.testing.junit.JUnitTestClassExecuter.runTestClass(JUnitTestClassExecuter.java:86)
	at org.gradle.api.internal.tasks.testing.junit.JUnitTestClassExecuter.execute(JUnitTestClassExecuter.java:49)
	at org.gradle.api.internal.tasks.testing.junit.JUnitTestClassProcessor.processTestClass(JUnitTestClassProcessor.java:69)
	at org.gradle.api.internal.tasks.testing.SuiteTestClassProcessor.processTestClass(SuiteTestClassProcessor.java:48)
	at sun.reflect.NativeMethodAccessorImpl.invoke0(Native Method)
	at sun.reflect.NativeMethodAccessorImpl.invoke(NativeMethodAccessorImpl.java:57)
	at sun.reflect.DelegatingMethodAccessorImpl.invoke(DelegatingMethodAccessorImpl.java:43)
	at java.lang.reflect.Method.invoke(Method.java:606)
	at org.gradle.messaging.dispatch.ReflectionDispatch.dispatch(ReflectionDispatch.java:35)
	at org.gradle.messaging.dispatch.ReflectionDispatch.dispatch(ReflectionDispatch.java:24)
	at org.gradle.messaging.dispatch.ContextClassLoaderDispatch.dispatch(ContextClassLoaderDispatch.java:32)
	at org.gradle.messaging.dispatch.ProxyDispatchAdapter$DispatchingInvocationHandler.invoke(ProxyDispatchAdapter.java:93)
	at com.sun.proxy.$Proxy2.processTestClass(Unknown Source)
	at org.gradle.api.internal.tasks.testing.worker.TestWorker.processTestClass(TestWorker.java:105)
	at sun.reflect.NativeMethodAccessorImpl.invoke0(Native Method)
	at sun.reflect.NativeMethodAccessorImpl.invoke(NativeMethodAccessorImpl.java:57)
	at sun.reflect.DelegatingMethodAccessorImpl.invoke(DelegatingMethodAccessorImpl.java:43)
	at java.lang.reflect.Method.invoke(Method.java:606)
	at org.gradle.messaging.dispatch.ReflectionDispatch.dispatch(ReflectionDispatch.java:35)
	at org.gradle.messaging.dispatch.ReflectionDispatch.dispatch(ReflectionDispatch.java:24)
	at org.gradle.messaging.remote.internal.hub.MessageHub$Handler.run(MessageHub.java:360)
	at org.gradle.internal.concurrent.DefaultExecutorFactory$StoppableExecutorImpl$1.run(DefaultExecutorFactory.java:64)
	at java.util.concurrent.ThreadPoolExecutor.runWorker(ThreadPoolExecutor.java:1145)
	at java.util.concurrent.ThreadPoolExecutor$Worker.run(ThreadPoolExecutor.java:615)
	at java.lang.Thread.run(Thread.java:744)
Caused by: Can't construct a java object for tag:yaml.org,2002:co.freeside.betamax.tape.yaml.YamlTape; exception=Cannot create property=interactions for JavaBean=Tape[scheduling]; Cannot create property=response for JavaBean=co.freeside.betamax.tape.RecordedInteraction@7148820c; Cannot create property=headers for JavaBean=co.freeside.betamax.message.tape.RecordedResponse@5e595ecd; null; Can't construct a java object for tag:yaml.org,2002:org.codehaus.groovy.runtime.GStringImpl; exception=java.lang.NoSuchMethodException: org.codehaus.groovy.runtime.GStringImpl.&lt;init&gt;()
 in &quot;&lt;reader&gt;&quot;, line 1, column 1:
    !tape
    ^

	at org.yaml.snakeyaml.constructor.Constructor$ConstructYamlObject.construct(Constructor.java:333)
	at org.yaml.snakeyaml.constructor.BaseConstructor.constructObject(BaseConstructor.java:182)
	at org.yaml.snakeyaml.constructor.BaseConstructor.constructDocument(BaseConstructor.java:141)
	at org.yaml.snakeyaml.constructor.BaseConstructor.getSingleData(BaseConstructor.java:127)
	at org.yaml.snakeyaml.Yaml.loadFromReader(Yaml.java:480)
	at org.yaml.snakeyaml.Yaml.loadAs(Yaml.java:440)
	at org.yaml.snakeyaml.Yaml$loadAs.call(Unknown Source)
	at co.freeside.betamax.tape.yaml.YamlTape.readFrom(YamlTape.groovy:41)
	... 80 more
Caused by: org.yaml.snakeyaml.error.YAMLException: Cannot create property=interactions for JavaBean=Tape[scheduling]; Cannot create property=response for JavaBean=co.freeside.betamax.tape.RecordedInteraction@7148820c; Cannot create property=headers for JavaBean=co.freeside.betamax.message.tape.RecordedResponse@5e595ecd; null; Can't construct a java object for tag:yaml.org,2002:org.codehaus.groovy.runtime.GStringImpl; exception=java.lang.NoSuchMethodException: org.codehaus.groovy.runtime.GStringImpl.&lt;init&gt;()
	at org.yaml.snakeyaml.constructor.Constructor$ConstructMapping.constructJavaBean2ndStep(Constructor.java:299)
	at org.yaml.snakeyaml.constructor.Constructor$ConstructMapping.construct(Constructor.java:189)
	at org.yaml.snakeyaml.constructor.Constructor$ConstructYamlObject.construct(Constructor.java:331)
	... 87 more
Caused by: org.yaml.snakeyaml.error.YAMLException: Cannot create property=response for JavaBean=co.freeside.betamax.tape.RecordedInteraction@7148820c; Cannot create property=headers for JavaBean=co.freeside.betamax.message.tape.RecordedResponse@5e595ecd; null; Can't construct a java object for tag:yaml.org,2002:org.codehaus.groovy.runtime.GStringImpl; exception=java.lang.NoSuchMethodException: org.codehaus.groovy.runtime.GStringImpl.&lt;init&gt;()
	at org.yaml.snakeyaml.constructor.Constructor$ConstructMapping.constructJavaBean2ndStep(Constructor.java:299)
	at org.yaml.snakeyaml.constructor.Constructor$ConstructMapping.construct(Constructor.java:189)
	at org.yaml.snakeyaml.constructor.BaseConstructor.constructObject(BaseConstructor.java:182)
	at org.yaml.snakeyaml.constructor.BaseConstructor.constructSequenceStep2(BaseConstructor.java:276)
	at org.yaml.snakeyaml.constructor.BaseConstructor.constructSequence(BaseConstructor.java:247)
	at org.yaml.snakeyaml.constructor.Constructor$ConstructSequence.construct(Constructor.java:510)
	at org.yaml.snakeyaml.constructor.BaseConstructor.constructObject(BaseConstructor.java:182)
	at org.yaml.snakeyaml.constructor.Constructor$ConstructMapping.constructJavaBean2ndStep(Constructor.java:296)
	... 89 more
Caused by: org.yaml.snakeyaml.error.YAMLException: Cannot create property=headers for JavaBean=co.freeside.betamax.message.tape.RecordedResponse@5e595ecd; null; Can't construct a java object for tag:yaml.org,2002:org.codehaus.groovy.runtime.GStringImpl; exception=java.lang.NoSuchMethodException: org.codehaus.groovy.runtime.GStringImpl.&lt;init&gt;()
	at org.yaml.snakeyaml.constructor.Constructor$ConstructMapping.constructJavaBean2ndStep(Constructor.java:299)
	at org.yaml.snakeyaml.constructor.Constructor$ConstructMapping.construct(Constructor.java:189)
	at org.yaml.snakeyaml.constructor.BaseConstructor.constructObject(BaseConstructor.java:182)
	at org.yaml.snakeyaml.constructor.Constructor$ConstructMapping.constructJavaBean2ndStep(Constructor.java:296)
	... 96 more
Caused by: Can't construct a java object for tag:yaml.org,2002:org.codehaus.groovy.runtime.GStringImpl; exception=java.lang.NoSuchMethodException: org.codehaus.groovy.runtime.GStringImpl.&lt;init&gt;()
 in &quot;&lt;reader&gt;&quot;, line 25, column 18:
          X-Betamax: !!org.codehaus.groovy.runtime.GS ... 
                     ^

	at org.yaml.snakeyaml.constructor.Constructor$ConstructYamlObject.construct(Constructor.java:333)
	at org.yaml.snakeyaml.constructor.BaseConstructor.constructObject(BaseConstructor.java:182)
	at org.yaml.snakeyaml.constructor.BaseConstructor.constructMapping2ndStep(BaseConstructor.java:325)
	at org.yaml.snakeyaml.constructor.SafeConstructor.constructMapping2ndStep(SafeConstructor.java:145)
	at org.yaml.snakeyaml.constructor.BaseConstructor.constructMapping(BaseConstructor.java:306)
	at org.yaml.snakeyaml.constructor.Constructor$ConstructMapping.construct(Constructor.java:170)
	at org.yaml.snakeyaml.constructor.BaseConstructor.constructObject(BaseConstructor.java:182)
	at org.yaml.snakeyaml.constructor.Constructor$ConstructMapping.constructJavaBean2ndStep(Constructor.java:296)
	... 99 more
Caused by: org.yaml.snakeyaml.error.YAMLException: java.lang.NoSuchMethodException: org.codehaus.groovy.runtime.GStringImpl.&lt;init&gt;()
	at org.yaml.snakeyaml.constructor.Constructor$ConstructMapping.createEmptyJavaBean(Constructor.java:219)
	at org.yaml.snakeyaml.constructor.Constructor$ConstructMapping.construct(Constructor.java:189)
	at org.yaml.snakeyaml.constructor.Constructor$ConstructYamlObject.construct(Constructor.java:331)
	... 106 more
Caused by: java.lang.NoSuchMethodException: org.codehaus.groovy.runtime.GStringImpl.&lt;init&gt;()
	at java.lang.Class.getConstructor0(Class.java:2810)
	at java.lang.Class.getDeclaredConstructor(Class.java:2053)
	at org.yaml.snakeyaml.constructor.Constructor$ConstructMapping.createEmptyJavaBean(Constructor.java:215)
	... 108 more
</failure>
  </testcase>
  <testcase name="showAppointmentTypeTest" classname="com.pokitdok.tests.PokitDokTest" time="0.12">
    <failure message="co.freeside.betamax.tape.TapeLoadException: Invalid tape" type="co.freeside.betamax.tape.TapeLoadException">co.freeside.betamax.tape.TapeLoadException: Invalid tape
	at sun.reflect.NativeConstructorAccessorImpl.newInstance0(Native Method)
	at sun.reflect.NativeConstructorAccessorImpl.newInstance(NativeConstructorAccessorImpl.java:57)
	at sun.reflect.DelegatingConstructorAccessorImpl.newInstance(DelegatingConstructorAccessorImpl.java:45)
	at java.lang.reflect.Constructor.newInstance(Constructor.java:526)
	at org.codehaus.groovy.reflection.CachedConstructor.invoke(CachedConstructor.java:77)
	at org.codehaus.groovy.runtime.callsite.ConstructorSite$ConstructorSiteNoUnwrapNoCoerce.callConstructor(ConstructorSite.java:102)
	at org.codehaus.groovy.runtime.callsite.AbstractCallSite.callConstructor(AbstractCallSite.java:194)
	at co.freeside.betamax.tape.yaml.YamlTape.readFrom(YamlTape.groovy:43)
	at co.freeside.betamax.tape.yaml.YamlTape$readFrom.call(Unknown Source)
	at co.freeside.betamax.tape.yaml.YamlTapeLoader$_loadTape_closure1.doCall(YamlTapeLoader.groovy:41)
	at sun.reflect.GeneratedMethodAccessor74.invoke(Unknown Source)
	at sun.reflect.DelegatingMethodAccessorImpl.invoke(DelegatingMethodAccessorImpl.java:43)
	at java.lang.reflect.Method.invoke(Method.java:606)
	at org.codehaus.groovy.reflection.CachedMethod.invoke(CachedMethod.java:90)
	at groovy.lang.MetaMethod.doMethodInvoke(MetaMethod.java:233)
	at org.codehaus.groovy.runtime.metaclass.ClosureMetaClass.invokeMethod(ClosureMetaClass.java:272)
	at groovy.lang.MetaClassImpl.invokeMethod(MetaClassImpl.java:909)
	at groovy.lang.Closure.call(Closure.java:423)
	at groovy.lang.Closure.call(Closure.java:439)
	at org.codehaus.groovy.runtime.IOGroovyMethods.withReader(IOGroovyMethods.java:1159)
	at org.codehaus.groovy.runtime.ResourceGroovyMethods.withReader(ResourceGroovyMethods.java:1501)
	at org.codehaus.groovy.runtime.dgm$878.invoke(Unknown Source)
	at org.codehaus.groovy.runtime.callsite.PojoMetaMethodSite$PojoMetaMethodSiteNoUnwrapNoCoerce.invoke(PojoMetaMethodSite.java:271)
	at org.codehaus.groovy.runtime.callsite.PojoMetaMethodSite.call(PojoMetaMethodSite.java:53)
	at org.codehaus.groovy.runtime.callsite.AbstractCallSite.call(AbstractCallSite.java:120)
	at co.freeside.betamax.tape.yaml.YamlTapeLoader.loadTape(YamlTapeLoader.groovy:40)
	at co.freeside.betamax.tape.yaml.YamlTapeLoader.loadTape(YamlTapeLoader.groovy)
	at co.freeside.betamax.tape.TapeLoader$loadTape.call(Unknown Source)
	at co.freeside.betamax.Recorder.insertTape(Recorder.groovy:121)
	at co.freeside.betamax.Recorder$insertTape$1.callCurrent(Unknown Source)
	at co.freeside.betamax.Recorder.startProxy(Recorder.groovy:200)
	at co.freeside.betamax.Recorder.this$2$startProxy(Recorder.groovy)
	at co.freeside.betamax.Recorder$this$2$startProxy$0.callCurrent(Unknown Source)
	at co.freeside.betamax.Recorder.withTape(Recorder.groovy:167)
	at sun.reflect.GeneratedMethodAccessor57.invoke(Unknown Source)
	at sun.reflect.DelegatingMethodAccessorImpl.invoke(DelegatingMethodAccessorImpl.java:43)
	at java.lang.reflect.Method.invoke(Method.java:606)
	at org.codehaus.groovy.reflection.CachedMethod.invoke(CachedMethod.java:90)
	at groovy.lang.MetaMethod.doMethodInvoke(MetaMethod.java:233)
	at groovy.lang.MetaClassImpl.invokeMethod(MetaClassImpl.java:1085)
	at org.codehaus.groovy.runtime.ScriptBytecodeAdapter.invokeMethodOnCurrentN(ScriptBytecodeAdapter.java:78)
	at co.freeside.betamax.Recorder.this$dist$invoke$2(Recorder.groovy)
	at co.freeside.betamax.Recorder$1.methodMissing(Recorder.groovy)
	at sun.reflect.GeneratedMethodAccessor56.invoke(Unknown Source)
	at sun.reflect.DelegatingMethodAccessorImpl.invoke(DelegatingMethodAccessorImpl.java:43)
	at java.lang.reflect.Method.invoke(Method.java:606)
	at org.codehaus.groovy.reflection.CachedMethod.invoke(CachedMethod.java:90)
	at groovy.lang.MetaClassImpl.invokeMissingMethod(MetaClassImpl.java:837)
	at groovy.lang.MetaClassImpl.invokePropertyOrMissing(MetaClassImpl.java:1134)
	at groovy.lang.MetaClassImpl.invokeMethod(MetaClassImpl.java:1087)
	at groovy.lang.MetaClassImpl.invokeMethod(MetaClassImpl.java:909)
	at org.codehaus.groovy.runtime.callsite.PogoMetaClassSite.callCurrent(PogoMetaClassSite.java:66)
	at org.codehaus.groovy.runtime.callsite.AbstractCallSite.callCurrent(AbstractCallSite.java:149)
	at co.freeside.betamax.Recorder$1.evaluate(Recorder.groovy:185)
	at org.junit.runners.ParentRunner.runLeaf(ParentRunner.java:263)
	at org.junit.runners.BlockJUnit4ClassRunner.runChild(BlockJUnit4ClassRunner.java:68)
	at org.junit.runners.BlockJUnit4ClassRunner.runChild(BlockJUnit4ClassRunner.java:47)
	at org.junit.runners.ParentRunner$3.run(ParentRunner.java:231)
	at org.junit.runners.ParentRunner$1.schedule(ParentRunner.java:60)
	at org.junit.runners.ParentRunner.runChildren(ParentRunner.java:229)
	at org.junit.runners.ParentRunner.access$000(ParentRunner.java:50)
	at org.junit.runners.ParentRunner$2.evaluate(ParentRunner.java:222)
	at org.junit.runners.ParentRunner.run(ParentRunner.java:300)
	at org.gradle.api.internal.tasks.testing.junit.JUnitTestClassExecuter.runTestClass(JUnitTestClassExecuter.java:86)
	at org.gradle.api.internal.tasks.testing.junit.JUnitTestClassExecuter.execute(JUnitTestClassExecuter.java:49)
	at org.gradle.api.internal.tasks.testing.junit.JUnitTestClassProcessor.processTestClass(JUnitTestClassProcessor.java:69)
	at org.gradle.api.internal.tasks.testing.SuiteTestClassProcessor.processTestClass(SuiteTestClassProcessor.java:48)
	at sun.reflect.NativeMethodAccessorImpl.invoke0(Native Method)
	at sun.reflect.NativeMethodAccessorImpl.invoke(NativeMethodAccessorImpl.java:57)
	at sun.reflect.DelegatingMethodAccessorImpl.invoke(DelegatingMethodAccessorImpl.java:43)
	at java.lang.reflect.Method.invoke(Method.java:606)
	at org.gradle.messaging.dispatch.ReflectionDispatch.dispatch(ReflectionDispatch.java:35)
	at org.gradle.messaging.dispatch.ReflectionDispatch.dispatch(ReflectionDispatch.java:24)
	at org.gradle.messaging.dispatch.ContextClassLoaderDispatch.dispatch(ContextClassLoaderDispatch.java:32)
	at org.gradle.messaging.dispatch.ProxyDispatchAdapter$DispatchingInvocationHandler.invoke(ProxyDispatchAdapter.java:93)
	at com.sun.proxy.$Proxy2.processTestClass(Unknown Source)
	at org.gradle.api.internal.tasks.testing.worker.TestWorker.processTestClass(TestWorker.java:105)
	at sun.reflect.NativeMethodAccessorImpl.invoke0(Native Method)
	at sun.reflect.NativeMethodAccessorImpl.invoke(NativeMethodAccessorImpl.java:57)
	at sun.reflect.DelegatingMethodAccessorImpl.invoke(DelegatingMethodAccessorImpl.java:43)
	at java.lang.reflect.Method.invoke(Method.java:606)
	at org.gradle.messaging.dispatch.ReflectionDispatch.dispatch(ReflectionDispatch.java:35)
	at org.gradle.messaging.dispatch.ReflectionDispatch.dispatch(ReflectionDispatch.java:24)
	at org.gradle.messaging.remote.internal.hub.MessageHub$Handler.run(MessageHub.java:360)
	at org.gradle.internal.concurrent.DefaultExecutorFactory$StoppableExecutorImpl$1.run(DefaultExecutorFactory.java:64)
	at java.util.concurrent.ThreadPoolExecutor.runWorker(ThreadPoolExecutor.java:1145)
	at java.util.concurrent.ThreadPoolExecutor$Worker.run(ThreadPoolExecutor.java:615)
	at java.lang.Thread.run(Thread.java:744)
Caused by: Can't construct a java object for tag:yaml.org,2002:co.freeside.betamax.tape.yaml.YamlTape; exception=Cannot create property=interactions for JavaBean=Tape[scheduling]; Cannot create property=response for JavaBean=co.freeside.betamax.tape.RecordedInteraction@37b98284; Cannot create property=headers for JavaBean=co.freeside.betamax.message.tape.RecordedResponse@7dee8a4b; null; Can't construct a java object for tag:yaml.org,2002:org.codehaus.groovy.runtime.GStringImpl; exception=java.lang.NoSuchMethodException: org.codehaus.groovy.runtime.GStringImpl.&lt;init&gt;()
 in &quot;&lt;reader&gt;&quot;, line 1, column 1:
    !tape
    ^

	at org.yaml.snakeyaml.constructor.Constructor$ConstructYamlObject.construct(Constructor.java:333)
	at org.yaml.snakeyaml.constructor.BaseConstructor.constructObject(BaseConstructor.java:182)
	at org.yaml.snakeyaml.constructor.BaseConstructor.constructDocument(BaseConstructor.java:141)
	at org.yaml.snakeyaml.constructor.BaseConstructor.getSingleData(BaseConstructor.java:127)
	at org.yaml.snakeyaml.Yaml.loadFromReader(Yaml.java:480)
	at org.yaml.snakeyaml.Yaml.loadAs(Yaml.java:440)
	at org.yaml.snakeyaml.Yaml$loadAs.call(Unknown Source)
	at co.freeside.betamax.tape.yaml.YamlTape.readFrom(YamlTape.groovy:41)
	... 80 more
Caused by: org.yaml.snakeyaml.error.YAMLException: Cannot create property=interactions for JavaBean=Tape[scheduling]; Cannot create property=response for JavaBean=co.freeside.betamax.tape.RecordedInteraction@37b98284; Cannot create property=headers for JavaBean=co.freeside.betamax.message.tape.RecordedResponse@7dee8a4b; null; Can't construct a java object for tag:yaml.org,2002:org.codehaus.groovy.runtime.GStringImpl; exception=java.lang.NoSuchMethodException: org.codehaus.groovy.runtime.GStringImpl.&lt;init&gt;()
	at org.yaml.snakeyaml.constructor.Constructor$ConstructMapping.constructJavaBean2ndStep(Constructor.java:299)
	at org.yaml.snakeyaml.constructor.Constructor$ConstructMapping.construct(Constructor.java:189)
	at org.yaml.snakeyaml.constructor.Constructor$ConstructYamlObject.construct(Constructor.java:331)
	... 87 more
Caused by: org.yaml.snakeyaml.error.YAMLException: Cannot create property=response for JavaBean=co.freeside.betamax.tape.RecordedInteraction@37b98284; Cannot create property=headers for JavaBean=co.freeside.betamax.message.tape.RecordedResponse@7dee8a4b; null; Can't construct a java object for tag:yaml.org,2002:org.codehaus.groovy.runtime.GStringImpl; exception=java.lang.NoSuchMethodException: org.codehaus.groovy.runtime.GStringImpl.&lt;init&gt;()
	at org.yaml.snakeyaml.constructor.Constructor$ConstructMapping.constructJavaBean2ndStep(Constructor.java:299)
	at org.yaml.snakeyaml.constructor.Constructor$ConstructMapping.construct(Constructor.java:189)
	at org.yaml.snakeyaml.constructor.BaseConstructor.constructObject(BaseConstructor.java:182)
	at org.yaml.snakeyaml.constructor.BaseConstructor.constructSequenceStep2(BaseConstructor.java:276)
	at org.yaml.snakeyaml.constructor.BaseConstructor.constructSequence(BaseConstructor.java:247)
	at org.yaml.snakeyaml.constructor.Constructor$ConstructSequence.construct(Constructor.java:510)
	at org.yaml.snakeyaml.constructor.BaseConstructor.constructObject(BaseConstructor.java:182)
	at org.yaml.snakeyaml.constructor.Constructor$ConstructMapping.constructJavaBean2ndStep(Constructor.java:296)
	... 89 more
Caused by: org.yaml.snakeyaml.error.YAMLException: Cannot create property=headers for JavaBean=co.freeside.betamax.message.tape.RecordedResponse@7dee8a4b; null; Can't construct a java object for tag:yaml.org,2002:org.codehaus.groovy.runtime.GStringImpl; exception=java.lang.NoSuchMethodException: org.codehaus.groovy.runtime.GStringImpl.&lt;init&gt;()
	at org.yaml.snakeyaml.constructor.Constructor$ConstructMapping.constructJavaBean2ndStep(Constructor.java:299)
	at org.yaml.snakeyaml.constructor.Constructor$ConstructMapping.construct(Constructor.java:189)
	at org.yaml.snakeyaml.constructor.BaseConstructor.constructObject(BaseConstructor.java:182)
	at org.yaml.snakeyaml.constructor.Constructor$ConstructMapping.constructJavaBean2ndStep(Constructor.java:296)
	... 96 more
Caused by: Can't construct a java object for tag:yaml.org,2002:org.codehaus.groovy.runtime.GStringImpl; exception=java.lang.NoSuchMethodException: org.codehaus.groovy.runtime.GStringImpl.&lt;init&gt;()
 in &quot;&lt;reader&gt;&quot;, line 25, column 18:
          X-Betamax: !!org.codehaus.groovy.runtime.GS ... 
                     ^

	at org.yaml.snakeyaml.constructor.Constructor$ConstructYamlObject.construct(Constructor.java:333)
	at org.yaml.snakeyaml.constructor.BaseConstructor.constructObject(BaseConstructor.java:182)
	at org.yaml.snakeyaml.constructor.BaseConstructor.constructMapping2ndStep(BaseConstructor.java:325)
	at org.yaml.snakeyaml.constructor.SafeConstructor.constructMapping2ndStep(SafeConstructor.java:145)
	at org.yaml.snakeyaml.constructor.BaseConstructor.constructMapping(BaseConstructor.java:306)
	at org.yaml.snakeyaml.constructor.Constructor$ConstructMapping.construct(Constructor.java:170)
	at org.yaml.snakeyaml.constructor.BaseConstructor.constructObject(BaseConstructor.java:182)
	at org.yaml.snakeyaml.constructor.Constructor$ConstructMapping.constructJavaBean2ndStep(Constructor.java:296)
	... 99 more
Caused by: org.yaml.snakeyaml.error.YAMLException: java.lang.NoSuchMethodException: org.codehaus.groovy.runtime.GStringImpl.&lt;init&gt;()
	at org.yaml.snakeyaml.constructor.Constructor$ConstructMapping.createEmptyJavaBean(Constructor.java:219)
	at org.yaml.snakeyaml.constructor.Constructor$ConstructMapping.construct(Constructor.java:189)
	at org.yaml.snakeyaml.constructor.Constructor$ConstructYamlObject.construct(Constructor.java:331)
	... 106 more
Caused by: java.lang.NoSuchMethodException: org.codehaus.groovy.runtime.GStringImpl.&lt;init&gt;()
	at java.lang.Class.getConstructor0(Class.java:2810)
	at java.lang.Class.getDeclaredConstructor(Class.java:2053)
	at org.yaml.snakeyaml.constructor.Constructor$ConstructMapping.createEmptyJavaBean(Constructor.java:215)
	... 108 more
</failure>
  </testcase>
  <testcase name="bookAppointmentTest" classname="com.pokitdok.tests.PokitDokTest" time="0.12">
    <failure message="co.freeside.betamax.tape.TapeLoadException: Invalid tape" type="co.freeside.betamax.tape.TapeLoadException">co.freeside.betamax.tape.TapeLoadException: Invalid tape
	at sun.reflect.NativeConstructorAccessorImpl.newInstance0(Native Method)
	at sun.reflect.NativeConstructorAccessorImpl.newInstance(NativeConstructorAccessorImpl.java:57)
	at sun.reflect.DelegatingConstructorAccessorImpl.newInstance(DelegatingConstructorAccessorImpl.java:45)
	at java.lang.reflect.Constructor.newInstance(Constructor.java:526)
	at org.codehaus.groovy.reflection.CachedConstructor.invoke(CachedConstructor.java:77)
	at org.codehaus.groovy.runtime.callsite.ConstructorSite$ConstructorSiteNoUnwrapNoCoerce.callConstructor(ConstructorSite.java:102)
	at org.codehaus.groovy.runtime.callsite.AbstractCallSite.callConstructor(AbstractCallSite.java:194)
	at co.freeside.betamax.tape.yaml.YamlTape.readFrom(YamlTape.groovy:43)
	at co.freeside.betamax.tape.yaml.YamlTape$readFrom.call(Unknown Source)
	at co.freeside.betamax.tape.yaml.YamlTapeLoader$_loadTape_closure1.doCall(YamlTapeLoader.groovy:41)
	at sun.reflect.GeneratedMethodAccessor74.invoke(Unknown Source)
	at sun.reflect.DelegatingMethodAccessorImpl.invoke(DelegatingMethodAccessorImpl.java:43)
	at java.lang.reflect.Method.invoke(Method.java:606)
	at org.codehaus.groovy.reflection.CachedMethod.invoke(CachedMethod.java:90)
	at groovy.lang.MetaMethod.doMethodInvoke(MetaMethod.java:233)
	at org.codehaus.groovy.runtime.metaclass.ClosureMetaClass.invokeMethod(ClosureMetaClass.java:272)
	at groovy.lang.MetaClassImpl.invokeMethod(MetaClassImpl.java:909)
	at groovy.lang.Closure.call(Closure.java:423)
	at groovy.lang.Closure.call(Closure.java:439)
	at org.codehaus.groovy.runtime.IOGroovyMethods.withReader(IOGroovyMethods.java:1159)
	at org.codehaus.groovy.runtime.ResourceGroovyMethods.withReader(ResourceGroovyMethods.java:1501)
	at org.codehaus.groovy.runtime.dgm$878.invoke(Unknown Source)
	at org.codehaus.groovy.runtime.callsite.PojoMetaMethodSite$PojoMetaMethodSiteNoUnwrapNoCoerce.invoke(PojoMetaMethodSite.java:271)
	at org.codehaus.groovy.runtime.callsite.PojoMetaMethodSite.call(PojoMetaMethodSite.java:53)
	at org.codehaus.groovy.runtime.callsite.AbstractCallSite.call(AbstractCallSite.java:120)
	at co.freeside.betamax.tape.yaml.YamlTapeLoader.loadTape(YamlTapeLoader.groovy:40)
	at co.freeside.betamax.tape.yaml.YamlTapeLoader.loadTape(YamlTapeLoader.groovy)
	at co.freeside.betamax.tape.TapeLoader$loadTape.call(Unknown Source)
	at co.freeside.betamax.Recorder.insertTape(Recorder.groovy:121)
	at co.freeside.betamax.Recorder$insertTape$1.callCurrent(Unknown Source)
	at co.freeside.betamax.Recorder.startProxy(Recorder.groovy:200)
	at co.freeside.betamax.Recorder.this$2$startProxy(Recorder.groovy)
	at co.freeside.betamax.Recorder$this$2$startProxy$0.callCurrent(Unknown Source)
	at co.freeside.betamax.Recorder.withTape(Recorder.groovy:167)
	at sun.reflect.GeneratedMethodAccessor57.invoke(Unknown Source)
	at sun.reflect.DelegatingMethodAccessorImpl.invoke(DelegatingMethodAccessorImpl.java:43)
	at java.lang.reflect.Method.invoke(Method.java:606)
	at org.codehaus.groovy.reflection.CachedMethod.invoke(CachedMethod.java:90)
	at groovy.lang.MetaMethod.doMethodInvoke(MetaMethod.java:233)
	at groovy.lang.MetaClassImpl.invokeMethod(MetaClassImpl.java:1085)
	at org.codehaus.groovy.runtime.ScriptBytecodeAdapter.invokeMethodOnCurrentN(ScriptBytecodeAdapter.java:78)
	at co.freeside.betamax.Recorder.this$dist$invoke$2(Recorder.groovy)
	at co.freeside.betamax.Recorder$1.methodMissing(Recorder.groovy)
	at sun.reflect.GeneratedMethodAccessor56.invoke(Unknown Source)
	at sun.reflect.DelegatingMethodAccessorImpl.invoke(DelegatingMethodAccessorImpl.java:43)
	at java.lang.reflect.Method.invoke(Method.java:606)
	at org.codehaus.groovy.reflection.CachedMethod.invoke(CachedMethod.java:90)
	at groovy.lang.MetaClassImpl.invokeMissingMethod(MetaClassImpl.java:837)
	at groovy.lang.MetaClassImpl.invokePropertyOrMissing(MetaClassImpl.java:1134)
	at groovy.lang.MetaClassImpl.invokeMethod(MetaClassImpl.java:1087)
	at groovy.lang.MetaClassImpl.invokeMethod(MetaClassImpl.java:909)
	at org.codehaus.groovy.runtime.callsite.PogoMetaClassSite.callCurrent(PogoMetaClassSite.java:66)
	at org.codehaus.groovy.runtime.callsite.AbstractCallSite.callCurrent(AbstractCallSite.java:149)
	at co.freeside.betamax.Recorder$1.evaluate(Recorder.groovy:185)
	at org.junit.runners.ParentRunner.runLeaf(ParentRunner.java:263)
	at org.junit.runners.BlockJUnit4ClassRunner.runChild(BlockJUnit4ClassRunner.java:68)
	at org.junit.runners.BlockJUnit4ClassRunner.runChild(BlockJUnit4ClassRunner.java:47)
	at org.junit.runners.ParentRunner$3.run(ParentRunner.java:231)
	at org.junit.runners.ParentRunner$1.schedule(ParentRunner.java:60)
	at org.junit.runners.ParentRunner.runChildren(ParentRunner.java:229)
	at org.junit.runners.ParentRunner.access$000(ParentRunner.java:50)
	at org.junit.runners.ParentRunner$2.evaluate(ParentRunner.java:222)
	at org.junit.runners.ParentRunner.run(ParentRunner.java:300)
	at org.gradle.api.internal.tasks.testing.junit.JUnitTestClassExecuter.runTestClass(JUnitTestClassExecuter.java:86)
	at org.gradle.api.internal.tasks.testing.junit.JUnitTestClassExecuter.execute(JUnitTestClassExecuter.java:49)
	at org.gradle.api.internal.tasks.testing.junit.JUnitTestClassProcessor.processTestClass(JUnitTestClassProcessor.java:69)
	at org.gradle.api.internal.tasks.testing.SuiteTestClassProcessor.processTestClass(SuiteTestClassProcessor.java:48)
	at sun.reflect.NativeMethodAccessorImpl.invoke0(Native Method)
	at sun.reflect.NativeMethodAccessorImpl.invoke(NativeMethodAccessorImpl.java:57)
	at sun.reflect.DelegatingMethodAccessorImpl.invoke(DelegatingMethodAccessorImpl.java:43)
	at java.lang.reflect.Method.invoke(Method.java:606)
	at org.gradle.messaging.dispatch.ReflectionDispatch.dispatch(ReflectionDispatch.java:35)
	at org.gradle.messaging.dispatch.ReflectionDispatch.dispatch(ReflectionDispatch.java:24)
	at org.gradle.messaging.dispatch.ContextClassLoaderDispatch.dispatch(ContextClassLoaderDispatch.java:32)
	at org.gradle.messaging.dispatch.ProxyDispatchAdapter$DispatchingInvocationHandler.invoke(ProxyDispatchAdapter.java:93)
	at com.sun.proxy.$Proxy2.processTestClass(Unknown Source)
	at org.gradle.api.internal.tasks.testing.worker.TestWorker.processTestClass(TestWorker.java:105)
	at sun.reflect.NativeMethodAccessorImpl.invoke0(Native Method)
	at sun.reflect.NativeMethodAccessorImpl.invoke(NativeMethodAccessorImpl.java:57)
	at sun.reflect.DelegatingMethodAccessorImpl.invoke(DelegatingMethodAccessorImpl.java:43)
	at java.lang.reflect.Method.invoke(Method.java:606)
	at org.gradle.messaging.dispatch.ReflectionDispatch.dispatch(ReflectionDispatch.java:35)
	at org.gradle.messaging.dispatch.ReflectionDispatch.dispatch(ReflectionDispatch.java:24)
	at org.gradle.messaging.remote.internal.hub.MessageHub$Handler.run(MessageHub.java:360)
	at org.gradle.internal.concurrent.DefaultExecutorFactory$StoppableExecutorImpl$1.run(DefaultExecutorFactory.java:64)
	at java.util.concurrent.ThreadPoolExecutor.runWorker(ThreadPoolExecutor.java:1145)
	at java.util.concurrent.ThreadPoolExecutor$Worker.run(ThreadPoolExecutor.java:615)
	at java.lang.Thread.run(Thread.java:744)
Caused by: Can't construct a java object for tag:yaml.org,2002:co.freeside.betamax.tape.yaml.YamlTape; exception=Cannot create property=interactions for JavaBean=Tape[scheduling]; Cannot create property=response for JavaBean=co.freeside.betamax.tape.RecordedInteraction@6bac124; Cannot create property=headers for JavaBean=co.freeside.betamax.message.tape.RecordedResponse@66d9e68; null; Can't construct a java object for tag:yaml.org,2002:org.codehaus.groovy.runtime.GStringImpl; exception=java.lang.NoSuchMethodException: org.codehaus.groovy.runtime.GStringImpl.&lt;init&gt;()
 in &quot;&lt;reader&gt;&quot;, line 1, column 1:
    !tape
    ^

	at org.yaml.snakeyaml.constructor.Constructor$ConstructYamlObject.construct(Constructor.java:333)
	at org.yaml.snakeyaml.constructor.BaseConstructor.constructObject(BaseConstructor.java:182)
	at org.yaml.snakeyaml.constructor.BaseConstructor.constructDocument(BaseConstructor.java:141)
	at org.yaml.snakeyaml.constructor.BaseConstructor.getSingleData(BaseConstructor.java:127)
	at org.yaml.snakeyaml.Yaml.loadFromReader(Yaml.java:480)
	at org.yaml.snakeyaml.Yaml.loadAs(Yaml.java:440)
	at org.yaml.snakeyaml.Yaml$loadAs.call(Unknown Source)
	at co.freeside.betamax.tape.yaml.YamlTape.readFrom(YamlTape.groovy:41)
	... 80 more
Caused by: org.yaml.snakeyaml.error.YAMLException: Cannot create property=interactions for JavaBean=Tape[scheduling]; Cannot create property=response for JavaBean=co.freeside.betamax.tape.RecordedInteraction@6bac124; Cannot create property=headers for JavaBean=co.freeside.betamax.message.tape.RecordedResponse@66d9e68; null; Can't construct a java object for tag:yaml.org,2002:org.codehaus.groovy.runtime.GStringImpl; exception=java.lang.NoSuchMethodException: org.codehaus.groovy.runtime.GStringImpl.&lt;init&gt;()
	at org.yaml.snakeyaml.constructor.Constructor$ConstructMapping.constructJavaBean2ndStep(Constructor.java:299)
	at org.yaml.snakeyaml.constructor.Constructor$ConstructMapping.construct(Constructor.java:189)
	at org.yaml.snakeyaml.constructor.Constructor$ConstructYamlObject.construct(Constructor.java:331)
	... 87 more
Caused by: org.yaml.snakeyaml.error.YAMLException: Cannot create property=response for JavaBean=co.freeside.betamax.tape.RecordedInteraction@6bac124; Cannot create property=headers for JavaBean=co.freeside.betamax.message.tape.RecordedResponse@66d9e68; null; Can't construct a java object for tag:yaml.org,2002:org.codehaus.groovy.runtime.GStringImpl; exception=java.lang.NoSuchMethodException: org.codehaus.groovy.runtime.GStringImpl.&lt;init&gt;()
	at org.yaml.snakeyaml.constructor.Constructor$ConstructMapping.constructJavaBean2ndStep(Constructor.java:299)
	at org.yaml.snakeyaml.constructor.Constructor$ConstructMapping.construct(Constructor.java:189)
	at org.yaml.snakeyaml.constructor.BaseConstructor.constructObject(BaseConstructor.java:182)
	at org.yaml.snakeyaml.constructor.BaseConstructor.constructSequenceStep2(BaseConstructor.java:276)
	at org.yaml.snakeyaml.constructor.BaseConstructor.constructSequence(BaseConstructor.java:247)
	at org.yaml.snakeyaml.constructor.Constructor$ConstructSequence.construct(Constructor.java:510)
	at org.yaml.snakeyaml.constructor.BaseConstructor.constructObject(BaseConstructor.java:182)
	at org.yaml.snakeyaml.constructor.Constructor$ConstructMapping.constructJavaBean2ndStep(Constructor.java:296)
	... 89 more
Caused by: org.yaml.snakeyaml.error.YAMLException: Cannot create property=headers for JavaBean=co.freeside.betamax.message.tape.RecordedResponse@66d9e68; null; Can't construct a java object for tag:yaml.org,2002:org.codehaus.groovy.runtime.GStringImpl; exception=java.lang.NoSuchMethodException: org.codehaus.groovy.runtime.GStringImpl.&lt;init&gt;()
	at org.yaml.snakeyaml.constructor.Constructor$ConstructMapping.constructJavaBean2ndStep(Constructor.java:299)
	at org.yaml.snakeyaml.constructor.Constructor$ConstructMapping.construct(Constructor.java:189)
	at org.yaml.snakeyaml.constructor.BaseConstructor.constructObject(BaseConstructor.java:182)
	at org.yaml.snakeyaml.constructor.Constructor$ConstructMapping.constructJavaBean2ndStep(Constructor.java:296)
	... 96 more
Caused by: Can't construct a java object for tag:yaml.org,2002:org.codehaus.groovy.runtime.GStringImpl; exception=java.lang.NoSuchMethodException: org.codehaus.groovy.runtime.GStringImpl.&lt;init&gt;()
 in &quot;&lt;reader&gt;&quot;, line 25, column 18:
          X-Betamax: !!org.codehaus.groovy.runtime.GS ... 
                     ^

	at org.yaml.snakeyaml.constructor.Constructor$ConstructYamlObject.construct(Constructor.java:333)
	at org.yaml.snakeyaml.constructor.BaseConstructor.constructObject(BaseConstructor.java:182)
	at org.yaml.snakeyaml.constructor.BaseConstructor.constructMapping2ndStep(BaseConstructor.java:325)
	at org.yaml.snakeyaml.constructor.SafeConstructor.constructMapping2ndStep(SafeConstructor.java:145)
	at org.yaml.snakeyaml.constructor.BaseConstructor.constructMapping(BaseConstructor.java:306)
	at org.yaml.snakeyaml.constructor.Constructor$ConstructMapping.construct(Constructor.java:170)
	at org.yaml.snakeyaml.constructor.BaseConstructor.constructObject(BaseConstructor.java:182)
	at org.yaml.snakeyaml.constructor.Constructor$ConstructMapping.constructJavaBean2ndStep(Constructor.java:296)
	... 99 more
Caused by: org.yaml.snakeyaml.error.YAMLException: java.lang.NoSuchMethodException: org.codehaus.groovy.runtime.GStringImpl.&lt;init&gt;()
	at org.yaml.snakeyaml.constructor.Constructor$ConstructMapping.createEmptyJavaBean(Constructor.java:219)
	at org.yaml.snakeyaml.constructor.Constructor$ConstructMapping.construct(Constructor.java:189)
	at org.yaml.snakeyaml.constructor.Constructor$ConstructYamlObject.construct(Constructor.java:331)
	... 106 more
Caused by: java.lang.NoSuchMethodException: org.codehaus.groovy.runtime.GStringImpl.&lt;init&gt;()
	at java.lang.Class.getConstructor0(Class.java:2810)
	at java.lang.Class.getDeclaredConstructor(Class.java:2053)
	at org.yaml.snakeyaml.constructor.Constructor$ConstructMapping.createEmptyJavaBean(Constructor.java:215)
	... 108 more
</failure>
  </testcase>
  <testcase name="updateAppointmentTest" classname="com.pokitdok.tests.PokitDokTest" time="0.12">
    <failure message="co.freeside.betamax.tape.TapeLoadException: Invalid tape" type="co.freeside.betamax.tape.TapeLoadException">co.freeside.betamax.tape.TapeLoadException: Invalid tape
	at sun.reflect.NativeConstructorAccessorImpl.newInstance0(Native Method)
	at sun.reflect.NativeConstructorAccessorImpl.newInstance(NativeConstructorAccessorImpl.java:57)
	at sun.reflect.DelegatingConstructorAccessorImpl.newInstance(DelegatingConstructorAccessorImpl.java:45)
	at java.lang.reflect.Constructor.newInstance(Constructor.java:526)
	at org.codehaus.groovy.reflection.CachedConstructor.invoke(CachedConstructor.java:77)
	at org.codehaus.groovy.runtime.callsite.ConstructorSite$ConstructorSiteNoUnwrapNoCoerce.callConstructor(ConstructorSite.java:102)
	at org.codehaus.groovy.runtime.callsite.AbstractCallSite.callConstructor(AbstractCallSite.java:194)
	at co.freeside.betamax.tape.yaml.YamlTape.readFrom(YamlTape.groovy:43)
	at co.freeside.betamax.tape.yaml.YamlTape$readFrom.call(Unknown Source)
	at co.freeside.betamax.tape.yaml.YamlTapeLoader$_loadTape_closure1.doCall(YamlTapeLoader.groovy:41)
	at sun.reflect.GeneratedMethodAccessor74.invoke(Unknown Source)
	at sun.reflect.DelegatingMethodAccessorImpl.invoke(DelegatingMethodAccessorImpl.java:43)
	at java.lang.reflect.Method.invoke(Method.java:606)
	at org.codehaus.groovy.reflection.CachedMethod.invoke(CachedMethod.java:90)
	at groovy.lang.MetaMethod.doMethodInvoke(MetaMethod.java:233)
	at org.codehaus.groovy.runtime.metaclass.ClosureMetaClass.invokeMethod(ClosureMetaClass.java:272)
	at groovy.lang.MetaClassImpl.invokeMethod(MetaClassImpl.java:909)
	at groovy.lang.Closure.call(Closure.java:423)
	at groovy.lang.Closure.call(Closure.java:439)
	at org.codehaus.groovy.runtime.IOGroovyMethods.withReader(IOGroovyMethods.java:1159)
	at org.codehaus.groovy.runtime.ResourceGroovyMethods.withReader(ResourceGroovyMethods.java:1501)
	at org.codehaus.groovy.runtime.dgm$878.invoke(Unknown Source)
	at org.codehaus.groovy.runtime.callsite.PojoMetaMethodSite$PojoMetaMethodSiteNoUnwrapNoCoerce.invoke(PojoMetaMethodSite.java:271)
	at org.codehaus.groovy.runtime.callsite.PojoMetaMethodSite.call(PojoMetaMethodSite.java:53)
	at org.codehaus.groovy.runtime.callsite.AbstractCallSite.call(AbstractCallSite.java:120)
	at co.freeside.betamax.tape.yaml.YamlTapeLoader.loadTape(YamlTapeLoader.groovy:40)
	at co.freeside.betamax.tape.yaml.YamlTapeLoader.loadTape(YamlTapeLoader.groovy)
	at co.freeside.betamax.tape.TapeLoader$loadTape.call(Unknown Source)
	at co.freeside.betamax.Recorder.insertTape(Recorder.groovy:121)
	at co.freeside.betamax.Recorder$insertTape$1.callCurrent(Unknown Source)
	at co.freeside.betamax.Recorder.startProxy(Recorder.groovy:200)
	at co.freeside.betamax.Recorder.this$2$startProxy(Recorder.groovy)
	at co.freeside.betamax.Recorder$this$2$startProxy$0.callCurrent(Unknown Source)
	at co.freeside.betamax.Recorder.withTape(Recorder.groovy:167)
	at sun.reflect.GeneratedMethodAccessor57.invoke(Unknown Source)
	at sun.reflect.DelegatingMethodAccessorImpl.invoke(DelegatingMethodAccessorImpl.java:43)
	at java.lang.reflect.Method.invoke(Method.java:606)
	at org.codehaus.groovy.reflection.CachedMethod.invoke(CachedMethod.java:90)
	at groovy.lang.MetaMethod.doMethodInvoke(MetaMethod.java:233)
	at groovy.lang.MetaClassImpl.invokeMethod(MetaClassImpl.java:1085)
	at org.codehaus.groovy.runtime.ScriptBytecodeAdapter.invokeMethodOnCurrentN(ScriptBytecodeAdapter.java:78)
	at co.freeside.betamax.Recorder.this$dist$invoke$2(Recorder.groovy)
	at co.freeside.betamax.Recorder$1.methodMissing(Recorder.groovy)
	at sun.reflect.GeneratedMethodAccessor56.invoke(Unknown Source)
	at sun.reflect.DelegatingMethodAccessorImpl.invoke(DelegatingMethodAccessorImpl.java:43)
	at java.lang.reflect.Method.invoke(Method.java:606)
	at org.codehaus.groovy.reflection.CachedMethod.invoke(CachedMethod.java:90)
	at groovy.lang.MetaClassImpl.invokeMissingMethod(MetaClassImpl.java:837)
	at groovy.lang.MetaClassImpl.invokePropertyOrMissing(MetaClassImpl.java:1134)
	at groovy.lang.MetaClassImpl.invokeMethod(MetaClassImpl.java:1087)
	at groovy.lang.MetaClassImpl.invokeMethod(MetaClassImpl.java:909)
	at org.codehaus.groovy.runtime.callsite.PogoMetaClassSite.callCurrent(PogoMetaClassSite.java:66)
	at org.codehaus.groovy.runtime.callsite.AbstractCallSite.callCurrent(AbstractCallSite.java:149)
	at co.freeside.betamax.Recorder$1.evaluate(Recorder.groovy:185)
	at org.junit.runners.ParentRunner.runLeaf(ParentRunner.java:263)
	at org.junit.runners.BlockJUnit4ClassRunner.runChild(BlockJUnit4ClassRunner.java:68)
	at org.junit.runners.BlockJUnit4ClassRunner.runChild(BlockJUnit4ClassRunner.java:47)
	at org.junit.runners.ParentRunner$3.run(ParentRunner.java:231)
	at org.junit.runners.ParentRunner$1.schedule(ParentRunner.java:60)
	at org.junit.runners.ParentRunner.runChildren(ParentRunner.java:229)
	at org.junit.runners.ParentRunner.access$000(ParentRunner.java:50)
	at org.junit.runners.ParentRunner$2.evaluate(ParentRunner.java:222)
	at org.junit.runners.ParentRunner.run(ParentRunner.java:300)
	at org.gradle.api.internal.tasks.testing.junit.JUnitTestClassExecuter.runTestClass(JUnitTestClassExecuter.java:86)
	at org.gradle.api.internal.tasks.testing.junit.JUnitTestClassExecuter.execute(JUnitTestClassExecuter.java:49)
	at org.gradle.api.internal.tasks.testing.junit.JUnitTestClassProcessor.processTestClass(JUnitTestClassProcessor.java:69)
	at org.gradle.api.internal.tasks.testing.SuiteTestClassProcessor.processTestClass(SuiteTestClassProcessor.java:48)
	at sun.reflect.NativeMethodAccessorImpl.invoke0(Native Method)
	at sun.reflect.NativeMethodAccessorImpl.invoke(NativeMethodAccessorImpl.java:57)
	at sun.reflect.DelegatingMethodAccessorImpl.invoke(DelegatingMethodAccessorImpl.java:43)
	at java.lang.reflect.Method.invoke(Method.java:606)
	at org.gradle.messaging.dispatch.ReflectionDispatch.dispatch(ReflectionDispatch.java:35)
	at org.gradle.messaging.dispatch.ReflectionDispatch.dispatch(ReflectionDispatch.java:24)
	at org.gradle.messaging.dispatch.ContextClassLoaderDispatch.dispatch(ContextClassLoaderDispatch.java:32)
	at org.gradle.messaging.dispatch.ProxyDispatchAdapter$DispatchingInvocationHandler.invoke(ProxyDispatchAdapter.java:93)
	at com.sun.proxy.$Proxy2.processTestClass(Unknown Source)
	at org.gradle.api.internal.tasks.testing.worker.TestWorker.processTestClass(TestWorker.java:105)
	at sun.reflect.NativeMethodAccessorImpl.invoke0(Native Method)
	at sun.reflect.NativeMethodAccessorImpl.invoke(NativeMethodAccessorImpl.java:57)
	at sun.reflect.DelegatingMethodAccessorImpl.invoke(DelegatingMethodAccessorImpl.java:43)
	at java.lang.reflect.Method.invoke(Method.java:606)
	at org.gradle.messaging.dispatch.ReflectionDispatch.dispatch(ReflectionDispatch.java:35)
	at org.gradle.messaging.dispatch.ReflectionDispatch.dispatch(ReflectionDispatch.java:24)
	at org.gradle.messaging.remote.internal.hub.MessageHub$Handler.run(MessageHub.java:360)
	at org.gradle.internal.concurrent.DefaultExecutorFactory$StoppableExecutorImpl$1.run(DefaultExecutorFactory.java:64)
	at java.util.concurrent.ThreadPoolExecutor.runWorker(ThreadPoolExecutor.java:1145)
	at java.util.concurrent.ThreadPoolExecutor$Worker.run(ThreadPoolExecutor.java:615)
	at java.lang.Thread.run(Thread.java:744)
Caused by: Can't construct a java object for tag:yaml.org,2002:co.freeside.betamax.tape.yaml.YamlTape; exception=Cannot create property=interactions for JavaBean=Tape[scheduling]; Cannot create property=response for JavaBean=co.freeside.betamax.tape.RecordedInteraction@44e356; Cannot create property=headers for JavaBean=co.freeside.betamax.message.tape.RecordedResponse@45636429; null; Can't construct a java object for tag:yaml.org,2002:org.codehaus.groovy.runtime.GStringImpl; exception=java.lang.NoSuchMethodException: org.codehaus.groovy.runtime.GStringImpl.&lt;init&gt;()
 in &quot;&lt;reader&gt;&quot;, line 1, column 1:
    !tape
    ^

	at org.yaml.snakeyaml.constructor.Constructor$ConstructYamlObject.construct(Constructor.java:333)
	at org.yaml.snakeyaml.constructor.BaseConstructor.constructObject(BaseConstructor.java:182)
	at org.yaml.snakeyaml.constructor.BaseConstructor.constructDocument(BaseConstructor.java:141)
	at org.yaml.snakeyaml.constructor.BaseConstructor.getSingleData(BaseConstructor.java:127)
	at org.yaml.snakeyaml.Yaml.loadFromReader(Yaml.java:480)
	at org.yaml.snakeyaml.Yaml.loadAs(Yaml.java:440)
	at org.yaml.snakeyaml.Yaml$loadAs.call(Unknown Source)
	at co.freeside.betamax.tape.yaml.YamlTape.readFrom(YamlTape.groovy:41)
	... 80 more
Caused by: org.yaml.snakeyaml.error.YAMLException: Cannot create property=interactions for JavaBean=Tape[scheduling]; Cannot create property=response for JavaBean=co.freeside.betamax.tape.RecordedInteraction@44e356; Cannot create property=headers for JavaBean=co.freeside.betamax.message.tape.RecordedResponse@45636429; null; Can't construct a java object for tag:yaml.org,2002:org.codehaus.groovy.runtime.GStringImpl; exception=java.lang.NoSuchMethodException: org.codehaus.groovy.runtime.GStringImpl.&lt;init&gt;()
	at org.yaml.snakeyaml.constructor.Constructor$ConstructMapping.constructJavaBean2ndStep(Constructor.java:299)
	at org.yaml.snakeyaml.constructor.Constructor$ConstructMapping.construct(Constructor.java:189)
	at org.yaml.snakeyaml.constructor.Constructor$ConstructYamlObject.construct(Constructor.java:331)
	... 87 more
Caused by: org.yaml.snakeyaml.error.YAMLException: Cannot create property=response for JavaBean=co.freeside.betamax.tape.RecordedInteraction@44e356; Cannot create property=headers for JavaBean=co.freeside.betamax.message.tape.RecordedResponse@45636429; null; Can't construct a java object for tag:yaml.org,2002:org.codehaus.groovy.runtime.GStringImpl; exception=java.lang.NoSuchMethodException: org.codehaus.groovy.runtime.GStringImpl.&lt;init&gt;()
	at org.yaml.snakeyaml.constructor.Constructor$ConstructMapping.constructJavaBean2ndStep(Constructor.java:299)
	at org.yaml.snakeyaml.constructor.Constructor$ConstructMapping.construct(Constructor.java:189)
	at org.yaml.snakeyaml.constructor.BaseConstructor.constructObject(BaseConstructor.java:182)
	at org.yaml.snakeyaml.constructor.BaseConstructor.constructSequenceStep2(BaseConstructor.java:276)
	at org.yaml.snakeyaml.constructor.BaseConstructor.constructSequence(BaseConstructor.java:247)
	at org.yaml.snakeyaml.constructor.Constructor$ConstructSequence.construct(Constructor.java:510)
	at org.yaml.snakeyaml.constructor.BaseConstructor.constructObject(BaseConstructor.java:182)
	at org.yaml.snakeyaml.constructor.Constructor$ConstructMapping.constructJavaBean2ndStep(Constructor.java:296)
	... 89 more
Caused by: org.yaml.snakeyaml.error.YAMLException: Cannot create property=headers for JavaBean=co.freeside.betamax.message.tape.RecordedResponse@45636429; null; Can't construct a java object for tag:yaml.org,2002:org.codehaus.groovy.runtime.GStringImpl; exception=java.lang.NoSuchMethodException: org.codehaus.groovy.runtime.GStringImpl.&lt;init&gt;()
	at org.yaml.snakeyaml.constructor.Constructor$ConstructMapping.constructJavaBean2ndStep(Constructor.java:299)
	at org.yaml.snakeyaml.constructor.Constructor$ConstructMapping.construct(Constructor.java:189)
	at org.yaml.snakeyaml.constructor.BaseConstructor.constructObject(BaseConstructor.java:182)
	at org.yaml.snakeyaml.constructor.Constructor$ConstructMapping.constructJavaBean2ndStep(Constructor.java:296)
	... 96 more
Caused by: Can't construct a java object for tag:yaml.org,2002:org.codehaus.groovy.runtime.GStringImpl; exception=java.lang.NoSuchMethodException: org.codehaus.groovy.runtime.GStringImpl.&lt;init&gt;()
 in &quot;&lt;reader&gt;&quot;, line 25, column 18:
          X-Betamax: !!org.codehaus.groovy.runtime.GS ... 
                     ^

	at org.yaml.snakeyaml.constructor.Constructor$ConstructYamlObject.construct(Constructor.java:333)
	at org.yaml.snakeyaml.constructor.BaseConstructor.constructObject(BaseConstructor.java:182)
	at org.yaml.snakeyaml.constructor.BaseConstructor.constructMapping2ndStep(BaseConstructor.java:325)
	at org.yaml.snakeyaml.constructor.SafeConstructor.constructMapping2ndStep(SafeConstructor.java:145)
	at org.yaml.snakeyaml.constructor.BaseConstructor.constructMapping(BaseConstructor.java:306)
	at org.yaml.snakeyaml.constructor.Constructor$ConstructMapping.construct(Constructor.java:170)
	at org.yaml.snakeyaml.constructor.BaseConstructor.constructObject(BaseConstructor.java:182)
	at org.yaml.snakeyaml.constructor.Constructor$ConstructMapping.constructJavaBean2ndStep(Constructor.java:296)
	... 99 more
Caused by: org.yaml.snakeyaml.error.YAMLException: java.lang.NoSuchMethodException: org.codehaus.groovy.runtime.GStringImpl.&lt;init&gt;()
	at org.yaml.snakeyaml.constructor.Constructor$ConstructMapping.createEmptyJavaBean(Constructor.java:219)
	at org.yaml.snakeyaml.constructor.Constructor$ConstructMapping.construct(Constructor.java:189)
	at org.yaml.snakeyaml.constructor.Constructor$ConstructYamlObject.construct(Constructor.java:331)
	... 106 more
Caused by: java.lang.NoSuchMethodException: org.codehaus.groovy.runtime.GStringImpl.&lt;init&gt;()
	at java.lang.Class.getConstructor0(Class.java:2810)
	at java.lang.Class.getDeclaredConstructor(Class.java:2053)
	at org.yaml.snakeyaml.constructor.Constructor$ConstructMapping.createEmptyJavaBean(Constructor.java:215)
	... 108 more
</failure>
  </testcase>
  <testcase name="cancelAppointmentTest" classname="com.pokitdok.tests.PokitDokTest" time="0.12">
    <failure message="co.freeside.betamax.tape.TapeLoadException: Invalid tape" type="co.freeside.betamax.tape.TapeLoadException">co.freeside.betamax.tape.TapeLoadException: Invalid tape
	at sun.reflect.NativeConstructorAccessorImpl.newInstance0(Native Method)
	at sun.reflect.NativeConstructorAccessorImpl.newInstance(NativeConstructorAccessorImpl.java:57)
	at sun.reflect.DelegatingConstructorAccessorImpl.newInstance(DelegatingConstructorAccessorImpl.java:45)
	at java.lang.reflect.Constructor.newInstance(Constructor.java:526)
	at org.codehaus.groovy.reflection.CachedConstructor.invoke(CachedConstructor.java:77)
	at org.codehaus.groovy.runtime.callsite.ConstructorSite$ConstructorSiteNoUnwrapNoCoerce.callConstructor(ConstructorSite.java:102)
	at org.codehaus.groovy.runtime.callsite.AbstractCallSite.callConstructor(AbstractCallSite.java:194)
	at co.freeside.betamax.tape.yaml.YamlTape.readFrom(YamlTape.groovy:43)
	at co.freeside.betamax.tape.yaml.YamlTape$readFrom.call(Unknown Source)
	at co.freeside.betamax.tape.yaml.YamlTapeLoader$_loadTape_closure1.doCall(YamlTapeLoader.groovy:41)
	at sun.reflect.GeneratedMethodAccessor74.invoke(Unknown Source)
	at sun.reflect.DelegatingMethodAccessorImpl.invoke(DelegatingMethodAccessorImpl.java:43)
	at java.lang.reflect.Method.invoke(Method.java:606)
	at org.codehaus.groovy.reflection.CachedMethod.invoke(CachedMethod.java:90)
	at groovy.lang.MetaMethod.doMethodInvoke(MetaMethod.java:233)
	at org.codehaus.groovy.runtime.metaclass.ClosureMetaClass.invokeMethod(ClosureMetaClass.java:272)
	at groovy.lang.MetaClassImpl.invokeMethod(MetaClassImpl.java:909)
	at groovy.lang.Closure.call(Closure.java:423)
	at groovy.lang.Closure.call(Closure.java:439)
	at org.codehaus.groovy.runtime.IOGroovyMethods.withReader(IOGroovyMethods.java:1159)
	at org.codehaus.groovy.runtime.ResourceGroovyMethods.withReader(ResourceGroovyMethods.java:1501)
	at org.codehaus.groovy.runtime.dgm$878.invoke(Unknown Source)
	at org.codehaus.groovy.runtime.callsite.PojoMetaMethodSite$PojoMetaMethodSiteNoUnwrapNoCoerce.invoke(PojoMetaMethodSite.java:271)
	at org.codehaus.groovy.runtime.callsite.PojoMetaMethodSite.call(PojoMetaMethodSite.java:53)
	at org.codehaus.groovy.runtime.callsite.AbstractCallSite.call(AbstractCallSite.java:120)
	at co.freeside.betamax.tape.yaml.YamlTapeLoader.loadTape(YamlTapeLoader.groovy:40)
	at co.freeside.betamax.tape.yaml.YamlTapeLoader.loadTape(YamlTapeLoader.groovy)
	at co.freeside.betamax.tape.TapeLoader$loadTape.call(Unknown Source)
	at co.freeside.betamax.Recorder.insertTape(Recorder.groovy:121)
	at co.freeside.betamax.Recorder$insertTape$1.callCurrent(Unknown Source)
	at co.freeside.betamax.Recorder.startProxy(Recorder.groovy:200)
	at co.freeside.betamax.Recorder.this$2$startProxy(Recorder.groovy)
	at co.freeside.betamax.Recorder$this$2$startProxy$0.callCurrent(Unknown Source)
	at co.freeside.betamax.Recorder.withTape(Recorder.groovy:167)
	at sun.reflect.GeneratedMethodAccessor57.invoke(Unknown Source)
	at sun.reflect.DelegatingMethodAccessorImpl.invoke(DelegatingMethodAccessorImpl.java:43)
	at java.lang.reflect.Method.invoke(Method.java:606)
	at org.codehaus.groovy.reflection.CachedMethod.invoke(CachedMethod.java:90)
	at groovy.lang.MetaMethod.doMethodInvoke(MetaMethod.java:233)
	at groovy.lang.MetaClassImpl.invokeMethod(MetaClassImpl.java:1085)
	at org.codehaus.groovy.runtime.ScriptBytecodeAdapter.invokeMethodOnCurrentN(ScriptBytecodeAdapter.java:78)
	at co.freeside.betamax.Recorder.this$dist$invoke$2(Recorder.groovy)
	at co.freeside.betamax.Recorder$1.methodMissing(Recorder.groovy)
	at sun.reflect.GeneratedMethodAccessor56.invoke(Unknown Source)
	at sun.reflect.DelegatingMethodAccessorImpl.invoke(DelegatingMethodAccessorImpl.java:43)
	at java.lang.reflect.Method.invoke(Method.java:606)
	at org.codehaus.groovy.reflection.CachedMethod.invoke(CachedMethod.java:90)
	at groovy.lang.MetaClassImpl.invokeMissingMethod(MetaClassImpl.java:837)
	at groovy.lang.MetaClassImpl.invokePropertyOrMissing(MetaClassImpl.java:1134)
	at groovy.lang.MetaClassImpl.invokeMethod(MetaClassImpl.java:1087)
	at groovy.lang.MetaClassImpl.invokeMethod(MetaClassImpl.java:909)
	at org.codehaus.groovy.runtime.callsite.PogoMetaClassSite.callCurrent(PogoMetaClassSite.java:66)
	at org.codehaus.groovy.runtime.callsite.AbstractCallSite.callCurrent(AbstractCallSite.java:149)
	at co.freeside.betamax.Recorder$1.evaluate(Recorder.groovy:185)
	at org.junit.runners.ParentRunner.runLeaf(ParentRunner.java:263)
	at org.junit.runners.BlockJUnit4ClassRunner.runChild(BlockJUnit4ClassRunner.java:68)
	at org.junit.runners.BlockJUnit4ClassRunner.runChild(BlockJUnit4ClassRunner.java:47)
	at org.junit.runners.ParentRunner$3.run(ParentRunner.java:231)
	at org.junit.runners.ParentRunner$1.schedule(ParentRunner.java:60)
	at org.junit.runners.ParentRunner.runChildren(ParentRunner.java:229)
	at org.junit.runners.ParentRunner.access$000(ParentRunner.java:50)
	at org.junit.runners.ParentRunner$2.evaluate(ParentRunner.java:222)
	at org.junit.runners.ParentRunner.run(ParentRunner.java:300)
	at org.gradle.api.internal.tasks.testing.junit.JUnitTestClassExecuter.runTestClass(JUnitTestClassExecuter.java:86)
	at org.gradle.api.internal.tasks.testing.junit.JUnitTestClassExecuter.execute(JUnitTestClassExecuter.java:49)
	at org.gradle.api.internal.tasks.testing.junit.JUnitTestClassProcessor.processTestClass(JUnitTestClassProcessor.java:69)
	at org.gradle.api.internal.tasks.testing.SuiteTestClassProcessor.processTestClass(SuiteTestClassProcessor.java:48)
	at sun.reflect.NativeMethodAccessorImpl.invoke0(Native Method)
	at sun.reflect.NativeMethodAccessorImpl.invoke(NativeMethodAccessorImpl.java:57)
	at sun.reflect.DelegatingMethodAccessorImpl.invoke(DelegatingMethodAccessorImpl.java:43)
	at java.lang.reflect.Method.invoke(Method.java:606)
	at org.gradle.messaging.dispatch.ReflectionDispatch.dispatch(ReflectionDispatch.java:35)
	at org.gradle.messaging.dispatch.ReflectionDispatch.dispatch(ReflectionDispatch.java:24)
	at org.gradle.messaging.dispatch.ContextClassLoaderDispatch.dispatch(ContextClassLoaderDispatch.java:32)
	at org.gradle.messaging.dispatch.ProxyDispatchAdapter$DispatchingInvocationHandler.invoke(ProxyDispatchAdapter.java:93)
	at com.sun.proxy.$Proxy2.processTestClass(Unknown Source)
	at org.gradle.api.internal.tasks.testing.worker.TestWorker.processTestClass(TestWorker.java:105)
	at sun.reflect.NativeMethodAccessorImpl.invoke0(Native Method)
	at sun.reflect.NativeMethodAccessorImpl.invoke(NativeMethodAccessorImpl.java:57)
	at sun.reflect.DelegatingMethodAccessorImpl.invoke(DelegatingMethodAccessorImpl.java:43)
	at java.lang.reflect.Method.invoke(Method.java:606)
	at org.gradle.messaging.dispatch.ReflectionDispatch.dispatch(ReflectionDispatch.java:35)
	at org.gradle.messaging.dispatch.ReflectionDispatch.dispatch(ReflectionDispatch.java:24)
	at org.gradle.messaging.remote.internal.hub.MessageHub$Handler.run(MessageHub.java:360)
	at org.gradle.internal.concurrent.DefaultExecutorFactory$StoppableExecutorImpl$1.run(DefaultExecutorFactory.java:64)
	at java.util.concurrent.ThreadPoolExecutor.runWorker(ThreadPoolExecutor.java:1145)
	at java.util.concurrent.ThreadPoolExecutor$Worker.run(ThreadPoolExecutor.java:615)
	at java.lang.Thread.run(Thread.java:744)
Caused by: Can't construct a java object for tag:yaml.org,2002:co.freeside.betamax.tape.yaml.YamlTape; exception=Cannot create property=interactions for JavaBean=Tape[scheduling]; Cannot create property=response for JavaBean=co.freeside.betamax.tape.RecordedInteraction@4ff41ba0; Cannot create property=headers for JavaBean=co.freeside.betamax.message.tape.RecordedResponse@32bde0d6; null; Can't construct a java object for tag:yaml.org,2002:org.codehaus.groovy.runtime.GStringImpl; exception=java.lang.NoSuchMethodException: org.codehaus.groovy.runtime.GStringImpl.&lt;init&gt;()
 in &quot;&lt;reader&gt;&quot;, line 1, column 1:
    !tape
    ^

	at org.yaml.snakeyaml.constructor.Constructor$ConstructYamlObject.construct(Constructor.java:333)
	at org.yaml.snakeyaml.constructor.BaseConstructor.constructObject(BaseConstructor.java:182)
	at org.yaml.snakeyaml.constructor.BaseConstructor.constructDocument(BaseConstructor.java:141)
	at org.yaml.snakeyaml.constructor.BaseConstructor.getSingleData(BaseConstructor.java:127)
	at org.yaml.snakeyaml.Yaml.loadFromReader(Yaml.java:480)
	at org.yaml.snakeyaml.Yaml.loadAs(Yaml.java:440)
	at org.yaml.snakeyaml.Yaml$loadAs.call(Unknown Source)
	at co.freeside.betamax.tape.yaml.YamlTape.readFrom(YamlTape.groovy:41)
	... 80 more
Caused by: org.yaml.snakeyaml.error.YAMLException: Cannot create property=interactions for JavaBean=Tape[scheduling]; Cannot create property=response for JavaBean=co.freeside.betamax.tape.RecordedInteraction@4ff41ba0; Cannot create property=headers for JavaBean=co.freeside.betamax.message.tape.RecordedResponse@32bde0d6; null; Can't construct a java object for tag:yaml.org,2002:org.codehaus.groovy.runtime.GStringImpl; exception=java.lang.NoSuchMethodException: org.codehaus.groovy.runtime.GStringImpl.&lt;init&gt;()
	at org.yaml.snakeyaml.constructor.Constructor$ConstructMapping.constructJavaBean2ndStep(Constructor.java:299)
	at org.yaml.snakeyaml.constructor.Constructor$ConstructMapping.construct(Constructor.java:189)
	at org.yaml.snakeyaml.constructor.Constructor$ConstructYamlObject.construct(Constructor.java:331)
	... 87 more
Caused by: org.yaml.snakeyaml.error.YAMLException: Cannot create property=response for JavaBean=co.freeside.betamax.tape.RecordedInteraction@4ff41ba0; Cannot create property=headers for JavaBean=co.freeside.betamax.message.tape.RecordedResponse@32bde0d6; null; Can't construct a java object for tag:yaml.org,2002:org.codehaus.groovy.runtime.GStringImpl; exception=java.lang.NoSuchMethodException: org.codehaus.groovy.runtime.GStringImpl.&lt;init&gt;()
	at org.yaml.snakeyaml.constructor.Constructor$ConstructMapping.constructJavaBean2ndStep(Constructor.java:299)
	at org.yaml.snakeyaml.constructor.Constructor$ConstructMapping.construct(Constructor.java:189)
	at org.yaml.snakeyaml.constructor.BaseConstructor.constructObject(BaseConstructor.java:182)
	at org.yaml.snakeyaml.constructor.BaseConstructor.constructSequenceStep2(BaseConstructor.java:276)
	at org.yaml.snakeyaml.constructor.BaseConstructor.constructSequence(BaseConstructor.java:247)
	at org.yaml.snakeyaml.constructor.Constructor$ConstructSequence.construct(Constructor.java:510)
	at org.yaml.snakeyaml.constructor.BaseConstructor.constructObject(BaseConstructor.java:182)
	at org.yaml.snakeyaml.constructor.Constructor$ConstructMapping.constructJavaBean2ndStep(Constructor.java:296)
	... 89 more
Caused by: org.yaml.snakeyaml.error.YAMLException: Cannot create property=headers for JavaBean=co.freeside.betamax.message.tape.RecordedResponse@32bde0d6; null; Can't construct a java object for tag:yaml.org,2002:org.codehaus.groovy.runtime.GStringImpl; exception=java.lang.NoSuchMethodException: org.codehaus.groovy.runtime.GStringImpl.&lt;init&gt;()
	at org.yaml.snakeyaml.constructor.Constructor$ConstructMapping.constructJavaBean2ndStep(Constructor.java:299)
	at org.yaml.snakeyaml.constructor.Constructor$ConstructMapping.construct(Constructor.java:189)
	at org.yaml.snakeyaml.constructor.BaseConstructor.constructObject(BaseConstructor.java:182)
	at org.yaml.snakeyaml.constructor.Constructor$ConstructMapping.constructJavaBean2ndStep(Constructor.java:296)
	... 96 more
Caused by: Can't construct a java object for tag:yaml.org,2002:org.codehaus.groovy.runtime.GStringImpl; exception=java.lang.NoSuchMethodException: org.codehaus.groovy.runtime.GStringImpl.&lt;init&gt;()
 in &quot;&lt;reader&gt;&quot;, line 25, column 18:
          X-Betamax: !!org.codehaus.groovy.runtime.GS ... 
                     ^

	at org.yaml.snakeyaml.constructor.Constructor$ConstructYamlObject.construct(Constructor.java:333)
	at org.yaml.snakeyaml.constructor.BaseConstructor.constructObject(BaseConstructor.java:182)
	at org.yaml.snakeyaml.constructor.BaseConstructor.constructMapping2ndStep(BaseConstructor.java:325)
	at org.yaml.snakeyaml.constructor.SafeConstructor.constructMapping2ndStep(SafeConstructor.java:145)
	at org.yaml.snakeyaml.constructor.BaseConstructor.constructMapping(BaseConstructor.java:306)
	at org.yaml.snakeyaml.constructor.Constructor$ConstructMapping.construct(Constructor.java:170)
	at org.yaml.snakeyaml.constructor.BaseConstructor.constructObject(BaseConstructor.java:182)
	at org.yaml.snakeyaml.constructor.Constructor$ConstructMapping.constructJavaBean2ndStep(Constructor.java:296)
	... 99 more
Caused by: org.yaml.snakeyaml.error.YAMLException: java.lang.NoSuchMethodException: org.codehaus.groovy.runtime.GStringImpl.&lt;init&gt;()
	at org.yaml.snakeyaml.constructor.Constructor$ConstructMapping.createEmptyJavaBean(Constructor.java:219)
	at org.yaml.snakeyaml.constructor.Constructor$ConstructMapping.construct(Constructor.java:189)
	at org.yaml.snakeyaml.constructor.Constructor$ConstructYamlObject.construct(Constructor.java:331)
	... 106 more
Caused by: java.lang.NoSuchMethodException: org.codehaus.groovy.runtime.GStringImpl.&lt;init&gt;()
	at java.lang.Class.getConstructor0(Class.java:2810)
	at java.lang.Class.getDeclaredConstructor(Class.java:2053)
	at org.yaml.snakeyaml.constructor.Constructor$ConstructMapping.createEmptyJavaBean(Constructor.java:215)
	... 108 more
</failure>
  </testcase>
  <testcase name="failWithoutScopeCodeTest" classname="com.pokitdok.tests.PokitDokTest" time="0.12">
    <failure message="co.freeside.betamax.tape.TapeLoadException: Invalid tape" type="co.freeside.betamax.tape.TapeLoadException">co.freeside.betamax.tape.TapeLoadException: Invalid tape
	at sun.reflect.NativeConstructorAccessorImpl.newInstance0(Native Method)
	at sun.reflect.NativeConstructorAccessorImpl.newInstance(NativeConstructorAccessorImpl.java:57)
	at sun.reflect.DelegatingConstructorAccessorImpl.newInstance(DelegatingConstructorAccessorImpl.java:45)
	at java.lang.reflect.Constructor.newInstance(Constructor.java:526)
	at org.codehaus.groovy.reflection.CachedConstructor.invoke(CachedConstructor.java:77)
	at org.codehaus.groovy.runtime.callsite.ConstructorSite$ConstructorSiteNoUnwrapNoCoerce.callConstructor(ConstructorSite.java:102)
	at org.codehaus.groovy.runtime.callsite.AbstractCallSite.callConstructor(AbstractCallSite.java:194)
	at co.freeside.betamax.tape.yaml.YamlTape.readFrom(YamlTape.groovy:43)
	at co.freeside.betamax.tape.yaml.YamlTape$readFrom.call(Unknown Source)
	at co.freeside.betamax.tape.yaml.YamlTapeLoader$_loadTape_closure1.doCall(YamlTapeLoader.groovy:41)
	at sun.reflect.GeneratedMethodAccessor74.invoke(Unknown Source)
	at sun.reflect.DelegatingMethodAccessorImpl.invoke(DelegatingMethodAccessorImpl.java:43)
	at java.lang.reflect.Method.invoke(Method.java:606)
	at org.codehaus.groovy.reflection.CachedMethod.invoke(CachedMethod.java:90)
	at groovy.lang.MetaMethod.doMethodInvoke(MetaMethod.java:233)
	at org.codehaus.groovy.runtime.metaclass.ClosureMetaClass.invokeMethod(ClosureMetaClass.java:272)
	at groovy.lang.MetaClassImpl.invokeMethod(MetaClassImpl.java:909)
	at groovy.lang.Closure.call(Closure.java:423)
	at groovy.lang.Closure.call(Closure.java:439)
	at org.codehaus.groovy.runtime.IOGroovyMethods.withReader(IOGroovyMethods.java:1159)
	at org.codehaus.groovy.runtime.ResourceGroovyMethods.withReader(ResourceGroovyMethods.java:1501)
	at org.codehaus.groovy.runtime.dgm$878.invoke(Unknown Source)
	at org.codehaus.groovy.runtime.callsite.PojoMetaMethodSite$PojoMetaMethodSiteNoUnwrapNoCoerce.invoke(PojoMetaMethodSite.java:271)
	at org.codehaus.groovy.runtime.callsite.PojoMetaMethodSite.call(PojoMetaMethodSite.java:53)
	at org.codehaus.groovy.runtime.callsite.AbstractCallSite.call(AbstractCallSite.java:120)
	at co.freeside.betamax.tape.yaml.YamlTapeLoader.loadTape(YamlTapeLoader.groovy:40)
	at co.freeside.betamax.tape.yaml.YamlTapeLoader.loadTape(YamlTapeLoader.groovy)
	at co.freeside.betamax.tape.TapeLoader$loadTape.call(Unknown Source)
	at co.freeside.betamax.Recorder.insertTape(Recorder.groovy:121)
	at co.freeside.betamax.Recorder$insertTape$1.callCurrent(Unknown Source)
	at co.freeside.betamax.Recorder.startProxy(Recorder.groovy:200)
	at co.freeside.betamax.Recorder.this$2$startProxy(Recorder.groovy)
	at co.freeside.betamax.Recorder$this$2$startProxy$0.callCurrent(Unknown Source)
	at co.freeside.betamax.Recorder.withTape(Recorder.groovy:167)
	at sun.reflect.GeneratedMethodAccessor57.invoke(Unknown Source)
	at sun.reflect.DelegatingMethodAccessorImpl.invoke(DelegatingMethodAccessorImpl.java:43)
	at java.lang.reflect.Method.invoke(Method.java:606)
	at org.codehaus.groovy.reflection.CachedMethod.invoke(CachedMethod.java:90)
	at groovy.lang.MetaMethod.doMethodInvoke(MetaMethod.java:233)
	at groovy.lang.MetaClassImpl.invokeMethod(MetaClassImpl.java:1085)
	at org.codehaus.groovy.runtime.ScriptBytecodeAdapter.invokeMethodOnCurrentN(ScriptBytecodeAdapter.java:78)
	at co.freeside.betamax.Recorder.this$dist$invoke$2(Recorder.groovy)
	at co.freeside.betamax.Recorder$1.methodMissing(Recorder.groovy)
	at sun.reflect.GeneratedMethodAccessor56.invoke(Unknown Source)
	at sun.reflect.DelegatingMethodAccessorImpl.invoke(DelegatingMethodAccessorImpl.java:43)
	at java.lang.reflect.Method.invoke(Method.java:606)
	at org.codehaus.groovy.reflection.CachedMethod.invoke(CachedMethod.java:90)
	at groovy.lang.MetaClassImpl.invokeMissingMethod(MetaClassImpl.java:837)
	at groovy.lang.MetaClassImpl.invokePropertyOrMissing(MetaClassImpl.java:1134)
	at groovy.lang.MetaClassImpl.invokeMethod(MetaClassImpl.java:1087)
	at groovy.lang.MetaClassImpl.invokeMethod(MetaClassImpl.java:909)
	at org.codehaus.groovy.runtime.callsite.PogoMetaClassSite.callCurrent(PogoMetaClassSite.java:66)
	at org.codehaus.groovy.runtime.callsite.AbstractCallSite.callCurrent(AbstractCallSite.java:149)
	at co.freeside.betamax.Recorder$1.evaluate(Recorder.groovy:185)
	at org.junit.runners.ParentRunner.runLeaf(ParentRunner.java:263)
	at org.junit.runners.BlockJUnit4ClassRunner.runChild(BlockJUnit4ClassRunner.java:68)
	at org.junit.runners.BlockJUnit4ClassRunner.runChild(BlockJUnit4ClassRunner.java:47)
	at org.junit.runners.ParentRunner$3.run(ParentRunner.java:231)
	at org.junit.runners.ParentRunner$1.schedule(ParentRunner.java:60)
	at org.junit.runners.ParentRunner.runChildren(ParentRunner.java:229)
	at org.junit.runners.ParentRunner.access$000(ParentRunner.java:50)
	at org.junit.runners.ParentRunner$2.evaluate(ParentRunner.java:222)
	at org.junit.runners.ParentRunner.run(ParentRunner.java:300)
	at org.gradle.api.internal.tasks.testing.junit.JUnitTestClassExecuter.runTestClass(JUnitTestClassExecuter.java:86)
	at org.gradle.api.internal.tasks.testing.junit.JUnitTestClassExecuter.execute(JUnitTestClassExecuter.java:49)
	at org.gradle.api.internal.tasks.testing.junit.JUnitTestClassProcessor.processTestClass(JUnitTestClassProcessor.java:69)
	at org.gradle.api.internal.tasks.testing.SuiteTestClassProcessor.processTestClass(SuiteTestClassProcessor.java:48)
	at sun.reflect.NativeMethodAccessorImpl.invoke0(Native Method)
	at sun.reflect.NativeMethodAccessorImpl.invoke(NativeMethodAccessorImpl.java:57)
	at sun.reflect.DelegatingMethodAccessorImpl.invoke(DelegatingMethodAccessorImpl.java:43)
	at java.lang.reflect.Method.invoke(Method.java:606)
	at org.gradle.messaging.dispatch.ReflectionDispatch.dispatch(ReflectionDispatch.java:35)
	at org.gradle.messaging.dispatch.ReflectionDispatch.dispatch(ReflectionDispatch.java:24)
	at org.gradle.messaging.dispatch.ContextClassLoaderDispatch.dispatch(ContextClassLoaderDispatch.java:32)
	at org.gradle.messaging.dispatch.ProxyDispatchAdapter$DispatchingInvocationHandler.invoke(ProxyDispatchAdapter.java:93)
	at com.sun.proxy.$Proxy2.processTestClass(Unknown Source)
	at org.gradle.api.internal.tasks.testing.worker.TestWorker.processTestClass(TestWorker.java:105)
	at sun.reflect.NativeMethodAccessorImpl.invoke0(Native Method)
	at sun.reflect.NativeMethodAccessorImpl.invoke(NativeMethodAccessorImpl.java:57)
	at sun.reflect.DelegatingMethodAccessorImpl.invoke(DelegatingMethodAccessorImpl.java:43)
	at java.lang.reflect.Method.invoke(Method.java:606)
	at org.gradle.messaging.dispatch.ReflectionDispatch.dispatch(ReflectionDispatch.java:35)
	at org.gradle.messaging.dispatch.ReflectionDispatch.dispatch(ReflectionDispatch.java:24)
	at org.gradle.messaging.remote.internal.hub.MessageHub$Handler.run(MessageHub.java:360)
	at org.gradle.internal.concurrent.DefaultExecutorFactory$StoppableExecutorImpl$1.run(DefaultExecutorFactory.java:64)
	at java.util.concurrent.ThreadPoolExecutor.runWorker(ThreadPoolExecutor.java:1145)
	at java.util.concurrent.ThreadPoolExecutor$Worker.run(ThreadPoolExecutor.java:615)
	at java.lang.Thread.run(Thread.java:744)
Caused by: Can't construct a java object for tag:yaml.org,2002:co.freeside.betamax.tape.yaml.YamlTape; exception=Cannot create property=interactions for JavaBean=Tape[scheduling]; Cannot create property=response for JavaBean=co.freeside.betamax.tape.RecordedInteraction@3e821555; Cannot create property=headers for JavaBean=co.freeside.betamax.message.tape.RecordedResponse@79c23a4e; null; Can't construct a java object for tag:yaml.org,2002:org.codehaus.groovy.runtime.GStringImpl; exception=java.lang.NoSuchMethodException: org.codehaus.groovy.runtime.GStringImpl.&lt;init&gt;()
 in &quot;&lt;reader&gt;&quot;, line 1, column 1:
    !tape
    ^

	at org.yaml.snakeyaml.constructor.Constructor$ConstructYamlObject.construct(Constructor.java:333)
	at org.yaml.snakeyaml.constructor.BaseConstructor.constructObject(BaseConstructor.java:182)
	at org.yaml.snakeyaml.constructor.BaseConstructor.constructDocument(BaseConstructor.java:141)
	at org.yaml.snakeyaml.constructor.BaseConstructor.getSingleData(BaseConstructor.java:127)
	at org.yaml.snakeyaml.Yaml.loadFromReader(Yaml.java:480)
	at org.yaml.snakeyaml.Yaml.loadAs(Yaml.java:440)
	at org.yaml.snakeyaml.Yaml$loadAs.call(Unknown Source)
	at co.freeside.betamax.tape.yaml.YamlTape.readFrom(YamlTape.groovy:41)
	... 80 more
Caused by: org.yaml.snakeyaml.error.YAMLException: Cannot create property=interactions for JavaBean=Tape[scheduling]; Cannot create property=response for JavaBean=co.freeside.betamax.tape.RecordedInteraction@3e821555; Cannot create property=headers for JavaBean=co.freeside.betamax.message.tape.RecordedResponse@79c23a4e; null; Can't construct a java object for tag:yaml.org,2002:org.codehaus.groovy.runtime.GStringImpl; exception=java.lang.NoSuchMethodException: org.codehaus.groovy.runtime.GStringImpl.&lt;init&gt;()
	at org.yaml.snakeyaml.constructor.Constructor$ConstructMapping.constructJavaBean2ndStep(Constructor.java:299)
	at org.yaml.snakeyaml.constructor.Constructor$ConstructMapping.construct(Constructor.java:189)
	at org.yaml.snakeyaml.constructor.Constructor$ConstructYamlObject.construct(Constructor.java:331)
	... 87 more
Caused by: org.yaml.snakeyaml.error.YAMLException: Cannot create property=response for JavaBean=co.freeside.betamax.tape.RecordedInteraction@3e821555; Cannot create property=headers for JavaBean=co.freeside.betamax.message.tape.RecordedResponse@79c23a4e; null; Can't construct a java object for tag:yaml.org,2002:org.codehaus.groovy.runtime.GStringImpl; exception=java.lang.NoSuchMethodException: org.codehaus.groovy.runtime.GStringImpl.&lt;init&gt;()
	at org.yaml.snakeyaml.constructor.Constructor$ConstructMapping.constructJavaBean2ndStep(Constructor.java:299)
	at org.yaml.snakeyaml.constructor.Constructor$ConstructMapping.construct(Constructor.java:189)
	at org.yaml.snakeyaml.constructor.BaseConstructor.constructObject(BaseConstructor.java:182)
	at org.yaml.snakeyaml.constructor.BaseConstructor.constructSequenceStep2(BaseConstructor.java:276)
	at org.yaml.snakeyaml.constructor.BaseConstructor.constructSequence(BaseConstructor.java:247)
	at org.yaml.snakeyaml.constructor.Constructor$ConstructSequence.construct(Constructor.java:510)
	at org.yaml.snakeyaml.constructor.BaseConstructor.constructObject(BaseConstructor.java:182)
	at org.yaml.snakeyaml.constructor.Constructor$ConstructMapping.constructJavaBean2ndStep(Constructor.java:296)
	... 89 more
Caused by: org.yaml.snakeyaml.error.YAMLException: Cannot create property=headers for JavaBean=co.freeside.betamax.message.tape.RecordedResponse@79c23a4e; null; Can't construct a java object for tag:yaml.org,2002:org.codehaus.groovy.runtime.GStringImpl; exception=java.lang.NoSuchMethodException: org.codehaus.groovy.runtime.GStringImpl.&lt;init&gt;()
	at org.yaml.snakeyaml.constructor.Constructor$ConstructMapping.constructJavaBean2ndStep(Constructor.java:299)
	at org.yaml.snakeyaml.constructor.Constructor$ConstructMapping.construct(Constructor.java:189)
	at org.yaml.snakeyaml.constructor.BaseConstructor.constructObject(BaseConstructor.java:182)
	at org.yaml.snakeyaml.constructor.Constructor$ConstructMapping.constructJavaBean2ndStep(Constructor.java:296)
	... 96 more
Caused by: Can't construct a java object for tag:yaml.org,2002:org.codehaus.groovy.runtime.GStringImpl; exception=java.lang.NoSuchMethodException: org.codehaus.groovy.runtime.GStringImpl.&lt;init&gt;()
 in &quot;&lt;reader&gt;&quot;, line 25, column 18:
          X-Betamax: !!org.codehaus.groovy.runtime.GS ... 
                     ^

	at org.yaml.snakeyaml.constructor.Constructor$ConstructYamlObject.construct(Constructor.java:333)
	at org.yaml.snakeyaml.constructor.BaseConstructor.constructObject(BaseConstructor.java:182)
	at org.yaml.snakeyaml.constructor.BaseConstructor.constructMapping2ndStep(BaseConstructor.java:325)
	at org.yaml.snakeyaml.constructor.SafeConstructor.constructMapping2ndStep(SafeConstructor.java:145)
	at org.yaml.snakeyaml.constructor.BaseConstructor.constructMapping(BaseConstructor.java:306)
	at org.yaml.snakeyaml.constructor.Constructor$ConstructMapping.construct(Constructor.java:170)
	at org.yaml.snakeyaml.constructor.BaseConstructor.constructObject(BaseConstructor.java:182)
	at org.yaml.snakeyaml.constructor.Constructor$ConstructMapping.constructJavaBean2ndStep(Constructor.java:296)
	... 99 more
Caused by: org.yaml.snakeyaml.error.YAMLException: java.lang.NoSuchMethodException: org.codehaus.groovy.runtime.GStringImpl.&lt;init&gt;()
	at org.yaml.snakeyaml.constructor.Constructor$ConstructMapping.createEmptyJavaBean(Constructor.java:219)
	at org.yaml.snakeyaml.constructor.Constructor$ConstructMapping.construct(Constructor.java:189)
	at org.yaml.snakeyaml.constructor.Constructor$ConstructYamlObject.construct(Constructor.java:331)
	... 106 more
Caused by: java.lang.NoSuchMethodException: org.codehaus.groovy.runtime.GStringImpl.&lt;init&gt;()
	at java.lang.Class.getConstructor0(Class.java:2810)
	at java.lang.Class.getDeclaredConstructor(Class.java:2053)
	at org.yaml.snakeyaml.constructor.Constructor$ConstructMapping.createEmptyJavaBean(Constructor.java:215)
	... 108 more
</failure>
  </testcase>
  <testcase name="mpcTest" classname="com.pokitdok.tests.PokitDokTest" time="0.521"/>
  <testcase name="singleMPCTest" classname="com.pokitdok.tests.PokitDokTest" time="0.858"/>
  <system-out><![CDATA[]]></system-out>
  <system-err><![CDATA[2015-04-14 15:07:11.368:INFO::jetty-7.3.1.v20110307
2015-04-14 15:07:11.405:INFO::Started SelectChannelConnector@0.0.0.0:5555
2015-04-14 15:07:11.554:INFO::Started SslSelectChannelConnector@0.0.0.0:5556
Apr 14, 2015 3:07:11 PM org.codehaus.groovy.runtime.callsite.PojoMetaMethodSite$PojoCachedMethodSiteNoUnwrap invoke
INFO: loaded tape with 1 recorded interactions from file authentication.yaml...
Apr 14, 2015 3:07:11 PM org.codehaus.groovy.runtime.callsite.PojoMetaMethodSite$PojoCachedMethodSiteNoUnwrap invoke
INFO: Playing back from 'authentication'
2015-04-14 15:07:12.074:WARN::1 threads could not be stopped
2015-04-14 15:07:12.082:INFO::jetty-7.3.1.v20110307
2015-04-14 15:07:12.083:INFO::Started SelectChannelConnector@0.0.0.0:5555
2015-04-14 15:07:12.086:INFO::Started SslSelectChannelConnector@0.0.0.0:5556
Apr 14, 2015 3:07:12 PM org.codehaus.groovy.runtime.callsite.PojoMetaMethodSite$PojoCachedMethodSiteNoUnwrap invoke
INFO: loaded tape with 2 recorded interactions from file authorizations.yaml...
Apr 14, 2015 3:07:12 PM org.codehaus.groovy.runtime.callsite.PojoMetaMethodSite$PojoCachedMethodSiteNoUnwrap invoke
INFO: Playing back from 'authorizations'
Apr 14, 2015 3:07:12 PM org.codehaus.groovy.runtime.callsite.PojoMetaMethodSite$PojoCachedMethodSiteNoUnwrap invoke
INFO: Playing back from 'authorizations'
2015-04-14 15:07:12.606:WARN::1 threads could not be stopped
2015-04-14 15:07:12.611:INFO::jetty-7.3.1.v20110307
2015-04-14 15:07:12.612:INFO::Started SelectChannelConnector@0.0.0.0:5555
2015-04-14 15:07:12.615:INFO::Started SslSelectChannelConnector@0.0.0.0:5556
Apr 14, 2015 3:07:12 PM org.codehaus.groovy.runtime.callsite.PojoMetaMethodSite$PojoCachedMethodSiteNoUnwrap invoke
INFO: loaded tape with 2 recorded interactions from file cash_prices.yaml...
Apr 14, 2015 3:07:13 PM org.codehaus.groovy.runtime.callsite.PojoMetaMethodSite$PojoCachedMethodSiteNoUnwrap invoke
INFO: Playing back from 'cash_prices'
Apr 14, 2015 3:07:13 PM org.codehaus.groovy.runtime.callsite.PojoMetaMethodSite$PojoCachedMethodSiteNoUnwrap invoke
INFO: Playing back from 'cash_prices'
Apr 14, 2015 3:07:13 PM org.codehaus.groovy.runtime.callsite.PojoMetaMethodSite$PojoCachedMethodSiteNoUnwrap invoke
INFO: Playing back from 'cash_prices'
2015-04-14 15:07:13.137:WARN::1 threads could not be stopped
2015-04-14 15:07:13.141:INFO::jetty-7.3.1.v20110307
2015-04-14 15:07:13.142:INFO::Started SelectChannelConnector@0.0.0.0:5555
2015-04-14 15:07:13.144:INFO::Started SslSelectChannelConnector@0.0.0.0:5556
Apr 14, 2015 3:07:13 PM org.codehaus.groovy.runtime.callsite.PojoMetaMethodSite$PojoCachedMethodSiteNoUnwrap invoke
INFO: loaded tape with 2 recorded interactions from file insurance_prices.yaml...
Apr 14, 2015 3:07:13 PM org.codehaus.groovy.runtime.callsite.PojoMetaMethodSite$PojoCachedMethodSiteNoUnwrap invoke
INFO: Playing back from 'insurance_prices'
Apr 14, 2015 3:07:13 PM org.codehaus.groovy.runtime.callsite.PojoMetaMethodSite$PojoCachedMethodSiteNoUnwrap invoke
INFO: Playing back from 'insurance_prices'
2015-04-14 15:07:13.660:WARN::1 threads could not be stopped
2015-04-14 15:07:13.666:INFO::jetty-7.3.1.v20110307
2015-04-14 15:07:13.667:INFO::Started SelectChannelConnector@0.0.0.0:5555
2015-04-14 15:07:13.670:INFO::Started SslSelectChannelConnector@0.0.0.0:5556
Apr 14, 2015 3:07:13 PM org.codehaus.groovy.runtime.callsite.PojoMetaMethodSite$PojoCachedMethodSiteNoUnwrap invoke
INFO: loaded tape with 2 recorded interactions from file providers.yaml...
Apr 14, 2015 3:07:14 PM org.codehaus.groovy.runtime.callsite.PojoMetaMethodSite$PojoCachedMethodSiteNoUnwrap invoke
INFO: Playing back from 'providers'
Apr 14, 2015 3:07:14 PM org.codehaus.groovy.runtime.callsite.PojoMetaMethodSite$PojoCachedMethodSiteNoUnwrap invoke
INFO: Playing back from 'providers'
2015-04-14 15:07:14.186:WARN::1 threads could not be stopped
2015-04-14 15:07:14.191:INFO::jetty-7.3.1.v20110307
2015-04-14 15:07:14.192:INFO::Started SelectChannelConnector@0.0.0.0:5555
2015-04-14 15:07:14.195:INFO::Started SslSelectChannelConnector@0.0.0.0:5556
Apr 14, 2015 3:07:14 PM org.codehaus.groovy.runtime.callsite.PojoMetaMethodSite$PojoCachedMethodSiteNoUnwrap invoke
INFO: loaded tape with 2 recorded interactions from file eligibility.yaml...
Apr 14, 2015 3:07:14 PM org.codehaus.groovy.runtime.callsite.PojoMetaMethodSite$PojoCachedMethodSiteNoUnwrap invoke
INFO: Playing back from 'eligibility'
Apr 14, 2015 3:07:14 PM org.codehaus.groovy.runtime.callsite.PojoMetaMethodSite$PojoCachedMethodSiteNoUnwrap invoke
INFO: Playing back from 'eligibility'
2015-04-14 15:07:14.707:WARN::1 threads could not be stopped
2015-04-14 15:07:14.712:INFO::jetty-7.3.1.v20110307
2015-04-14 15:07:14.713:INFO::Started SelectChannelConnector@0.0.0.0:5555
2015-04-14 15:07:14.716:INFO::Started SslSelectChannelConnector@0.0.0.0:5556
Apr 14, 2015 3:07:14 PM org.codehaus.groovy.runtime.callsite.PojoMetaMethodSite$PojoCachedMethodSiteNoUnwrap invoke
INFO: loaded tape with 2 recorded interactions from file claims.yaml...
Apr 14, 2015 3:07:15 PM org.codehaus.groovy.runtime.callsite.PojoMetaMethodSite$PojoCachedMethodSiteNoUnwrap invoke
INFO: Playing back from 'claims'
Apr 14, 2015 3:07:15 PM org.codehaus.groovy.runtime.callsite.PojoMetaMethodSite$PojoCachedMethodSiteNoUnwrap invoke
INFO: Playing back from 'claims'
2015-04-14 15:07:15.229:WARN::1 threads could not be stopped
2015-04-14 15:07:15.235:INFO::jetty-7.3.1.v20110307
2015-04-14 15:07:15.237:INFO::Started SelectChannelConnector@0.0.0.0:5555
2015-04-14 15:07:15.240:INFO::Started SslSelectChannelConnector@0.0.0.0:5556
Apr 14, 2015 3:07:15 PM org.codehaus.groovy.runtime.callsite.PojoMetaMethodSite$PojoCachedMethodSiteNoUnwrap invoke
INFO: loaded tape with 2 recorded interactions from file claims_status.yaml...
Apr 14, 2015 3:07:15 PM org.codehaus.groovy.runtime.callsite.PojoMetaMethodSite$PojoCachedMethodSiteNoUnwrap invoke
INFO: Playing back from 'claims_status'
Apr 14, 2015 3:07:15 PM org.codehaus.groovy.runtime.callsite.PojoMetaMethodSite$PojoCachedMethodSiteNoUnwrap invoke
INFO: Playing back from 'claims_status'
2015-04-14 15:07:15.757:WARN::1 threads could not be stopped
2015-04-14 15:07:15.763:INFO::jetty-7.3.1.v20110307
2015-04-14 15:07:15.764:INFO::Started SelectChannelConnector@0.0.0.0:5555
2015-04-14 15:07:15.766:INFO::Started SslSelectChannelConnector@0.0.0.0:5556
Apr 14, 2015 3:07:15 PM org.codehaus.groovy.runtime.callsite.PojoMetaMethodSite$PojoCachedMethodSiteNoUnwrap invoke
INFO: loaded tape with 2 recorded interactions from file activities.yaml...
Apr 14, 2015 3:07:16 PM org.codehaus.groovy.runtime.callsite.PojoMetaMethodSite$PojoCachedMethodSiteNoUnwrap invoke
INFO: Playing back from 'activities'
Apr 14, 2015 3:07:16 PM org.codehaus.groovy.runtime.callsite.PojoMetaMethodSite$PojoCachedMethodSiteNoUnwrap invoke
INFO: Playing back from 'activities'
2015-04-14 15:07:16.281:WARN::1 threads could not be stopped
2015-04-14 15:07:16.287:INFO::jetty-7.3.1.v20110307
2015-04-14 15:07:16.288:INFO::Started SelectChannelConnector@0.0.0.0:5555
2015-04-14 15:07:16.290:INFO::Started SslSelectChannelConnector@0.0.0.0:5556
Apr 14, 2015 3:07:16 PM org.codehaus.groovy.runtime.callsite.PojoMetaMethodSite$PojoCachedMethodSiteNoUnwrap invoke
INFO: loaded tape with 2 recorded interactions from file payers.yaml...
Apr 14, 2015 3:07:16 PM org.codehaus.groovy.runtime.callsite.PojoMetaMethodSite$PojoCachedMethodSiteNoUnwrap invoke
INFO: Playing back from 'payers'
Apr 14, 2015 3:07:16 PM org.codehaus.groovy.runtime.callsite.PojoMetaMethodSite$PojoCachedMethodSiteNoUnwrap invoke
INFO: Playing back from 'payers'
2015-04-14 15:07:16.806:WARN::1 threads could not be stopped
2015-04-14 15:07:16.811:INFO::jetty-7.3.1.v20110307
2015-04-14 15:07:16.812:INFO::Started SelectChannelConnector@0.0.0.0:5555
2015-04-14 15:07:16.814:INFO::Started SslSelectChannelConnector@0.0.0.0:5556
Apr 14, 2015 3:07:16 PM org.codehaus.groovy.runtime.callsite.PojoMetaMethodSite$PojoCachedMethodSiteNoUnwrap invoke
INFO: loaded tape with 2 recorded interactions from file trading_partners_index.yaml...
Apr 14, 2015 3:07:17 PM org.codehaus.groovy.runtime.callsite.PojoMetaMethodSite$PojoCachedMethodSiteNoUnwrap invoke
INFO: Playing back from 'trading_partners_index'
Apr 14, 2015 3:07:17 PM org.codehaus.groovy.runtime.callsite.PojoMetaMethodSite$PojoCachedMethodSiteNoUnwrap invoke
INFO: Playing back from 'trading_partners_index'
2015-04-14 15:07:17.328:WARN::1 threads could not be stopped
2015-04-14 15:07:17.335:INFO::jetty-7.3.1.v20110307
2015-04-14 15:07:17.336:INFO::Started SelectChannelConnector@0.0.0.0:5555
2015-04-14 15:07:17.338:INFO::Started SslSelectChannelConnector@0.0.0.0:5556
Apr 14, 2015 3:07:17 PM org.codehaus.groovy.runtime.callsite.PojoMetaMethodSite$PojoCachedMethodSiteNoUnwrap invoke
INFO: loaded tape with 2 recorded interactions from file trading_partners_get.yaml...
Apr 14, 2015 3:07:17 PM org.codehaus.groovy.runtime.callsite.PojoMetaMethodSite$PojoCachedMethodSiteNoUnwrap invoke
INFO: Playing back from 'trading_partners_get'
Apr 14, 2015 3:07:17 PM org.codehaus.groovy.runtime.callsite.PojoMetaMethodSite$PojoCachedMethodSiteNoUnwrap invoke
INFO: Playing back from 'trading_partners_get'
2015-04-14 15:07:17.851:WARN::1 threads could not be stopped
2015-04-14 15:07:17.855:INFO::jetty-7.3.1.v20110307
2015-04-14 15:07:17.856:INFO::Started SelectChannelConnector@0.0.0.0:5555
2015-04-14 15:07:17.858:INFO::Started SslSelectChannelConnector@0.0.0.0:5556
Apr 14, 2015 3:07:17 PM org.codehaus.groovy.runtime.callsite.PojoMetaMethodSite$PojoCachedMethodSiteNoUnwrap invoke
INFO: loaded tape with 2 recorded interactions from file plans_index.yaml...
Apr 14, 2015 3:07:18 PM org.codehaus.groovy.runtime.callsite.PojoMetaMethodSite$PojoCachedMethodSiteNoUnwrap invoke
INFO: Playing back from 'plans_index'
Apr 14, 2015 3:07:18 PM org.codehaus.groovy.runtime.callsite.PojoMetaMethodSite$PojoCachedMethodSiteNoUnwrap invoke
INFO: Playing back from 'plans_index'
2015-04-14 15:07:18.377:WARN::1 threads could not be stopped
2015-04-14 15:07:18.381:INFO::jetty-7.3.1.v20110307
2015-04-14 15:07:18.382:INFO::Started SelectChannelConnector@0.0.0.0:5555
2015-04-14 15:07:18.384:INFO::Started SslSelectChannelConnector@0.0.0.0:5556
Apr 14, 2015 3:07:18 PM org.codehaus.groovy.runtime.callsite.PojoMetaMethodSite$PojoCachedMethodSiteNoUnwrap invoke
INFO: loaded tape with 2 recorded interactions from file plans_get.yaml...
Apr 14, 2015 3:07:18 PM org.codehaus.groovy.runtime.callsite.PojoMetaMethodSite$PojoCachedMethodSiteNoUnwrap invoke
INFO: Playing back from 'plans_get'
Apr 14, 2015 3:07:18 PM org.codehaus.groovy.runtime.callsite.PojoMetaMethodSite$PojoCachedMethodSiteNoUnwrap invoke
INFO: Playing back from 'plans_get'
2015-04-14 15:07:18.899:WARN::1 threads could not be stopped
2015-04-14 15:07:18.905:INFO::jetty-7.3.1.v20110307
2015-04-14 15:07:18.905:INFO::Started SelectChannelConnector@0.0.0.0:5555
2015-04-14 15:07:18.908:INFO::Started SslSelectChannelConnector@0.0.0.0:5556
Apr 14, 2015 3:07:18 PM org.codehaus.groovy.runtime.callsite.PojoMetaMethodSite$PojoCachedMethodSiteNoUnwrap invoke
INFO: loaded tape with 2 recorded interactions from file referrals.yaml...
Apr 14, 2015 3:07:19 PM org.codehaus.groovy.runtime.callsite.PojoMetaMethodSite$PojoCachedMethodSiteNoUnwrap invoke
INFO: Playing back from 'referrals'
Apr 14, 2015 3:07:19 PM org.codehaus.groovy.runtime.callsite.PojoMetaMethodSite$PojoCachedMethodSiteNoUnwrap invoke
INFO: Playing back from 'referrals'
2015-04-14 15:07:19.421:WARN::1 threads could not be stopped
2015-04-14 15:07:19.431:INFO::jetty-7.3.1.v20110307
2015-04-14 15:07:19.432:INFO::Started SelectChannelConnector@0.0.0.0:5555
2015-04-14 15:07:19.435:INFO::Started SslSelectChannelConnector@0.0.0.0:5556
2015-04-14 15:07:19.558:WARN::1 threads could not be stopped
2015-04-14 15:07:19.563:INFO::jetty-7.3.1.v20110307
2015-04-14 15:07:19.564:INFO::Started SelectChannelConnector@0.0.0.0:5555
2015-04-14 15:07:19.566:INFO::Started SslSelectChannelConnector@0.0.0.0:5556
2015-04-14 15:07:19.679:WARN::1 threads could not be stopped
2015-04-14 15:07:19.684:INFO::jetty-7.3.1.v20110307
2015-04-14 15:07:19.685:INFO::Started SelectChannelConnector@0.0.0.0:5555
2015-04-14 15:07:19.688:INFO::Started SslSelectChannelConnector@0.0.0.0:5556
2015-04-14 15:07:19.801:WARN::1 threads could not be stopped
2015-04-14 15:07:19.804:INFO::jetty-7.3.1.v20110307
2015-04-14 15:07:19.805:INFO::Started SelectChannelConnector@0.0.0.0:5555
2015-04-14 15:07:19.808:INFO::Started SslSelectChannelConnector@0.0.0.0:5556
2015-04-14 15:07:19.921:WARN::1 threads could not be stopped
2015-04-14 15:07:19.926:INFO::jetty-7.3.1.v20110307
2015-04-14 15:07:19.927:INFO::Started SelectChannelConnector@0.0.0.0:5555
2015-04-14 15:07:19.930:INFO::Started SslSelectChannelConnector@0.0.0.0:5556
2015-04-14 15:07:20.042:WARN::1 threads could not be stopped
2015-04-14 15:07:20.047:INFO::jetty-7.3.1.v20110307
2015-04-14 15:07:20.048:INFO::Started SelectChannelConnector@0.0.0.0:5555
2015-04-14 15:07:20.051:INFO::Started SslSelectChannelConnector@0.0.0.0:5556
2015-04-14 15:07:20.163:WARN::1 threads could not be stopped
2015-04-14 15:07:20.168:INFO::jetty-7.3.1.v20110307
2015-04-14 15:07:20.169:INFO::Started SelectChannelConnector@0.0.0.0:5555
2015-04-14 15:07:20.172:INFO::Started SslSelectChannelConnector@0.0.0.0:5556
2015-04-14 15:07:20.284:WARN::1 threads could not be stopped
2015-04-14 15:07:20.289:INFO::jetty-7.3.1.v20110307
2015-04-14 15:07:20.290:INFO::Started SelectChannelConnector@0.0.0.0:5555
2015-04-14 15:07:20.293:INFO::Started SslSelectChannelConnector@0.0.0.0:5556
2015-04-14 15:07:20.405:WARN::1 threads could not be stopped
2015-04-14 15:07:20.409:INFO::jetty-7.3.1.v20110307
2015-04-14 15:07:20.410:INFO::Started SelectChannelConnector@0.0.0.0:5555
2015-04-14 15:07:20.413:INFO::Started SslSelectChannelConnector@0.0.0.0:5556
Apr 14, 2015 3:07:20 PM org.codehaus.groovy.runtime.callsite.PojoMetaMethodSite$PojoCachedMethodSiteNoUnwrap invoke
INFO: loaded tape with 3 recorded interactions from file mpc.yaml...
Apr 14, 2015 3:07:20 PM org.codehaus.groovy.runtime.callsite.PojoMetaMethodSite$PojoCachedMethodSiteNoUnwrap invoke
INFO: Playing back from 'mpc'
Apr 14, 2015 3:07:20 PM org.codehaus.groovy.runtime.callsite.PojoMetaMethodSite$PojoCachedMethodSiteNoUnwrap invoke
INFO: Playing back from 'mpc'
2015-04-14 15:07:20.925:WARN::1 threads could not be stopped
2015-04-14 15:07:20.930:INFO::jetty-7.3.1.v20110307
2015-04-14 15:07:20.931:INFO::Started SelectChannelConnector@0.0.0.0:5555
2015-04-14 15:07:20.933:INFO::Started SslSelectChannelConnector@0.0.0.0:5556
Apr 14, 2015 3:07:20 PM org.codehaus.groovy.runtime.callsite.PojoMetaMethodSite$PojoCachedMethodSiteNoUnwrap invoke
INFO: loaded tape with 3 recorded interactions from file mpc.yaml...
Apr 14, 2015 3:07:21 PM org.codehaus.groovy.runtime.callsite.PojoMetaMethodSite$PojoCachedMethodSiteNoUnwrap invoke
INFO: Playing back from 'mpc'
Apr 14, 2015 3:07:21 PM org.codehaus.groovy.runtime.callsite.PojoMetaMethodSite$PojoCachedMethodSiteNoUnwrap invoke
INFO: Recording to 'mpc'
2015-04-14 15:07:21.731:WARN::1 threads could not be stopped
Apr 14, 2015 3:07:21 PM org.codehaus.groovy.runtime.callsite.PojoMetaMethodSite$PojoCachedMethodSiteNoUnwrap invoke
INFO: writing tape Tape[mpc] to file mpc.yaml...
]]></system-err>
</testsuite>
