<?xml version="1.0" encoding="UTF-8"?>
<testsuite name="com.pokitdok.tests.PokitDokTest" tests="26" skipped="0" failures="8" errors="0" timestamp="2015-04-15T03:57:38" hostname="chloe" time="10.565">
  <properties/>
  <testcase name="shouldCreateTest" classname="com.pokitdok.tests.PokitDokTest" time="1.195"/>
  <testcase name="authorizationsTest" classname="com.pokitdok.tests.PokitDokTest" time="0.526"/>
  <testcase name="cashPricesTest" classname="com.pokitdok.tests.PokitDokTest" time="0.53"/>
  <testcase name="insurancePricesTest" classname="com.pokitdok.tests.PokitDokTest" time="0.522"/>
  <testcase name="providersTest" classname="com.pokitdok.tests.PokitDokTest" time="0.524"/>
  <testcase name="eligibilityTest" classname="com.pokitdok.tests.PokitDokTest" time="0.524"/>
  <testcase name="claimsTest" classname="com.pokitdok.tests.PokitDokTest" time="0.523"/>
  <testcase name="claimsStatusTest" classname="com.pokitdok.tests.PokitDokTest" time="0.523"/>
  <testcase name="filesTest" classname="com.pokitdok.tests.PokitDokTest" time="0.0"/>
  <testcase name="activitiesTest" classname="com.pokitdok.tests.PokitDokTest" time="0.525"/>
  <testcase name="payersTest" classname="com.pokitdok.tests.PokitDokTest" time="0.521"/>
  <testcase name="tradingPartnersIndexTest" classname="com.pokitdok.tests.PokitDokTest" time="0.525"/>
  <testcase name="tradingPartnersGetTest" classname="com.pokitdok.tests.PokitDokTest" time="0.522"/>
  <testcase name="plansIndexTest" classname="com.pokitdok.tests.PokitDokTest" time="0.524"/>
  <testcase name="plansGetTest" classname="com.pokitdok.tests.PokitDokTest" time="0.53"/>
  <testcase name="referralsTest" classname="com.pokitdok.tests.PokitDokTest" time="0.519"/>
  <testcase name="listSchedulersTest" classname="com.pokitdok.tests.PokitDokTest" time="0.134">
    <failure message="co.freeside.betamax.tape.TapeLoadException: Invalid tape" type="co.freeside.betamax.tape.TapeLoadException">co.freeside.betamax.tape.TapeLoadException: Invalid tape
	at sun.reflect.NativeConstructorAccessorImpl.newInstance0(Native Method)
	at sun.reflect.NativeConstructorAccessorImpl.newInstance(NativeConstructorAccessorImpl.java:57)
	at sun.reflect.DelegatingConstructorAccessorImpl.newInstance(DelegatingConstructorAccessorImpl.java:45)
	at java.lang.reflect.Constructor.newInstance(Constructor.java:526)
	at org.codehaus.groovy.reflection.CachedConstructor.invoke(CachedConstructor.java:77)
	at org.codehaus.groovy.runtime.callsite.ConstructorSite$ConstructorSiteNoUnwrapNoCoerce.callConstructor(ConstructorSite.java:102)
	at org.codehaus.groovy.runtime.callsite.CallSiteArray.defaultCallConstructor(CallSiteArray.java:57)
	at org.codehaus.groovy.runtime.callsite.AbstractCallSite.callConstructor(AbstractCallSite.java:182)
	at org.codehaus.groovy.runtime.callsite.AbstractCallSite.callConstructor(AbstractCallSite.java:194)
	at co.freeside.betamax.tape.yaml.YamlTape.readFrom(YamlTape.groovy:43)
	at co.freeside.betamax.tape.yaml.YamlTape$readFrom.call(Unknown Source)
	at co.freeside.betamax.tape.yaml.YamlTapeLoader$_loadTape_closure1.doCall(YamlTapeLoader.groovy:41)
	at sun.reflect.NativeMethodAccessorImpl.invoke0(Native Method)
	at sun.reflect.NativeMethodAccessorImpl.invoke(NativeMethodAccessorImpl.java:57)
	at sun.reflect.DelegatingMethodAccessorImpl.invoke(DelegatingMethodAccessorImpl.java:43)
	at java.lang.reflect.Method.invoke(Method.java:606)
	at org.codehaus.groovy.reflection.CachedMethod.invoke(CachedMethod.java:90)
	at groovy.lang.MetaMethod.doMethodInvoke(MetaMethod.java:233)
	at org.codehaus.groovy.runtime.metaclass.ClosureMetaClass.invokeMethod(ClosureMetaClass.java:272)
	at groovy.lang.MetaClassImpl.invokeMethod(MetaClassImpl.java:909)
	at groovy.lang.Closure.call(Closure.java:423)
	at groovy.lang.Closure.call(Closure.java:439)
	at org.codehaus.groovy.runtime.IOGroovyMethods.withReader(IOGroovyMethods.java:1159)
	at org.codehaus.groovy.runtime.ResourceGroovyMethods.withReader(ResourceGroovyMethods.java:1501)
	at org.codehaus.groovy.runtime.dgm$878.invoke(Unknown Source)
	at org.codehaus.groovy.runtime.callsite.PojoMetaMethodSite$PojoMetaMethodSiteNoUnwrapNoCoerce.invoke(PojoMetaMethodSite.java:271)
	at org.codehaus.groovy.runtime.callsite.PojoMetaMethodSite.call(PojoMetaMethodSite.java:53)
	at org.codehaus.groovy.runtime.callsite.AbstractCallSite.call(AbstractCallSite.java:120)
	at co.freeside.betamax.tape.yaml.YamlTapeLoader.loadTape(YamlTapeLoader.groovy:40)
	at co.freeside.betamax.tape.yaml.YamlTapeLoader.loadTape(YamlTapeLoader.groovy)
	at co.freeside.betamax.tape.TapeLoader$loadTape.call(Unknown Source)
	at co.freeside.betamax.Recorder.insertTape(Recorder.groovy:121)
	at co.freeside.betamax.Recorder$insertTape$1.callCurrent(Unknown Source)
	at co.freeside.betamax.Recorder.startProxy(Recorder.groovy:200)
	at co.freeside.betamax.Recorder.this$2$startProxy(Recorder.groovy)
	at co.freeside.betamax.Recorder$this$2$startProxy$0.callCurrent(Unknown Source)
	at co.freeside.betamax.Recorder.withTape(Recorder.groovy:167)
	at sun.reflect.NativeMethodAccessorImpl.invoke0(Native Method)
	at sun.reflect.NativeMethodAccessorImpl.invoke(NativeMethodAccessorImpl.java:57)
	at sun.reflect.DelegatingMethodAccessorImpl.invoke(DelegatingMethodAccessorImpl.java:43)
	at java.lang.reflect.Method.invoke(Method.java:606)
	at org.codehaus.groovy.reflection.CachedMethod.invoke(CachedMethod.java:90)
	at groovy.lang.MetaMethod.doMethodInvoke(MetaMethod.java:233)
	at groovy.lang.MetaClassImpl.invokeMethod(MetaClassImpl.java:1085)
	at org.codehaus.groovy.runtime.ScriptBytecodeAdapter.invokeMethodOnCurrentN(ScriptBytecodeAdapter.java:78)
	at co.freeside.betamax.Recorder.this$dist$invoke$2(Recorder.groovy)
	at co.freeside.betamax.Recorder$1.methodMissing(Recorder.groovy)
	at sun.reflect.NativeMethodAccessorImpl.invoke0(Native Method)
	at sun.reflect.NativeMethodAccessorImpl.invoke(NativeMethodAccessorImpl.java:57)
	at sun.reflect.DelegatingMethodAccessorImpl.invoke(DelegatingMethodAccessorImpl.java:43)
	at java.lang.reflect.Method.invoke(Method.java:606)
	at org.codehaus.groovy.reflection.CachedMethod.invoke(CachedMethod.java:90)
	at groovy.lang.MetaClassImpl.invokeMissingMethod(MetaClassImpl.java:837)
	at groovy.lang.MetaClassImpl.invokePropertyOrMissing(MetaClassImpl.java:1134)
	at groovy.lang.MetaClassImpl.invokeMethod(MetaClassImpl.java:1087)
	at groovy.lang.MetaClassImpl.invokeMethod(MetaClassImpl.java:909)
	at org.codehaus.groovy.runtime.callsite.PogoMetaClassSite.callCurrent(PogoMetaClassSite.java:66)
	at org.codehaus.groovy.runtime.callsite.AbstractCallSite.callCurrent(AbstractCallSite.java:149)
	at co.freeside.betamax.Recorder$1.evaluate(Recorder.groovy:185)
	at org.junit.runners.ParentRunner.runLeaf(ParentRunner.java:263)
	at org.junit.runners.BlockJUnit4ClassRunner.runChild(BlockJUnit4ClassRunner.java:68)
	at org.junit.runners.BlockJUnit4ClassRunner.runChild(BlockJUnit4ClassRunner.java:47)
	at org.junit.runners.ParentRunner$3.run(ParentRunner.java:231)
	at org.junit.runners.ParentRunner$1.schedule(ParentRunner.java:60)
	at org.junit.runners.ParentRunner.runChildren(ParentRunner.java:229)
	at org.junit.runners.ParentRunner.access$000(ParentRunner.java:50)
	at org.junit.runners.ParentRunner$2.evaluate(ParentRunner.java:222)
	at org.junit.runners.ParentRunner.run(ParentRunner.java:300)
	at org.gradle.api.internal.tasks.testing.junit.JUnitTestClassExecuter.runTestClass(JUnitTestClassExecuter.java:86)
	at org.gradle.api.internal.tasks.testing.junit.JUnitTestClassExecuter.execute(JUnitTestClassExecuter.java:49)
	at org.gradle.api.internal.tasks.testing.junit.JUnitTestClassProcessor.processTestClass(JUnitTestClassProcessor.java:69)
	at org.gradle.api.internal.tasks.testing.SuiteTestClassProcessor.processTestClass(SuiteTestClassProcessor.java:48)
	at sun.reflect.NativeMethodAccessorImpl.invoke0(Native Method)
	at sun.reflect.NativeMethodAccessorImpl.invoke(NativeMethodAccessorImpl.java:57)
	at sun.reflect.DelegatingMethodAccessorImpl.invoke(DelegatingMethodAccessorImpl.java:43)
	at java.lang.reflect.Method.invoke(Method.java:606)
	at org.gradle.messaging.dispatch.ReflectionDispatch.dispatch(ReflectionDispatch.java:35)
	at org.gradle.messaging.dispatch.ReflectionDispatch.dispatch(ReflectionDispatch.java:24)
	at org.gradle.messaging.dispatch.ContextClassLoaderDispatch.dispatch(ContextClassLoaderDispatch.java:32)
	at org.gradle.messaging.dispatch.ProxyDispatchAdapter$DispatchingInvocationHandler.invoke(ProxyDispatchAdapter.java:93)
	at com.sun.proxy.$Proxy2.processTestClass(Unknown Source)
	at org.gradle.api.internal.tasks.testing.worker.TestWorker.processTestClass(TestWorker.java:105)
	at sun.reflect.NativeMethodAccessorImpl.invoke0(Native Method)
	at sun.reflect.NativeMethodAccessorImpl.invoke(NativeMethodAccessorImpl.java:57)
	at sun.reflect.DelegatingMethodAccessorImpl.invoke(DelegatingMethodAccessorImpl.java:43)
	at java.lang.reflect.Method.invoke(Method.java:606)
	at org.gradle.messaging.dispatch.ReflectionDispatch.dispatch(ReflectionDispatch.java:35)
	at org.gradle.messaging.dispatch.ReflectionDispatch.dispatch(ReflectionDispatch.java:24)
	at org.gradle.messaging.remote.internal.hub.MessageHub$Handler.run(MessageHub.java:360)
	at org.gradle.internal.concurrent.DefaultExecutorFactory$StoppableExecutorImpl$1.run(DefaultExecutorFactory.java:64)
	at java.util.concurrent.ThreadPoolExecutor.runWorker(ThreadPoolExecutor.java:1145)
	at java.util.concurrent.ThreadPoolExecutor$Worker.run(ThreadPoolExecutor.java:615)
	at java.lang.Thread.run(Thread.java:744)
Caused by: Can't construct a java object for tag:yaml.org,2002:co.freeside.betamax.tape.yaml.YamlTape; exception=Cannot create property=interactions for JavaBean=Tape[scheduling]; Cannot create property=response for JavaBean=co.freeside.betamax.tape.RecordedInteraction@6054b57; Cannot create property=headers for JavaBean=co.freeside.betamax.message.tape.RecordedResponse@417d4040; null; Can't construct a java object for tag:yaml.org,2002:org.codehaus.groovy.runtime.GStringImpl; exception=java.lang.NoSuchMethodException: org.codehaus.groovy.runtime.GStringImpl.&lt;init&gt;()
 in &quot;&lt;reader&gt;&quot;, line 1, column 1:
    !tape
    ^

	at org.yaml.snakeyaml.constructor.Constructor$ConstructYamlObject.construct(Constructor.java:333)
	at org.yaml.snakeyaml.constructor.BaseConstructor.constructObject(BaseConstructor.java:182)
	at org.yaml.snakeyaml.constructor.BaseConstructor.constructDocument(BaseConstructor.java:141)
	at org.yaml.snakeyaml.constructor.BaseConstructor.getSingleData(BaseConstructor.java:127)
	at org.yaml.snakeyaml.Yaml.loadFromReader(Yaml.java:480)
	at org.yaml.snakeyaml.Yaml.loadAs(Yaml.java:440)
	at org.yaml.snakeyaml.Yaml$loadAs.call(Unknown Source)
	at co.freeside.betamax.tape.yaml.YamlTape.readFrom(YamlTape.groovy:41)
	... 83 more
Caused by: org.yaml.snakeyaml.error.YAMLException: Cannot create property=interactions for JavaBean=Tape[scheduling]; Cannot create property=response for JavaBean=co.freeside.betamax.tape.RecordedInteraction@6054b57; Cannot create property=headers for JavaBean=co.freeside.betamax.message.tape.RecordedResponse@417d4040; null; Can't construct a java object for tag:yaml.org,2002:org.codehaus.groovy.runtime.GStringImpl; exception=java.lang.NoSuchMethodException: org.codehaus.groovy.runtime.GStringImpl.&lt;init&gt;()
	at org.yaml.snakeyaml.constructor.Constructor$ConstructMapping.constructJavaBean2ndStep(Constructor.java:299)
	at org.yaml.snakeyaml.constructor.Constructor$ConstructMapping.construct(Constructor.java:189)
	at org.yaml.snakeyaml.constructor.Constructor$ConstructYamlObject.construct(Constructor.java:331)
	... 90 more
Caused by: org.yaml.snakeyaml.error.YAMLException: Cannot create property=response for JavaBean=co.freeside.betamax.tape.RecordedInteraction@6054b57; Cannot create property=headers for JavaBean=co.freeside.betamax.message.tape.RecordedResponse@417d4040; null; Can't construct a java object for tag:yaml.org,2002:org.codehaus.groovy.runtime.GStringImpl; exception=java.lang.NoSuchMethodException: org.codehaus.groovy.runtime.GStringImpl.&lt;init&gt;()
	at org.yaml.snakeyaml.constructor.Constructor$ConstructMapping.constructJavaBean2ndStep(Constructor.java:299)
	at org.yaml.snakeyaml.constructor.Constructor$ConstructMapping.construct(Constructor.java:189)
	at org.yaml.snakeyaml.constructor.BaseConstructor.constructObject(BaseConstructor.java:182)
	at org.yaml.snakeyaml.constructor.BaseConstructor.constructSequenceStep2(BaseConstructor.java:276)
	at org.yaml.snakeyaml.constructor.BaseConstructor.constructSequence(BaseConstructor.java:247)
	at org.yaml.snakeyaml.constructor.Constructor$ConstructSequence.construct(Constructor.java:510)
	at org.yaml.snakeyaml.constructor.BaseConstructor.constructObject(BaseConstructor.java:182)
	at org.yaml.snakeyaml.constructor.Constructor$ConstructMapping.constructJavaBean2ndStep(Constructor.java:296)
	... 92 more
Caused by: org.yaml.snakeyaml.error.YAMLException: Cannot create property=headers for JavaBean=co.freeside.betamax.message.tape.RecordedResponse@417d4040; null; Can't construct a java object for tag:yaml.org,2002:org.codehaus.groovy.runtime.GStringImpl; exception=java.lang.NoSuchMethodException: org.codehaus.groovy.runtime.GStringImpl.&lt;init&gt;()
	at org.yaml.snakeyaml.constructor.Constructor$ConstructMapping.constructJavaBean2ndStep(Constructor.java:299)
	at org.yaml.snakeyaml.constructor.Constructor$ConstructMapping.construct(Constructor.java:189)
	at org.yaml.snakeyaml.constructor.BaseConstructor.constructObject(BaseConstructor.java:182)
	at org.yaml.snakeyaml.constructor.Constructor$ConstructMapping.constructJavaBean2ndStep(Constructor.java:296)
	... 99 more
Caused by: Can't construct a java object for tag:yaml.org,2002:org.codehaus.groovy.runtime.GStringImpl; exception=java.lang.NoSuchMethodException: org.codehaus.groovy.runtime.GStringImpl.&lt;init&gt;()
 in &quot;&lt;reader&gt;&quot;, line 25, column 18:
          X-Betamax: !!org.codehaus.groovy.runtime.GS ... 
                     ^

	at org.yaml.snakeyaml.constructor.Constructor$ConstructYamlObject.construct(Constructor.java:333)
	at org.yaml.snakeyaml.constructor.BaseConstructor.constructObject(BaseConstructor.java:182)
	at org.yaml.snakeyaml.constructor.BaseConstructor.constructMapping2ndStep(BaseConstructor.java:325)
	at org.yaml.snakeyaml.constructor.SafeConstructor.constructMapping2ndStep(SafeConstructor.java:145)
	at org.yaml.snakeyaml.constructor.BaseConstructor.constructMapping(BaseConstructor.java:306)
	at org.yaml.snakeyaml.constructor.Constructor$ConstructMapping.construct(Constructor.java:170)
	at org.yaml.snakeyaml.constructor.BaseConstructor.constructObject(BaseConstructor.java:182)
	at org.yaml.snakeyaml.constructor.Constructor$ConstructMapping.constructJavaBean2ndStep(Constructor.java:296)
	... 102 more
Caused by: org.yaml.snakeyaml.error.YAMLException: java.lang.NoSuchMethodException: org.codehaus.groovy.runtime.GStringImpl.&lt;init&gt;()
	at org.yaml.snakeyaml.constructor.Constructor$ConstructMapping.createEmptyJavaBean(Constructor.java:219)
	at org.yaml.snakeyaml.constructor.Constructor$ConstructMapping.construct(Constructor.java:189)
	at org.yaml.snakeyaml.constructor.Constructor$ConstructYamlObject.construct(Constructor.java:331)
	... 109 more
Caused by: java.lang.NoSuchMethodException: org.codehaus.groovy.runtime.GStringImpl.&lt;init&gt;()
	at java.lang.Class.getConstructor0(Class.java:2810)
	at java.lang.Class.getDeclaredConstructor(Class.java:2053)
	at org.yaml.snakeyaml.constructor.Constructor$ConstructMapping.createEmptyJavaBean(Constructor.java:215)
	... 111 more
</failure>
  </testcase>
  <testcase name="showSchedulerTest" classname="com.pokitdok.tests.PokitDokTest" time="0.12">
    <failure message="co.freeside.betamax.tape.TapeLoadException: Invalid tape" type="co.freeside.betamax.tape.TapeLoadException">co.freeside.betamax.tape.TapeLoadException: Invalid tape
	at sun.reflect.NativeConstructorAccessorImpl.newInstance0(Native Method)
	at sun.reflect.NativeConstructorAccessorImpl.newInstance(NativeConstructorAccessorImpl.java:57)
	at sun.reflect.DelegatingConstructorAccessorImpl.newInstance(DelegatingConstructorAccessorImpl.java:45)
	at java.lang.reflect.Constructor.newInstance(Constructor.java:526)
	at org.codehaus.groovy.reflection.CachedConstructor.invoke(CachedConstructor.java:77)
	at org.codehaus.groovy.runtime.callsite.ConstructorSite$ConstructorSiteNoUnwrapNoCoerce.callConstructor(ConstructorSite.java:102)
	at org.codehaus.groovy.runtime.callsite.AbstractCallSite.callConstructor(AbstractCallSite.java:194)
	at co.freeside.betamax.tape.yaml.YamlTape.readFrom(YamlTape.groovy:43)
	at co.freeside.betamax.tape.yaml.YamlTape$readFrom.call(Unknown Source)
	at co.freeside.betamax.tape.yaml.YamlTapeLoader$_loadTape_closure1.doCall(YamlTapeLoader.groovy:41)
	at sun.reflect.GeneratedMethodAccessor74.invoke(Unknown Source)
	at sun.reflect.DelegatingMethodAccessorImpl.invoke(DelegatingMethodAccessorImpl.java:43)
	at java.lang.reflect.Method.invoke(Method.java:606)
	at org.codehaus.groovy.reflection.CachedMethod.invoke(CachedMethod.java:90)
	at groovy.lang.MetaMethod.doMethodInvoke(MetaMethod.java:233)
	at org.codehaus.groovy.runtime.metaclass.ClosureMetaClass.invokeMethod(ClosureMetaClass.java:272)
	at groovy.lang.MetaClassImpl.invokeMethod(MetaClassImpl.java:909)
	at groovy.lang.Closure.call(Closure.java:423)
	at groovy.lang.Closure.call(Closure.java:439)
	at org.codehaus.groovy.runtime.IOGroovyMethods.withReader(IOGroovyMethods.java:1159)
	at org.codehaus.groovy.runtime.ResourceGroovyMethods.withReader(ResourceGroovyMethods.java:1501)
	at org.codehaus.groovy.runtime.dgm$878.invoke(Unknown Source)
	at org.codehaus.groovy.runtime.callsite.PojoMetaMethodSite$PojoMetaMethodSiteNoUnwrapNoCoerce.invoke(PojoMetaMethodSite.java:271)
	at org.codehaus.groovy.runtime.callsite.PojoMetaMethodSite.call(PojoMetaMethodSite.java:53)
	at org.codehaus.groovy.runtime.callsite.AbstractCallSite.call(AbstractCallSite.java:120)
	at co.freeside.betamax.tape.yaml.YamlTapeLoader.loadTape(YamlTapeLoader.groovy:40)
	at co.freeside.betamax.tape.yaml.YamlTapeLoader.loadTape(YamlTapeLoader.groovy)
	at co.freeside.betamax.tape.TapeLoader$loadTape.call(Unknown Source)
	at co.freeside.betamax.Recorder.insertTape(Recorder.groovy:121)
	at co.freeside.betamax.Recorder$insertTape$1.callCurrent(Unknown Source)
	at co.freeside.betamax.Recorder.startProxy(Recorder.groovy:200)
	at co.freeside.betamax.Recorder.this$2$startProxy(Recorder.groovy)
	at co.freeside.betamax.Recorder$this$2$startProxy$0.callCurrent(Unknown Source)
	at co.freeside.betamax.Recorder.withTape(Recorder.groovy:167)
	at sun.reflect.GeneratedMethodAccessor57.invoke(Unknown Source)
	at sun.reflect.DelegatingMethodAccessorImpl.invoke(DelegatingMethodAccessorImpl.java:43)
	at java.lang.reflect.Method.invoke(Method.java:606)
	at org.codehaus.groovy.reflection.CachedMethod.invoke(CachedMethod.java:90)
	at groovy.lang.MetaMethod.doMethodInvoke(MetaMethod.java:233)
	at groovy.lang.MetaClassImpl.invokeMethod(MetaClassImpl.java:1085)
	at org.codehaus.groovy.runtime.ScriptBytecodeAdapter.invokeMethodOnCurrentN(ScriptBytecodeAdapter.java:78)
	at co.freeside.betamax.Recorder.this$dist$invoke$2(Recorder.groovy)
	at co.freeside.betamax.Recorder$1.methodMissing(Recorder.groovy)
	at sun.reflect.GeneratedMethodAccessor56.invoke(Unknown Source)
	at sun.reflect.DelegatingMethodAccessorImpl.invoke(DelegatingMethodAccessorImpl.java:43)
	at java.lang.reflect.Method.invoke(Method.java:606)
	at org.codehaus.groovy.reflection.CachedMethod.invoke(CachedMethod.java:90)
	at groovy.lang.MetaClassImpl.invokeMissingMethod(MetaClassImpl.java:837)
	at groovy.lang.MetaClassImpl.invokePropertyOrMissing(MetaClassImpl.java:1134)
	at groovy.lang.MetaClassImpl.invokeMethod(MetaClassImpl.java:1087)
	at groovy.lang.MetaClassImpl.invokeMethod(MetaClassImpl.java:909)
	at org.codehaus.groovy.runtime.callsite.PogoMetaClassSite.callCurrent(PogoMetaClassSite.java:66)
	at org.codehaus.groovy.runtime.callsite.AbstractCallSite.callCurrent(AbstractCallSite.java:149)
	at co.freeside.betamax.Recorder$1.evaluate(Recorder.groovy:185)
	at org.junit.runners.ParentRunner.runLeaf(ParentRunner.java:263)
	at org.junit.runners.BlockJUnit4ClassRunner.runChild(BlockJUnit4ClassRunner.java:68)
	at org.junit.runners.BlockJUnit4ClassRunner.runChild(BlockJUnit4ClassRunner.java:47)
	at org.junit.runners.ParentRunner$3.run(ParentRunner.java:231)
	at org.junit.runners.ParentRunner$1.schedule(ParentRunner.java:60)
	at org.junit.runners.ParentRunner.runChildren(ParentRunner.java:229)
	at org.junit.runners.ParentRunner.access$000(ParentRunner.java:50)
	at org.junit.runners.ParentRunner$2.evaluate(ParentRunner.java:222)
	at org.junit.runners.ParentRunner.run(ParentRunner.java:300)
	at org.gradle.api.internal.tasks.testing.junit.JUnitTestClassExecuter.runTestClass(JUnitTestClassExecuter.java:86)
	at org.gradle.api.internal.tasks.testing.junit.JUnitTestClassExecuter.execute(JUnitTestClassExecuter.java:49)
	at org.gradle.api.internal.tasks.testing.junit.JUnitTestClassProcessor.processTestClass(JUnitTestClassProcessor.java:69)
	at org.gradle.api.internal.tasks.testing.SuiteTestClassProcessor.processTestClass(SuiteTestClassProcessor.java:48)
	at sun.reflect.NativeMethodAccessorImpl.invoke0(Native Method)
	at sun.reflect.NativeMethodAccessorImpl.invoke(NativeMethodAccessorImpl.java:57)
	at sun.reflect.DelegatingMethodAccessorImpl.invoke(DelegatingMethodAccessorImpl.java:43)
	at java.lang.reflect.Method.invoke(Method.java:606)
	at org.gradle.messaging.dispatch.ReflectionDispatch.dispatch(ReflectionDispatch.java:35)
	at org.gradle.messaging.dispatch.ReflectionDispatch.dispatch(ReflectionDispatch.java:24)
	at org.gradle.messaging.dispatch.ContextClassLoaderDispatch.dispatch(ContextClassLoaderDispatch.java:32)
	at org.gradle.messaging.dispatch.ProxyDispatchAdapter$DispatchingInvocationHandler.invoke(ProxyDispatchAdapter.java:93)
	at com.sun.proxy.$Proxy2.processTestClass(Unknown Source)
	at org.gradle.api.internal.tasks.testing.worker.TestWorker.processTestClass(TestWorker.java:105)
	at sun.reflect.NativeMethodAccessorImpl.invoke0(Native Method)
	at sun.reflect.NativeMethodAccessorImpl.invoke(NativeMethodAccessorImpl.java:57)
	at sun.reflect.DelegatingMethodAccessorImpl.invoke(DelegatingMethodAccessorImpl.java:43)
	at java.lang.reflect.Method.invoke(Method.java:606)
	at org.gradle.messaging.dispatch.ReflectionDispatch.dispatch(ReflectionDispatch.java:35)
	at org.gradle.messaging.dispatch.ReflectionDispatch.dispatch(ReflectionDispatch.java:24)
	at org.gradle.messaging.remote.internal.hub.MessageHub$Handler.run(MessageHub.java:360)
	at org.gradle.internal.concurrent.DefaultExecutorFactory$StoppableExecutorImpl$1.run(DefaultExecutorFactory.java:64)
	at java.util.concurrent.ThreadPoolExecutor.runWorker(ThreadPoolExecutor.java:1145)
	at java.util.concurrent.ThreadPoolExecutor$Worker.run(ThreadPoolExecutor.java:615)
	at java.lang.Thread.run(Thread.java:744)
Caused by: Can't construct a java object for tag:yaml.org,2002:co.freeside.betamax.tape.yaml.YamlTape; exception=Cannot create property=interactions for JavaBean=Tape[scheduling]; Cannot create property=response for JavaBean=co.freeside.betamax.tape.RecordedInteraction@36c945c3; Cannot create property=headers for JavaBean=co.freeside.betamax.message.tape.RecordedResponse@598b083a; null; Can't construct a java object for tag:yaml.org,2002:org.codehaus.groovy.runtime.GStringImpl; exception=java.lang.NoSuchMethodException: org.codehaus.groovy.runtime.GStringImpl.&lt;init&gt;()
 in &quot;&lt;reader&gt;&quot;, line 1, column 1:
    !tape
    ^

	at org.yaml.snakeyaml.constructor.Constructor$ConstructYamlObject.construct(Constructor.java:333)
	at org.yaml.snakeyaml.constructor.BaseConstructor.constructObject(BaseConstructor.java:182)
	at org.yaml.snakeyaml.constructor.BaseConstructor.constructDocument(BaseConstructor.java:141)
	at org.yaml.snakeyaml.constructor.BaseConstructor.getSingleData(BaseConstructor.java:127)
	at org.yaml.snakeyaml.Yaml.loadFromReader(Yaml.java:480)
	at org.yaml.snakeyaml.Yaml.loadAs(Yaml.java:440)
	at org.yaml.snakeyaml.Yaml$loadAs.call(Unknown Source)
	at co.freeside.betamax.tape.yaml.YamlTape.readFrom(YamlTape.groovy:41)
	... 80 more
Caused by: org.yaml.snakeyaml.error.YAMLException: Cannot create property=interactions for JavaBean=Tape[scheduling]; Cannot create property=response for JavaBean=co.freeside.betamax.tape.RecordedInteraction@36c945c3; Cannot create property=headers for JavaBean=co.freeside.betamax.message.tape.RecordedResponse@598b083a; null; Can't construct a java object for tag:yaml.org,2002:org.codehaus.groovy.runtime.GStringImpl; exception=java.lang.NoSuchMethodException: org.codehaus.groovy.runtime.GStringImpl.&lt;init&gt;()
	at org.yaml.snakeyaml.constructor.Constructor$ConstructMapping.constructJavaBean2ndStep(Constructor.java:299)
	at org.yaml.snakeyaml.constructor.Constructor$ConstructMapping.construct(Constructor.java:189)
	at org.yaml.snakeyaml.constructor.Constructor$ConstructYamlObject.construct(Constructor.java:331)
	... 87 more
Caused by: org.yaml.snakeyaml.error.YAMLException: Cannot create property=response for JavaBean=co.freeside.betamax.tape.RecordedInteraction@36c945c3; Cannot create property=headers for JavaBean=co.freeside.betamax.message.tape.RecordedResponse@598b083a; null; Can't construct a java object for tag:yaml.org,2002:org.codehaus.groovy.runtime.GStringImpl; exception=java.lang.NoSuchMethodException: org.codehaus.groovy.runtime.GStringImpl.&lt;init&gt;()
	at org.yaml.snakeyaml.constructor.Constructor$ConstructMapping.constructJavaBean2ndStep(Constructor.java:299)
	at org.yaml.snakeyaml.constructor.Constructor$ConstructMapping.construct(Constructor.java:189)
	at org.yaml.snakeyaml.constructor.BaseConstructor.constructObject(BaseConstructor.java:182)
	at org.yaml.snakeyaml.constructor.BaseConstructor.constructSequenceStep2(BaseConstructor.java:276)
	at org.yaml.snakeyaml.constructor.BaseConstructor.constructSequence(BaseConstructor.java:247)
	at org.yaml.snakeyaml.constructor.Constructor$ConstructSequence.construct(Constructor.java:510)
	at org.yaml.snakeyaml.constructor.BaseConstructor.constructObject(BaseConstructor.java:182)
	at org.yaml.snakeyaml.constructor.Constructor$ConstructMapping.constructJavaBean2ndStep(Constructor.java:296)
	... 89 more
Caused by: org.yaml.snakeyaml.error.YAMLException: Cannot create property=headers for JavaBean=co.freeside.betamax.message.tape.RecordedResponse@598b083a; null; Can't construct a java object for tag:yaml.org,2002:org.codehaus.groovy.runtime.GStringImpl; exception=java.lang.NoSuchMethodException: org.codehaus.groovy.runtime.GStringImpl.&lt;init&gt;()
	at org.yaml.snakeyaml.constructor.Constructor$ConstructMapping.constructJavaBean2ndStep(Constructor.java:299)
	at org.yaml.snakeyaml.constructor.Constructor$ConstructMapping.construct(Constructor.java:189)
	at org.yaml.snakeyaml.constructor.BaseConstructor.constructObject(BaseConstructor.java:182)
	at org.yaml.snakeyaml.constructor.Constructor$ConstructMapping.constructJavaBean2ndStep(Constructor.java:296)
	... 96 more
Caused by: Can't construct a java object for tag:yaml.org,2002:org.codehaus.groovy.runtime.GStringImpl; exception=java.lang.NoSuchMethodException: org.codehaus.groovy.runtime.GStringImpl.&lt;init&gt;()
 in &quot;&lt;reader&gt;&quot;, line 25, column 18:
          X-Betamax: !!org.codehaus.groovy.runtime.GS ... 
                     ^

	at org.yaml.snakeyaml.constructor.Constructor$ConstructYamlObject.construct(Constructor.java:333)
	at org.yaml.snakeyaml.constructor.BaseConstructor.constructObject(BaseConstructor.java:182)
	at org.yaml.snakeyaml.constructor.BaseConstructor.constructMapping2ndStep(BaseConstructor.java:325)
	at org.yaml.snakeyaml.constructor.SafeConstructor.constructMapping2ndStep(SafeConstructor.java:145)
	at org.yaml.snakeyaml.constructor.BaseConstructor.constructMapping(BaseConstructor.java:306)
	at org.yaml.snakeyaml.constructor.Constructor$ConstructMapping.construct(Constructor.java:170)
	at org.yaml.snakeyaml.constructor.BaseConstructor.constructObject(BaseConstructor.java:182)
	at org.yaml.snakeyaml.constructor.Constructor$ConstructMapping.constructJavaBean2ndStep(Constructor.java:296)
	... 99 more
Caused by: org.yaml.snakeyaml.error.YAMLException: java.lang.NoSuchMethodException: org.codehaus.groovy.runtime.GStringImpl.&lt;init&gt;()
	at org.yaml.snakeyaml.constructor.Constructor$ConstructMapping.createEmptyJavaBean(Constructor.java:219)
	at org.yaml.snakeyaml.constructor.Constructor$ConstructMapping.construct(Constructor.java:189)
	at org.yaml.snakeyaml.constructor.Constructor$ConstructYamlObject.construct(Constructor.java:331)
	... 106 more
Caused by: java.lang.NoSuchMethodException: org.codehaus.groovy.runtime.GStringImpl.&lt;init&gt;()
	at java.lang.Class.getConstructor0(Class.java:2810)
	at java.lang.Class.getDeclaredConstructor(Class.java:2053)
	at org.yaml.snakeyaml.constructor.Constructor$ConstructMapping.createEmptyJavaBean(Constructor.java:215)
	... 108 more
</failure>
  </testcase>
  <testcase name="listAppointmentTypesTest" classname="com.pokitdok.tests.PokitDokTest" time="0.122">
    <failure message="co.freeside.betamax.tape.TapeLoadException: Invalid tape" type="co.freeside.betamax.tape.TapeLoadException">co.freeside.betamax.tape.TapeLoadException: Invalid tape
	at sun.reflect.NativeConstructorAccessorImpl.newInstance0(Native Method)
	at sun.reflect.NativeConstructorAccessorImpl.newInstance(NativeConstructorAccessorImpl.java:57)
	at sun.reflect.DelegatingConstructorAccessorImpl.newInstance(DelegatingConstructorAccessorImpl.java:45)
	at java.lang.reflect.Constructor.newInstance(Constructor.java:526)
	at org.codehaus.groovy.reflection.CachedConstructor.invoke(CachedConstructor.java:77)
	at org.codehaus.groovy.runtime.callsite.ConstructorSite$ConstructorSiteNoUnwrapNoCoerce.callConstructor(ConstructorSite.java:102)
	at org.codehaus.groovy.runtime.callsite.AbstractCallSite.callConstructor(AbstractCallSite.java:194)
	at co.freeside.betamax.tape.yaml.YamlTape.readFrom(YamlTape.groovy:43)
	at co.freeside.betamax.tape.yaml.YamlTape$readFrom.call(Unknown Source)
	at co.freeside.betamax.tape.yaml.YamlTapeLoader$_loadTape_closure1.doCall(YamlTapeLoader.groovy:41)
	at sun.reflect.GeneratedMethodAccessor74.invoke(Unknown Source)
	at sun.reflect.DelegatingMethodAccessorImpl.invoke(DelegatingMethodAccessorImpl.java:43)
	at java.lang.reflect.Method.invoke(Method.java:606)
	at org.codehaus.groovy.reflection.CachedMethod.invoke(CachedMethod.java:90)
	at groovy.lang.MetaMethod.doMethodInvoke(MetaMethod.java:233)
	at org.codehaus.groovy.runtime.metaclass.ClosureMetaClass.invokeMethod(ClosureMetaClass.java:272)
	at groovy.lang.MetaClassImpl.invokeMethod(MetaClassImpl.java:909)
	at groovy.lang.Closure.call(Closure.java:423)
	at groovy.lang.Closure.call(Closure.java:439)
	at org.codehaus.groovy.runtime.IOGroovyMethods.withReader(IOGroovyMethods.java:1159)
	at org.codehaus.groovy.runtime.ResourceGroovyMethods.withReader(ResourceGroovyMethods.java:1501)
	at org.codehaus.groovy.runtime.dgm$878.invoke(Unknown Source)
	at org.codehaus.groovy.runtime.callsite.PojoMetaMethodSite$PojoMetaMethodSiteNoUnwrapNoCoerce.invoke(PojoMetaMethodSite.java:271)
	at org.codehaus.groovy.runtime.callsite.PojoMetaMethodSite.call(PojoMetaMethodSite.java:53)
	at org.codehaus.groovy.runtime.callsite.AbstractCallSite.call(AbstractCallSite.java:120)
	at co.freeside.betamax.tape.yaml.YamlTapeLoader.loadTape(YamlTapeLoader.groovy:40)
	at co.freeside.betamax.tape.yaml.YamlTapeLoader.loadTape(YamlTapeLoader.groovy)
	at co.freeside.betamax.tape.TapeLoader$loadTape.call(Unknown Source)
	at co.freeside.betamax.Recorder.insertTape(Recorder.groovy:121)
	at co.freeside.betamax.Recorder$insertTape$1.callCurrent(Unknown Source)
	at co.freeside.betamax.Recorder.startProxy(Recorder.groovy:200)
	at co.freeside.betamax.Recorder.this$2$startProxy(Recorder.groovy)
	at co.freeside.betamax.Recorder$this$2$startProxy$0.callCurrent(Unknown Source)
	at co.freeside.betamax.Recorder.withTape(Recorder.groovy:167)
	at sun.reflect.GeneratedMethodAccessor57.invoke(Unknown Source)
	at sun.reflect.DelegatingMethodAccessorImpl.invoke(DelegatingMethodAccessorImpl.java:43)
	at java.lang.reflect.Method.invoke(Method.java:606)
	at org.codehaus.groovy.reflection.CachedMethod.invoke(CachedMethod.java:90)
	at groovy.lang.MetaMethod.doMethodInvoke(MetaMethod.java:233)
	at groovy.lang.MetaClassImpl.invokeMethod(MetaClassImpl.java:1085)
	at org.codehaus.groovy.runtime.ScriptBytecodeAdapter.invokeMethodOnCurrentN(ScriptBytecodeAdapter.java:78)
	at co.freeside.betamax.Recorder.this$dist$invoke$2(Recorder.groovy)
	at co.freeside.betamax.Recorder$1.methodMissing(Recorder.groovy)
	at sun.reflect.GeneratedMethodAccessor56.invoke(Unknown Source)
	at sun.reflect.DelegatingMethodAccessorImpl.invoke(DelegatingMethodAccessorImpl.java:43)
	at java.lang.reflect.Method.invoke(Method.java:606)
	at org.codehaus.groovy.reflection.CachedMethod.invoke(CachedMethod.java:90)
	at groovy.lang.MetaClassImpl.invokeMissingMethod(MetaClassImpl.java:837)
	at groovy.lang.MetaClassImpl.invokePropertyOrMissing(MetaClassImpl.java:1134)
	at groovy.lang.MetaClassImpl.invokeMethod(MetaClassImpl.java:1087)
	at groovy.lang.MetaClassImpl.invokeMethod(MetaClassImpl.java:909)
	at org.codehaus.groovy.runtime.callsite.PogoMetaClassSite.callCurrent(PogoMetaClassSite.java:66)
	at org.codehaus.groovy.runtime.callsite.AbstractCallSite.callCurrent(AbstractCallSite.java:149)
	at co.freeside.betamax.Recorder$1.evaluate(Recorder.groovy:185)
	at org.junit.runners.ParentRunner.runLeaf(ParentRunner.java:263)
	at org.junit.runners.BlockJUnit4ClassRunner.runChild(BlockJUnit4ClassRunner.java:68)
	at org.junit.runners.BlockJUnit4ClassRunner.runChild(BlockJUnit4ClassRunner.java:47)
	at org.junit.runners.ParentRunner$3.run(ParentRunner.java:231)
	at org.junit.runners.ParentRunner$1.schedule(ParentRunner.java:60)
	at org.junit.runners.ParentRunner.runChildren(ParentRunner.java:229)
	at org.junit.runners.ParentRunner.access$000(ParentRunner.java:50)
	at org.junit.runners.ParentRunner$2.evaluate(ParentRunner.java:222)
	at org.junit.runners.ParentRunner.run(ParentRunner.java:300)
	at org.gradle.api.internal.tasks.testing.junit.JUnitTestClassExecuter.runTestClass(JUnitTestClassExecuter.java:86)
	at org.gradle.api.internal.tasks.testing.junit.JUnitTestClassExecuter.execute(JUnitTestClassExecuter.java:49)
	at org.gradle.api.internal.tasks.testing.junit.JUnitTestClassProcessor.processTestClass(JUnitTestClassProcessor.java:69)
	at org.gradle.api.internal.tasks.testing.SuiteTestClassProcessor.processTestClass(SuiteTestClassProcessor.java:48)
	at sun.reflect.NativeMethodAccessorImpl.invoke0(Native Method)
	at sun.reflect.NativeMethodAccessorImpl.invoke(NativeMethodAccessorImpl.java:57)
	at sun.reflect.DelegatingMethodAccessorImpl.invoke(DelegatingMethodAccessorImpl.java:43)
	at java.lang.reflect.Method.invoke(Method.java:606)
	at org.gradle.messaging.dispatch.ReflectionDispatch.dispatch(ReflectionDispatch.java:35)
	at org.gradle.messaging.dispatch.ReflectionDispatch.dispatch(ReflectionDispatch.java:24)
	at org.gradle.messaging.dispatch.ContextClassLoaderDispatch.dispatch(ContextClassLoaderDispatch.java:32)
	at org.gradle.messaging.dispatch.ProxyDispatchAdapter$DispatchingInvocationHandler.invoke(ProxyDispatchAdapter.java:93)
	at com.sun.proxy.$Proxy2.processTestClass(Unknown Source)
	at org.gradle.api.internal.tasks.testing.worker.TestWorker.processTestClass(TestWorker.java:105)
	at sun.reflect.NativeMethodAccessorImpl.invoke0(Native Method)
	at sun.reflect.NativeMethodAccessorImpl.invoke(NativeMethodAccessorImpl.java:57)
	at sun.reflect.DelegatingMethodAccessorImpl.invoke(DelegatingMethodAccessorImpl.java:43)
	at java.lang.reflect.Method.invoke(Method.java:606)
	at org.gradle.messaging.dispatch.ReflectionDispatch.dispatch(ReflectionDispatch.java:35)
	at org.gradle.messaging.dispatch.ReflectionDispatch.dispatch(ReflectionDispatch.java:24)
	at org.gradle.messaging.remote.internal.hub.MessageHub$Handler.run(MessageHub.java:360)
	at org.gradle.internal.concurrent.DefaultExecutorFactory$StoppableExecutorImpl$1.run(DefaultExecutorFactory.java:64)
	at java.util.concurrent.ThreadPoolExecutor.runWorker(ThreadPoolExecutor.java:1145)
	at java.util.concurrent.ThreadPoolExecutor$Worker.run(ThreadPoolExecutor.java:615)
	at java.lang.Thread.run(Thread.java:744)
Caused by: Can't construct a java object for tag:yaml.org,2002:co.freeside.betamax.tape.yaml.YamlTape; exception=Cannot create property=interactions for JavaBean=Tape[scheduling]; Cannot create property=response for JavaBean=co.freeside.betamax.tape.RecordedInteraction@49480586; Cannot create property=headers for JavaBean=co.freeside.betamax.message.tape.RecordedResponse@48acdc2a; null; Can't construct a java object for tag:yaml.org,2002:org.codehaus.groovy.runtime.GStringImpl; exception=java.lang.NoSuchMethodException: org.codehaus.groovy.runtime.GStringImpl.&lt;init&gt;()
 in &quot;&lt;reader&gt;&quot;, line 1, column 1:
    !tape
    ^

	at org.yaml.snakeyaml.constructor.Constructor$ConstructYamlObject.construct(Constructor.java:333)
	at org.yaml.snakeyaml.constructor.BaseConstructor.constructObject(BaseConstructor.java:182)
	at org.yaml.snakeyaml.constructor.BaseConstructor.constructDocument(BaseConstructor.java:141)
	at org.yaml.snakeyaml.constructor.BaseConstructor.getSingleData(BaseConstructor.java:127)
	at org.yaml.snakeyaml.Yaml.loadFromReader(Yaml.java:480)
	at org.yaml.snakeyaml.Yaml.loadAs(Yaml.java:440)
	at org.yaml.snakeyaml.Yaml$loadAs.call(Unknown Source)
	at co.freeside.betamax.tape.yaml.YamlTape.readFrom(YamlTape.groovy:41)
	... 80 more
Caused by: org.yaml.snakeyaml.error.YAMLException: Cannot create property=interactions for JavaBean=Tape[scheduling]; Cannot create property=response for JavaBean=co.freeside.betamax.tape.RecordedInteraction@49480586; Cannot create property=headers for JavaBean=co.freeside.betamax.message.tape.RecordedResponse@48acdc2a; null; Can't construct a java object for tag:yaml.org,2002:org.codehaus.groovy.runtime.GStringImpl; exception=java.lang.NoSuchMethodException: org.codehaus.groovy.runtime.GStringImpl.&lt;init&gt;()
	at org.yaml.snakeyaml.constructor.Constructor$ConstructMapping.constructJavaBean2ndStep(Constructor.java:299)
	at org.yaml.snakeyaml.constructor.Constructor$ConstructMapping.construct(Constructor.java:189)
	at org.yaml.snakeyaml.constructor.Constructor$ConstructYamlObject.construct(Constructor.java:331)
	... 87 more
Caused by: org.yaml.snakeyaml.error.YAMLException: Cannot create property=response for JavaBean=co.freeside.betamax.tape.RecordedInteraction@49480586; Cannot create property=headers for JavaBean=co.freeside.betamax.message.tape.RecordedResponse@48acdc2a; null; Can't construct a java object for tag:yaml.org,2002:org.codehaus.groovy.runtime.GStringImpl; exception=java.lang.NoSuchMethodException: org.codehaus.groovy.runtime.GStringImpl.&lt;init&gt;()
	at org.yaml.snakeyaml.constructor.Constructor$ConstructMapping.constructJavaBean2ndStep(Constructor.java:299)
	at org.yaml.snakeyaml.constructor.Constructor$ConstructMapping.construct(Constructor.java:189)
	at org.yaml.snakeyaml.constructor.BaseConstructor.constructObject(BaseConstructor.java:182)
	at org.yaml.snakeyaml.constructor.BaseConstructor.constructSequenceStep2(BaseConstructor.java:276)
	at org.yaml.snakeyaml.constructor.BaseConstructor.constructSequence(BaseConstructor.java:247)
	at org.yaml.snakeyaml.constructor.Constructor$ConstructSequence.construct(Constructor.java:510)
	at org.yaml.snakeyaml.constructor.BaseConstructor.constructObject(BaseConstructor.java:182)
	at org.yaml.snakeyaml.constructor.Constructor$ConstructMapping.constructJavaBean2ndStep(Constructor.java:296)
	... 89 more
Caused by: org.yaml.snakeyaml.error.YAMLException: Cannot create property=headers for JavaBean=co.freeside.betamax.message.tape.RecordedResponse@48acdc2a; null; Can't construct a java object for tag:yaml.org,2002:org.codehaus.groovy.runtime.GStringImpl; exception=java.lang.NoSuchMethodException: org.codehaus.groovy.runtime.GStringImpl.&lt;init&gt;()
	at org.yaml.snakeyaml.constructor.Constructor$ConstructMapping.constructJavaBean2ndStep(Constructor.java:299)
	at org.yaml.snakeyaml.constructor.Constructor$ConstructMapping.construct(Constructor.java:189)
	at org.yaml.snakeyaml.constructor.BaseConstructor.constructObject(BaseConstructor.java:182)
	at org.yaml.snakeyaml.constructor.Constructor$ConstructMapping.constructJavaBean2ndStep(Constructor.java:296)
	... 96 more
Caused by: Can't construct a java object for tag:yaml.org,2002:org.codehaus.groovy.runtime.GStringImpl; exception=java.lang.NoSuchMethodException: org.codehaus.groovy.runtime.GStringImpl.&lt;init&gt;()
 in &quot;&lt;reader&gt;&quot;, line 25, column 18:
          X-Betamax: !!org.codehaus.groovy.runtime.GS ... 
                     ^

	at org.yaml.snakeyaml.constructor.Constructor$ConstructYamlObject.construct(Constructor.java:333)
	at org.yaml.snakeyaml.constructor.BaseConstructor.constructObject(BaseConstructor.java:182)
	at org.yaml.snakeyaml.constructor.BaseConstructor.constructMapping2ndStep(BaseConstructor.java:325)
	at org.yaml.snakeyaml.constructor.SafeConstructor.constructMapping2ndStep(SafeConstructor.java:145)
	at org.yaml.snakeyaml.constructor.BaseConstructor.constructMapping(BaseConstructor.java:306)
	at org.yaml.snakeyaml.constructor.Constructor$ConstructMapping.construct(Constructor.java:170)
	at org.yaml.snakeyaml.constructor.BaseConstructor.constructObject(BaseConstructor.java:182)
	at org.yaml.snakeyaml.constructor.Constructor$ConstructMapping.constructJavaBean2ndStep(Constructor.java:296)
	... 99 more
Caused by: org.yaml.snakeyaml.error.YAMLException: java.lang.NoSuchMethodException: org.codehaus.groovy.runtime.GStringImpl.&lt;init&gt;()
	at org.yaml.snakeyaml.constructor.Constructor$ConstructMapping.createEmptyJavaBean(Constructor.java:219)
	at org.yaml.snakeyaml.constructor.Constructor$ConstructMapping.construct(Constructor.java:189)
	at org.yaml.snakeyaml.constructor.Constructor$ConstructYamlObject.construct(Constructor.java:331)
	... 106 more
Caused by: java.lang.NoSuchMethodException: org.codehaus.groovy.runtime.GStringImpl.&lt;init&gt;()
	at java.lang.Class.getConstructor0(Class.java:2810)
	at java.lang.Class.getDeclaredConstructor(Class.java:2053)
	at org.yaml.snakeyaml.constructor.Constructor$ConstructMapping.createEmptyJavaBean(Constructor.java:215)
	... 108 more
</failure>
  </testcase>
  <testcase name="showAppointmentTypeTest" classname="com.pokitdok.tests.PokitDokTest" time="0.121">
    <failure message="co.freeside.betamax.tape.TapeLoadException: Invalid tape" type="co.freeside.betamax.tape.TapeLoadException">co.freeside.betamax.tape.TapeLoadException: Invalid tape
	at sun.reflect.NativeConstructorAccessorImpl.newInstance0(Native Method)
	at sun.reflect.NativeConstructorAccessorImpl.newInstance(NativeConstructorAccessorImpl.java:57)
	at sun.reflect.DelegatingConstructorAccessorImpl.newInstance(DelegatingConstructorAccessorImpl.java:45)
	at java.lang.reflect.Constructor.newInstance(Constructor.java:526)
	at org.codehaus.groovy.reflection.CachedConstructor.invoke(CachedConstructor.java:77)
	at org.codehaus.groovy.runtime.callsite.ConstructorSite$ConstructorSiteNoUnwrapNoCoerce.callConstructor(ConstructorSite.java:102)
	at org.codehaus.groovy.runtime.callsite.AbstractCallSite.callConstructor(AbstractCallSite.java:194)
	at co.freeside.betamax.tape.yaml.YamlTape.readFrom(YamlTape.groovy:43)
	at co.freeside.betamax.tape.yaml.YamlTape$readFrom.call(Unknown Source)
	at co.freeside.betamax.tape.yaml.YamlTapeLoader$_loadTape_closure1.doCall(YamlTapeLoader.groovy:41)
	at sun.reflect.GeneratedMethodAccessor74.invoke(Unknown Source)
	at sun.reflect.DelegatingMethodAccessorImpl.invoke(DelegatingMethodAccessorImpl.java:43)
	at java.lang.reflect.Method.invoke(Method.java:606)
	at org.codehaus.groovy.reflection.CachedMethod.invoke(CachedMethod.java:90)
	at groovy.lang.MetaMethod.doMethodInvoke(MetaMethod.java:233)
	at org.codehaus.groovy.runtime.metaclass.ClosureMetaClass.invokeMethod(ClosureMetaClass.java:272)
	at groovy.lang.MetaClassImpl.invokeMethod(MetaClassImpl.java:909)
	at groovy.lang.Closure.call(Closure.java:423)
	at groovy.lang.Closure.call(Closure.java:439)
	at org.codehaus.groovy.runtime.IOGroovyMethods.withReader(IOGroovyMethods.java:1159)
	at org.codehaus.groovy.runtime.ResourceGroovyMethods.withReader(ResourceGroovyMethods.java:1501)
	at org.codehaus.groovy.runtime.dgm$878.invoke(Unknown Source)
	at org.codehaus.groovy.runtime.callsite.PojoMetaMethodSite$PojoMetaMethodSiteNoUnwrapNoCoerce.invoke(PojoMetaMethodSite.java:271)
	at org.codehaus.groovy.runtime.callsite.PojoMetaMethodSite.call(PojoMetaMethodSite.java:53)
	at org.codehaus.groovy.runtime.callsite.AbstractCallSite.call(AbstractCallSite.java:120)
	at co.freeside.betamax.tape.yaml.YamlTapeLoader.loadTape(YamlTapeLoader.groovy:40)
	at co.freeside.betamax.tape.yaml.YamlTapeLoader.loadTape(YamlTapeLoader.groovy)
	at co.freeside.betamax.tape.TapeLoader$loadTape.call(Unknown Source)
	at co.freeside.betamax.Recorder.insertTape(Recorder.groovy:121)
	at co.freeside.betamax.Recorder$insertTape$1.callCurrent(Unknown Source)
	at co.freeside.betamax.Recorder.startProxy(Recorder.groovy:200)
	at co.freeside.betamax.Recorder.this$2$startProxy(Recorder.groovy)
	at co.freeside.betamax.Recorder$this$2$startProxy$0.callCurrent(Unknown Source)
	at co.freeside.betamax.Recorder.withTape(Recorder.groovy:167)
	at sun.reflect.GeneratedMethodAccessor57.invoke(Unknown Source)
	at sun.reflect.DelegatingMethodAccessorImpl.invoke(DelegatingMethodAccessorImpl.java:43)
	at java.lang.reflect.Method.invoke(Method.java:606)
	at org.codehaus.groovy.reflection.CachedMethod.invoke(CachedMethod.java:90)
	at groovy.lang.MetaMethod.doMethodInvoke(MetaMethod.java:233)
	at groovy.lang.MetaClassImpl.invokeMethod(MetaClassImpl.java:1085)
	at org.codehaus.groovy.runtime.ScriptBytecodeAdapter.invokeMethodOnCurrentN(ScriptBytecodeAdapter.java:78)
	at co.freeside.betamax.Recorder.this$dist$invoke$2(Recorder.groovy)
	at co.freeside.betamax.Recorder$1.methodMissing(Recorder.groovy)
	at sun.reflect.GeneratedMethodAccessor56.invoke(Unknown Source)
	at sun.reflect.DelegatingMethodAccessorImpl.invoke(DelegatingMethodAccessorImpl.java:43)
	at java.lang.reflect.Method.invoke(Method.java:606)
	at org.codehaus.groovy.reflection.CachedMethod.invoke(CachedMethod.java:90)
	at groovy.lang.MetaClassImpl.invokeMissingMethod(MetaClassImpl.java:837)
	at groovy.lang.MetaClassImpl.invokePropertyOrMissing(MetaClassImpl.java:1134)
	at groovy.lang.MetaClassImpl.invokeMethod(MetaClassImpl.java:1087)
	at groovy.lang.MetaClassImpl.invokeMethod(MetaClassImpl.java:909)
	at org.codehaus.groovy.runtime.callsite.PogoMetaClassSite.callCurrent(PogoMetaClassSite.java:66)
	at org.codehaus.groovy.runtime.callsite.AbstractCallSite.callCurrent(AbstractCallSite.java:149)
	at co.freeside.betamax.Recorder$1.evaluate(Recorder.groovy:185)
	at org.junit.runners.ParentRunner.runLeaf(ParentRunner.java:263)
	at org.junit.runners.BlockJUnit4ClassRunner.runChild(BlockJUnit4ClassRunner.java:68)
	at org.junit.runners.BlockJUnit4ClassRunner.runChild(BlockJUnit4ClassRunner.java:47)
	at org.junit.runners.ParentRunner$3.run(ParentRunner.java:231)
	at org.junit.runners.ParentRunner$1.schedule(ParentRunner.java:60)
	at org.junit.runners.ParentRunner.runChildren(ParentRunner.java:229)
	at org.junit.runners.ParentRunner.access$000(ParentRunner.java:50)
	at org.junit.runners.ParentRunner$2.evaluate(ParentRunner.java:222)
	at org.junit.runners.ParentRunner.run(ParentRunner.java:300)
	at org.gradle.api.internal.tasks.testing.junit.JUnitTestClassExecuter.runTestClass(JUnitTestClassExecuter.java:86)
	at org.gradle.api.internal.tasks.testing.junit.JUnitTestClassExecuter.execute(JUnitTestClassExecuter.java:49)
	at org.gradle.api.internal.tasks.testing.junit.JUnitTestClassProcessor.processTestClass(JUnitTestClassProcessor.java:69)
	at org.gradle.api.internal.tasks.testing.SuiteTestClassProcessor.processTestClass(SuiteTestClassProcessor.java:48)
	at sun.reflect.NativeMethodAccessorImpl.invoke0(Native Method)
	at sun.reflect.NativeMethodAccessorImpl.invoke(NativeMethodAccessorImpl.java:57)
	at sun.reflect.DelegatingMethodAccessorImpl.invoke(DelegatingMethodAccessorImpl.java:43)
	at java.lang.reflect.Method.invoke(Method.java:606)
	at org.gradle.messaging.dispatch.ReflectionDispatch.dispatch(ReflectionDispatch.java:35)
	at org.gradle.messaging.dispatch.ReflectionDispatch.dispatch(ReflectionDispatch.java:24)
	at org.gradle.messaging.dispatch.ContextClassLoaderDispatch.dispatch(ContextClassLoaderDispatch.java:32)
	at org.gradle.messaging.dispatch.ProxyDispatchAdapter$DispatchingInvocationHandler.invoke(ProxyDispatchAdapter.java:93)
	at com.sun.proxy.$Proxy2.processTestClass(Unknown Source)
	at org.gradle.api.internal.tasks.testing.worker.TestWorker.processTestClass(TestWorker.java:105)
	at sun.reflect.NativeMethodAccessorImpl.invoke0(Native Method)
	at sun.reflect.NativeMethodAccessorImpl.invoke(NativeMethodAccessorImpl.java:57)
	at sun.reflect.DelegatingMethodAccessorImpl.invoke(DelegatingMethodAccessorImpl.java:43)
	at java.lang.reflect.Method.invoke(Method.java:606)
	at org.gradle.messaging.dispatch.ReflectionDispatch.dispatch(ReflectionDispatch.java:35)
	at org.gradle.messaging.dispatch.ReflectionDispatch.dispatch(ReflectionDispatch.java:24)
	at org.gradle.messaging.remote.internal.hub.MessageHub$Handler.run(MessageHub.java:360)
	at org.gradle.internal.concurrent.DefaultExecutorFactory$StoppableExecutorImpl$1.run(DefaultExecutorFactory.java:64)
	at java.util.concurrent.ThreadPoolExecutor.runWorker(ThreadPoolExecutor.java:1145)
	at java.util.concurrent.ThreadPoolExecutor$Worker.run(ThreadPoolExecutor.java:615)
	at java.lang.Thread.run(Thread.java:744)
Caused by: Can't construct a java object for tag:yaml.org,2002:co.freeside.betamax.tape.yaml.YamlTape; exception=Cannot create property=interactions for JavaBean=Tape[scheduling]; Cannot create property=response for JavaBean=co.freeside.betamax.tape.RecordedInteraction@158654b4; Cannot create property=headers for JavaBean=co.freeside.betamax.message.tape.RecordedResponse@38080131; null; Can't construct a java object for tag:yaml.org,2002:org.codehaus.groovy.runtime.GStringImpl; exception=java.lang.NoSuchMethodException: org.codehaus.groovy.runtime.GStringImpl.&lt;init&gt;()
 in &quot;&lt;reader&gt;&quot;, line 1, column 1:
    !tape
    ^

	at org.yaml.snakeyaml.constructor.Constructor$ConstructYamlObject.construct(Constructor.java:333)
	at org.yaml.snakeyaml.constructor.BaseConstructor.constructObject(BaseConstructor.java:182)
	at org.yaml.snakeyaml.constructor.BaseConstructor.constructDocument(BaseConstructor.java:141)
	at org.yaml.snakeyaml.constructor.BaseConstructor.getSingleData(BaseConstructor.java:127)
	at org.yaml.snakeyaml.Yaml.loadFromReader(Yaml.java:480)
	at org.yaml.snakeyaml.Yaml.loadAs(Yaml.java:440)
	at org.yaml.snakeyaml.Yaml$loadAs.call(Unknown Source)
	at co.freeside.betamax.tape.yaml.YamlTape.readFrom(YamlTape.groovy:41)
	... 80 more
Caused by: org.yaml.snakeyaml.error.YAMLException: Cannot create property=interactions for JavaBean=Tape[scheduling]; Cannot create property=response for JavaBean=co.freeside.betamax.tape.RecordedInteraction@158654b4; Cannot create property=headers for JavaBean=co.freeside.betamax.message.tape.RecordedResponse@38080131; null; Can't construct a java object for tag:yaml.org,2002:org.codehaus.groovy.runtime.GStringImpl; exception=java.lang.NoSuchMethodException: org.codehaus.groovy.runtime.GStringImpl.&lt;init&gt;()
	at org.yaml.snakeyaml.constructor.Constructor$ConstructMapping.constructJavaBean2ndStep(Constructor.java:299)
	at org.yaml.snakeyaml.constructor.Constructor$ConstructMapping.construct(Constructor.java:189)
	at org.yaml.snakeyaml.constructor.Constructor$ConstructYamlObject.construct(Constructor.java:331)
	... 87 more
Caused by: org.yaml.snakeyaml.error.YAMLException: Cannot create property=response for JavaBean=co.freeside.betamax.tape.RecordedInteraction@158654b4; Cannot create property=headers for JavaBean=co.freeside.betamax.message.tape.RecordedResponse@38080131; null; Can't construct a java object for tag:yaml.org,2002:org.codehaus.groovy.runtime.GStringImpl; exception=java.lang.NoSuchMethodException: org.codehaus.groovy.runtime.GStringImpl.&lt;init&gt;()
	at org.yaml.snakeyaml.constructor.Constructor$ConstructMapping.constructJavaBean2ndStep(Constructor.java:299)
	at org.yaml.snakeyaml.constructor.Constructor$ConstructMapping.construct(Constructor.java:189)
	at org.yaml.snakeyaml.constructor.BaseConstructor.constructObject(BaseConstructor.java:182)
	at org.yaml.snakeyaml.constructor.BaseConstructor.constructSequenceStep2(BaseConstructor.java:276)
	at org.yaml.snakeyaml.constructor.BaseConstructor.constructSequence(BaseConstructor.java:247)
	at org.yaml.snakeyaml.constructor.Constructor$ConstructSequence.construct(Constructor.java:510)
	at org.yaml.snakeyaml.constructor.BaseConstructor.constructObject(BaseConstructor.java:182)
	at org.yaml.snakeyaml.constructor.Constructor$ConstructMapping.constructJavaBean2ndStep(Constructor.java:296)
	... 89 more
Caused by: org.yaml.snakeyaml.error.YAMLException: Cannot create property=headers for JavaBean=co.freeside.betamax.message.tape.RecordedResponse@38080131; null; Can't construct a java object for tag:yaml.org,2002:org.codehaus.groovy.runtime.GStringImpl; exception=java.lang.NoSuchMethodException: org.codehaus.groovy.runtime.GStringImpl.&lt;init&gt;()
	at org.yaml.snakeyaml.constructor.Constructor$ConstructMapping.constructJavaBean2ndStep(Constructor.java:299)
	at org.yaml.snakeyaml.constructor.Constructor$ConstructMapping.construct(Constructor.java:189)
	at org.yaml.snakeyaml.constructor.BaseConstructor.constructObject(BaseConstructor.java:182)
	at org.yaml.snakeyaml.constructor.Constructor$ConstructMapping.constructJavaBean2ndStep(Constructor.java:296)
	... 96 more
Caused by: Can't construct a java object for tag:yaml.org,2002:org.codehaus.groovy.runtime.GStringImpl; exception=java.lang.NoSuchMethodException: org.codehaus.groovy.runtime.GStringImpl.&lt;init&gt;()
 in &quot;&lt;reader&gt;&quot;, line 25, column 18:
          X-Betamax: !!org.codehaus.groovy.runtime.GS ... 
                     ^

	at org.yaml.snakeyaml.constructor.Constructor$ConstructYamlObject.construct(Constructor.java:333)
	at org.yaml.snakeyaml.constructor.BaseConstructor.constructObject(BaseConstructor.java:182)
	at org.yaml.snakeyaml.constructor.BaseConstructor.constructMapping2ndStep(BaseConstructor.java:325)
	at org.yaml.snakeyaml.constructor.SafeConstructor.constructMapping2ndStep(SafeConstructor.java:145)
	at org.yaml.snakeyaml.constructor.BaseConstructor.constructMapping(BaseConstructor.java:306)
	at org.yaml.snakeyaml.constructor.Constructor$ConstructMapping.construct(Constructor.java:170)
	at org.yaml.snakeyaml.constructor.BaseConstructor.constructObject(BaseConstructor.java:182)
	at org.yaml.snakeyaml.constructor.Constructor$ConstructMapping.constructJavaBean2ndStep(Constructor.java:296)
	... 99 more
Caused by: org.yaml.snakeyaml.error.YAMLException: java.lang.NoSuchMethodException: org.codehaus.groovy.runtime.GStringImpl.&lt;init&gt;()
	at org.yaml.snakeyaml.constructor.Constructor$ConstructMapping.createEmptyJavaBean(Constructor.java:219)
	at org.yaml.snakeyaml.constructor.Constructor$ConstructMapping.construct(Constructor.java:189)
	at org.yaml.snakeyaml.constructor.Constructor$ConstructYamlObject.construct(Constructor.java:331)
	... 106 more
Caused by: java.lang.NoSuchMethodException: org.codehaus.groovy.runtime.GStringImpl.&lt;init&gt;()
	at java.lang.Class.getConstructor0(Class.java:2810)
	at java.lang.Class.getDeclaredConstructor(Class.java:2053)
	at org.yaml.snakeyaml.constructor.Constructor$ConstructMapping.createEmptyJavaBean(Constructor.java:215)
	... 108 more
</failure>
  </testcase>
  <testcase name="bookAppointmentTest" classname="com.pokitdok.tests.PokitDokTest" time="0.119">
    <failure message="co.freeside.betamax.tape.TapeLoadException: Invalid tape" type="co.freeside.betamax.tape.TapeLoadException">co.freeside.betamax.tape.TapeLoadException: Invalid tape
	at sun.reflect.NativeConstructorAccessorImpl.newInstance0(Native Method)
	at sun.reflect.NativeConstructorAccessorImpl.newInstance(NativeConstructorAccessorImpl.java:57)
	at sun.reflect.DelegatingConstructorAccessorImpl.newInstance(DelegatingConstructorAccessorImpl.java:45)
	at java.lang.reflect.Constructor.newInstance(Constructor.java:526)
	at org.codehaus.groovy.reflection.CachedConstructor.invoke(CachedConstructor.java:77)
	at org.codehaus.groovy.runtime.callsite.ConstructorSite$ConstructorSiteNoUnwrapNoCoerce.callConstructor(ConstructorSite.java:102)
	at org.codehaus.groovy.runtime.callsite.AbstractCallSite.callConstructor(AbstractCallSite.java:194)
	at co.freeside.betamax.tape.yaml.YamlTape.readFrom(YamlTape.groovy:43)
	at co.freeside.betamax.tape.yaml.YamlTape$readFrom.call(Unknown Source)
	at co.freeside.betamax.tape.yaml.YamlTapeLoader$_loadTape_closure1.doCall(YamlTapeLoader.groovy:41)
	at sun.reflect.GeneratedMethodAccessor74.invoke(Unknown Source)
	at sun.reflect.DelegatingMethodAccessorImpl.invoke(DelegatingMethodAccessorImpl.java:43)
	at java.lang.reflect.Method.invoke(Method.java:606)
	at org.codehaus.groovy.reflection.CachedMethod.invoke(CachedMethod.java:90)
	at groovy.lang.MetaMethod.doMethodInvoke(MetaMethod.java:233)
	at org.codehaus.groovy.runtime.metaclass.ClosureMetaClass.invokeMethod(ClosureMetaClass.java:272)
	at groovy.lang.MetaClassImpl.invokeMethod(MetaClassImpl.java:909)
	at groovy.lang.Closure.call(Closure.java:423)
	at groovy.lang.Closure.call(Closure.java:439)
	at org.codehaus.groovy.runtime.IOGroovyMethods.withReader(IOGroovyMethods.java:1159)
	at org.codehaus.groovy.runtime.ResourceGroovyMethods.withReader(ResourceGroovyMethods.java:1501)
	at org.codehaus.groovy.runtime.dgm$878.invoke(Unknown Source)
	at org.codehaus.groovy.runtime.callsite.PojoMetaMethodSite$PojoMetaMethodSiteNoUnwrapNoCoerce.invoke(PojoMetaMethodSite.java:271)
	at org.codehaus.groovy.runtime.callsite.PojoMetaMethodSite.call(PojoMetaMethodSite.java:53)
	at org.codehaus.groovy.runtime.callsite.AbstractCallSite.call(AbstractCallSite.java:120)
	at co.freeside.betamax.tape.yaml.YamlTapeLoader.loadTape(YamlTapeLoader.groovy:40)
	at co.freeside.betamax.tape.yaml.YamlTapeLoader.loadTape(YamlTapeLoader.groovy)
	at co.freeside.betamax.tape.TapeLoader$loadTape.call(Unknown Source)
	at co.freeside.betamax.Recorder.insertTape(Recorder.groovy:121)
	at co.freeside.betamax.Recorder$insertTape$1.callCurrent(Unknown Source)
	at co.freeside.betamax.Recorder.startProxy(Recorder.groovy:200)
	at co.freeside.betamax.Recorder.this$2$startProxy(Recorder.groovy)
	at co.freeside.betamax.Recorder$this$2$startProxy$0.callCurrent(Unknown Source)
	at co.freeside.betamax.Recorder.withTape(Recorder.groovy:167)
	at sun.reflect.GeneratedMethodAccessor57.invoke(Unknown Source)
	at sun.reflect.DelegatingMethodAccessorImpl.invoke(DelegatingMethodAccessorImpl.java:43)
	at java.lang.reflect.Method.invoke(Method.java:606)
	at org.codehaus.groovy.reflection.CachedMethod.invoke(CachedMethod.java:90)
	at groovy.lang.MetaMethod.doMethodInvoke(MetaMethod.java:233)
	at groovy.lang.MetaClassImpl.invokeMethod(MetaClassImpl.java:1085)
	at org.codehaus.groovy.runtime.ScriptBytecodeAdapter.invokeMethodOnCurrentN(ScriptBytecodeAdapter.java:78)
	at co.freeside.betamax.Recorder.this$dist$invoke$2(Recorder.groovy)
	at co.freeside.betamax.Recorder$1.methodMissing(Recorder.groovy)
	at sun.reflect.GeneratedMethodAccessor56.invoke(Unknown Source)
	at sun.reflect.DelegatingMethodAccessorImpl.invoke(DelegatingMethodAccessorImpl.java:43)
	at java.lang.reflect.Method.invoke(Method.java:606)
	at org.codehaus.groovy.reflection.CachedMethod.invoke(CachedMethod.java:90)
	at groovy.lang.MetaClassImpl.invokeMissingMethod(MetaClassImpl.java:837)
	at groovy.lang.MetaClassImpl.invokePropertyOrMissing(MetaClassImpl.java:1134)
	at groovy.lang.MetaClassImpl.invokeMethod(MetaClassImpl.java:1087)
	at groovy.lang.MetaClassImpl.invokeMethod(MetaClassImpl.java:909)
	at org.codehaus.groovy.runtime.callsite.PogoMetaClassSite.callCurrent(PogoMetaClassSite.java:66)
	at org.codehaus.groovy.runtime.callsite.AbstractCallSite.callCurrent(AbstractCallSite.java:149)
	at co.freeside.betamax.Recorder$1.evaluate(Recorder.groovy:185)
	at org.junit.runners.ParentRunner.runLeaf(ParentRunner.java:263)
	at org.junit.runners.BlockJUnit4ClassRunner.runChild(BlockJUnit4ClassRunner.java:68)
	at org.junit.runners.BlockJUnit4ClassRunner.runChild(BlockJUnit4ClassRunner.java:47)
	at org.junit.runners.ParentRunner$3.run(ParentRunner.java:231)
	at org.junit.runners.ParentRunner$1.schedule(ParentRunner.java:60)
	at org.junit.runners.ParentRunner.runChildren(ParentRunner.java:229)
	at org.junit.runners.ParentRunner.access$000(ParentRunner.java:50)
	at org.junit.runners.ParentRunner$2.evaluate(ParentRunner.java:222)
	at org.junit.runners.ParentRunner.run(ParentRunner.java:300)
	at org.gradle.api.internal.tasks.testing.junit.JUnitTestClassExecuter.runTestClass(JUnitTestClassExecuter.java:86)
	at org.gradle.api.internal.tasks.testing.junit.JUnitTestClassExecuter.execute(JUnitTestClassExecuter.java:49)
	at org.gradle.api.internal.tasks.testing.junit.JUnitTestClassProcessor.processTestClass(JUnitTestClassProcessor.java:69)
	at org.gradle.api.internal.tasks.testing.SuiteTestClassProcessor.processTestClass(SuiteTestClassProcessor.java:48)
	at sun.reflect.NativeMethodAccessorImpl.invoke0(Native Method)
	at sun.reflect.NativeMethodAccessorImpl.invoke(NativeMethodAccessorImpl.java:57)
	at sun.reflect.DelegatingMethodAccessorImpl.invoke(DelegatingMethodAccessorImpl.java:43)
	at java.lang.reflect.Method.invoke(Method.java:606)
	at org.gradle.messaging.dispatch.ReflectionDispatch.dispatch(ReflectionDispatch.java:35)
	at org.gradle.messaging.dispatch.ReflectionDispatch.dispatch(ReflectionDispatch.java:24)
	at org.gradle.messaging.dispatch.ContextClassLoaderDispatch.dispatch(ContextClassLoaderDispatch.java:32)
	at org.gradle.messaging.dispatch.ProxyDispatchAdapter$DispatchingInvocationHandler.invoke(ProxyDispatchAdapter.java:93)
	at com.sun.proxy.$Proxy2.processTestClass(Unknown Source)
	at org.gradle.api.internal.tasks.testing.worker.TestWorker.processTestClass(TestWorker.java:105)
	at sun.reflect.NativeMethodAccessorImpl.invoke0(Native Method)
	at sun.reflect.NativeMethodAccessorImpl.invoke(NativeMethodAccessorImpl.java:57)
	at sun.reflect.DelegatingMethodAccessorImpl.invoke(DelegatingMethodAccessorImpl.java:43)
	at java.lang.reflect.Method.invoke(Method.java:606)
	at org.gradle.messaging.dispatch.ReflectionDispatch.dispatch(ReflectionDispatch.java:35)
	at org.gradle.messaging.dispatch.ReflectionDispatch.dispatch(ReflectionDispatch.java:24)
	at org.gradle.messaging.remote.internal.hub.MessageHub$Handler.run(MessageHub.java:360)
	at org.gradle.internal.concurrent.DefaultExecutorFactory$StoppableExecutorImpl$1.run(DefaultExecutorFactory.java:64)
	at java.util.concurrent.ThreadPoolExecutor.runWorker(ThreadPoolExecutor.java:1145)
	at java.util.concurrent.ThreadPoolExecutor$Worker.run(ThreadPoolExecutor.java:615)
	at java.lang.Thread.run(Thread.java:744)
Caused by: Can't construct a java object for tag:yaml.org,2002:co.freeside.betamax.tape.yaml.YamlTape; exception=Cannot create property=interactions for JavaBean=Tape[scheduling]; Cannot create property=response for JavaBean=co.freeside.betamax.tape.RecordedInteraction@16aed816; Cannot create property=headers for JavaBean=co.freeside.betamax.message.tape.RecordedResponse@6a1ef618; null; Can't construct a java object for tag:yaml.org,2002:org.codehaus.groovy.runtime.GStringImpl; exception=java.lang.NoSuchMethodException: org.codehaus.groovy.runtime.GStringImpl.&lt;init&gt;()
 in &quot;&lt;reader&gt;&quot;, line 1, column 1:
    !tape
    ^

	at org.yaml.snakeyaml.constructor.Constructor$ConstructYamlObject.construct(Constructor.java:333)
	at org.yaml.snakeyaml.constructor.BaseConstructor.constructObject(BaseConstructor.java:182)
	at org.yaml.snakeyaml.constructor.BaseConstructor.constructDocument(BaseConstructor.java:141)
	at org.yaml.snakeyaml.constructor.BaseConstructor.getSingleData(BaseConstructor.java:127)
	at org.yaml.snakeyaml.Yaml.loadFromReader(Yaml.java:480)
	at org.yaml.snakeyaml.Yaml.loadAs(Yaml.java:440)
	at org.yaml.snakeyaml.Yaml$loadAs.call(Unknown Source)
	at co.freeside.betamax.tape.yaml.YamlTape.readFrom(YamlTape.groovy:41)
	... 80 more
Caused by: org.yaml.snakeyaml.error.YAMLException: Cannot create property=interactions for JavaBean=Tape[scheduling]; Cannot create property=response for JavaBean=co.freeside.betamax.tape.RecordedInteraction@16aed816; Cannot create property=headers for JavaBean=co.freeside.betamax.message.tape.RecordedResponse@6a1ef618; null; Can't construct a java object for tag:yaml.org,2002:org.codehaus.groovy.runtime.GStringImpl; exception=java.lang.NoSuchMethodException: org.codehaus.groovy.runtime.GStringImpl.&lt;init&gt;()
	at org.yaml.snakeyaml.constructor.Constructor$ConstructMapping.constructJavaBean2ndStep(Constructor.java:299)
	at org.yaml.snakeyaml.constructor.Constructor$ConstructMapping.construct(Constructor.java:189)
	at org.yaml.snakeyaml.constructor.Constructor$ConstructYamlObject.construct(Constructor.java:331)
	... 87 more
Caused by: org.yaml.snakeyaml.error.YAMLException: Cannot create property=response for JavaBean=co.freeside.betamax.tape.RecordedInteraction@16aed816; Cannot create property=headers for JavaBean=co.freeside.betamax.message.tape.RecordedResponse@6a1ef618; null; Can't construct a java object for tag:yaml.org,2002:org.codehaus.groovy.runtime.GStringImpl; exception=java.lang.NoSuchMethodException: org.codehaus.groovy.runtime.GStringImpl.&lt;init&gt;()
	at org.yaml.snakeyaml.constructor.Constructor$ConstructMapping.constructJavaBean2ndStep(Constructor.java:299)
	at org.yaml.snakeyaml.constructor.Constructor$ConstructMapping.construct(Constructor.java:189)
	at org.yaml.snakeyaml.constructor.BaseConstructor.constructObject(BaseConstructor.java:182)
	at org.yaml.snakeyaml.constructor.BaseConstructor.constructSequenceStep2(BaseConstructor.java:276)
	at org.yaml.snakeyaml.constructor.BaseConstructor.constructSequence(BaseConstructor.java:247)
	at org.yaml.snakeyaml.constructor.Constructor$ConstructSequence.construct(Constructor.java:510)
	at org.yaml.snakeyaml.constructor.BaseConstructor.constructObject(BaseConstructor.java:182)
	at org.yaml.snakeyaml.constructor.Constructor$ConstructMapping.constructJavaBean2ndStep(Constructor.java:296)
	... 89 more
Caused by: org.yaml.snakeyaml.error.YAMLException: Cannot create property=headers for JavaBean=co.freeside.betamax.message.tape.RecordedResponse@6a1ef618; null; Can't construct a java object for tag:yaml.org,2002:org.codehaus.groovy.runtime.GStringImpl; exception=java.lang.NoSuchMethodException: org.codehaus.groovy.runtime.GStringImpl.&lt;init&gt;()
	at org.yaml.snakeyaml.constructor.Constructor$ConstructMapping.constructJavaBean2ndStep(Constructor.java:299)
	at org.yaml.snakeyaml.constructor.Constructor$ConstructMapping.construct(Constructor.java:189)
	at org.yaml.snakeyaml.constructor.BaseConstructor.constructObject(BaseConstructor.java:182)
	at org.yaml.snakeyaml.constructor.Constructor$ConstructMapping.constructJavaBean2ndStep(Constructor.java:296)
	... 96 more
Caused by: Can't construct a java object for tag:yaml.org,2002:org.codehaus.groovy.runtime.GStringImpl; exception=java.lang.NoSuchMethodException: org.codehaus.groovy.runtime.GStringImpl.&lt;init&gt;()
 in &quot;&lt;reader&gt;&quot;, line 25, column 18:
          X-Betamax: !!org.codehaus.groovy.runtime.GS ... 
                     ^

	at org.yaml.snakeyaml.constructor.Constructor$ConstructYamlObject.construct(Constructor.java:333)
	at org.yaml.snakeyaml.constructor.BaseConstructor.constructObject(BaseConstructor.java:182)
	at org.yaml.snakeyaml.constructor.BaseConstructor.constructMapping2ndStep(BaseConstructor.java:325)
	at org.yaml.snakeyaml.constructor.SafeConstructor.constructMapping2ndStep(SafeConstructor.java:145)
	at org.yaml.snakeyaml.constructor.BaseConstructor.constructMapping(BaseConstructor.java:306)
	at org.yaml.snakeyaml.constructor.Constructor$ConstructMapping.construct(Constructor.java:170)
	at org.yaml.snakeyaml.constructor.BaseConstructor.constructObject(BaseConstructor.java:182)
	at org.yaml.snakeyaml.constructor.Constructor$ConstructMapping.constructJavaBean2ndStep(Constructor.java:296)
	... 99 more
Caused by: org.yaml.snakeyaml.error.YAMLException: java.lang.NoSuchMethodException: org.codehaus.groovy.runtime.GStringImpl.&lt;init&gt;()
	at org.yaml.snakeyaml.constructor.Constructor$ConstructMapping.createEmptyJavaBean(Constructor.java:219)
	at org.yaml.snakeyaml.constructor.Constructor$ConstructMapping.construct(Constructor.java:189)
	at org.yaml.snakeyaml.constructor.Constructor$ConstructYamlObject.construct(Constructor.java:331)
	... 106 more
Caused by: java.lang.NoSuchMethodException: org.codehaus.groovy.runtime.GStringImpl.&lt;init&gt;()
	at java.lang.Class.getConstructor0(Class.java:2810)
	at java.lang.Class.getDeclaredConstructor(Class.java:2053)
	at org.yaml.snakeyaml.constructor.Constructor$ConstructMapping.createEmptyJavaBean(Constructor.java:215)
	... 108 more
</failure>
  </testcase>
  <testcase name="updateAppointmentTest" classname="com.pokitdok.tests.PokitDokTest" time="0.118">
    <failure message="co.freeside.betamax.tape.TapeLoadException: Invalid tape" type="co.freeside.betamax.tape.TapeLoadException">co.freeside.betamax.tape.TapeLoadException: Invalid tape
	at sun.reflect.NativeConstructorAccessorImpl.newInstance0(Native Method)
	at sun.reflect.NativeConstructorAccessorImpl.newInstance(NativeConstructorAccessorImpl.java:57)
	at sun.reflect.DelegatingConstructorAccessorImpl.newInstance(DelegatingConstructorAccessorImpl.java:45)
	at java.lang.reflect.Constructor.newInstance(Constructor.java:526)
	at org.codehaus.groovy.reflection.CachedConstructor.invoke(CachedConstructor.java:77)
	at org.codehaus.groovy.runtime.callsite.ConstructorSite$ConstructorSiteNoUnwrapNoCoerce.callConstructor(ConstructorSite.java:102)
	at org.codehaus.groovy.runtime.callsite.AbstractCallSite.callConstructor(AbstractCallSite.java:194)
	at co.freeside.betamax.tape.yaml.YamlTape.readFrom(YamlTape.groovy:43)
	at co.freeside.betamax.tape.yaml.YamlTape$readFrom.call(Unknown Source)
	at co.freeside.betamax.tape.yaml.YamlTapeLoader$_loadTape_closure1.doCall(YamlTapeLoader.groovy:41)
	at sun.reflect.GeneratedMethodAccessor74.invoke(Unknown Source)
	at sun.reflect.DelegatingMethodAccessorImpl.invoke(DelegatingMethodAccessorImpl.java:43)
	at java.lang.reflect.Method.invoke(Method.java:606)
	at org.codehaus.groovy.reflection.CachedMethod.invoke(CachedMethod.java:90)
	at groovy.lang.MetaMethod.doMethodInvoke(MetaMethod.java:233)
	at org.codehaus.groovy.runtime.metaclass.ClosureMetaClass.invokeMethod(ClosureMetaClass.java:272)
	at groovy.lang.MetaClassImpl.invokeMethod(MetaClassImpl.java:909)
	at groovy.lang.Closure.call(Closure.java:423)
	at groovy.lang.Closure.call(Closure.java:439)
	at org.codehaus.groovy.runtime.IOGroovyMethods.withReader(IOGroovyMethods.java:1159)
	at org.codehaus.groovy.runtime.ResourceGroovyMethods.withReader(ResourceGroovyMethods.java:1501)
	at org.codehaus.groovy.runtime.dgm$878.invoke(Unknown Source)
	at org.codehaus.groovy.runtime.callsite.PojoMetaMethodSite$PojoMetaMethodSiteNoUnwrapNoCoerce.invoke(PojoMetaMethodSite.java:271)
	at org.codehaus.groovy.runtime.callsite.PojoMetaMethodSite.call(PojoMetaMethodSite.java:53)
	at org.codehaus.groovy.runtime.callsite.AbstractCallSite.call(AbstractCallSite.java:120)
	at co.freeside.betamax.tape.yaml.YamlTapeLoader.loadTape(YamlTapeLoader.groovy:40)
	at co.freeside.betamax.tape.yaml.YamlTapeLoader.loadTape(YamlTapeLoader.groovy)
	at co.freeside.betamax.tape.TapeLoader$loadTape.call(Unknown Source)
	at co.freeside.betamax.Recorder.insertTape(Recorder.groovy:121)
	at co.freeside.betamax.Recorder$insertTape$1.callCurrent(Unknown Source)
	at co.freeside.betamax.Recorder.startProxy(Recorder.groovy:200)
	at co.freeside.betamax.Recorder.this$2$startProxy(Recorder.groovy)
	at co.freeside.betamax.Recorder$this$2$startProxy$0.callCurrent(Unknown Source)
	at co.freeside.betamax.Recorder.withTape(Recorder.groovy:167)
	at sun.reflect.GeneratedMethodAccessor57.invoke(Unknown Source)
	at sun.reflect.DelegatingMethodAccessorImpl.invoke(DelegatingMethodAccessorImpl.java:43)
	at java.lang.reflect.Method.invoke(Method.java:606)
	at org.codehaus.groovy.reflection.CachedMethod.invoke(CachedMethod.java:90)
	at groovy.lang.MetaMethod.doMethodInvoke(MetaMethod.java:233)
	at groovy.lang.MetaClassImpl.invokeMethod(MetaClassImpl.java:1085)
	at org.codehaus.groovy.runtime.ScriptBytecodeAdapter.invokeMethodOnCurrentN(ScriptBytecodeAdapter.java:78)
	at co.freeside.betamax.Recorder.this$dist$invoke$2(Recorder.groovy)
	at co.freeside.betamax.Recorder$1.methodMissing(Recorder.groovy)
	at sun.reflect.GeneratedMethodAccessor56.invoke(Unknown Source)
	at sun.reflect.DelegatingMethodAccessorImpl.invoke(DelegatingMethodAccessorImpl.java:43)
	at java.lang.reflect.Method.invoke(Method.java:606)
	at org.codehaus.groovy.reflection.CachedMethod.invoke(CachedMethod.java:90)
	at groovy.lang.MetaClassImpl.invokeMissingMethod(MetaClassImpl.java:837)
	at groovy.lang.MetaClassImpl.invokePropertyOrMissing(MetaClassImpl.java:1134)
	at groovy.lang.MetaClassImpl.invokeMethod(MetaClassImpl.java:1087)
	at groovy.lang.MetaClassImpl.invokeMethod(MetaClassImpl.java:909)
	at org.codehaus.groovy.runtime.callsite.PogoMetaClassSite.callCurrent(PogoMetaClassSite.java:66)
	at org.codehaus.groovy.runtime.callsite.AbstractCallSite.callCurrent(AbstractCallSite.java:149)
	at co.freeside.betamax.Recorder$1.evaluate(Recorder.groovy:185)
	at org.junit.runners.ParentRunner.runLeaf(ParentRunner.java:263)
	at org.junit.runners.BlockJUnit4ClassRunner.runChild(BlockJUnit4ClassRunner.java:68)
	at org.junit.runners.BlockJUnit4ClassRunner.runChild(BlockJUnit4ClassRunner.java:47)
	at org.junit.runners.ParentRunner$3.run(ParentRunner.java:231)
	at org.junit.runners.ParentRunner$1.schedule(ParentRunner.java:60)
	at org.junit.runners.ParentRunner.runChildren(ParentRunner.java:229)
	at org.junit.runners.ParentRunner.access$000(ParentRunner.java:50)
	at org.junit.runners.ParentRunner$2.evaluate(ParentRunner.java:222)
	at org.junit.runners.ParentRunner.run(ParentRunner.java:300)
	at org.gradle.api.internal.tasks.testing.junit.JUnitTestClassExecuter.runTestClass(JUnitTestClassExecuter.java:86)
	at org.gradle.api.internal.tasks.testing.junit.JUnitTestClassExecuter.execute(JUnitTestClassExecuter.java:49)
	at org.gradle.api.internal.tasks.testing.junit.JUnitTestClassProcessor.processTestClass(JUnitTestClassProcessor.java:69)
	at org.gradle.api.internal.tasks.testing.SuiteTestClassProcessor.processTestClass(SuiteTestClassProcessor.java:48)
	at sun.reflect.NativeMethodAccessorImpl.invoke0(Native Method)
	at sun.reflect.NativeMethodAccessorImpl.invoke(NativeMethodAccessorImpl.java:57)
	at sun.reflect.DelegatingMethodAccessorImpl.invoke(DelegatingMethodAccessorImpl.java:43)
	at java.lang.reflect.Method.invoke(Method.java:606)
	at org.gradle.messaging.dispatch.ReflectionDispatch.dispatch(ReflectionDispatch.java:35)
	at org.gradle.messaging.dispatch.ReflectionDispatch.dispatch(ReflectionDispatch.java:24)
	at org.gradle.messaging.dispatch.ContextClassLoaderDispatch.dispatch(ContextClassLoaderDispatch.java:32)
	at org.gradle.messaging.dispatch.ProxyDispatchAdapter$DispatchingInvocationHandler.invoke(ProxyDispatchAdapter.java:93)
	at com.sun.proxy.$Proxy2.processTestClass(Unknown Source)
	at org.gradle.api.internal.tasks.testing.worker.TestWorker.processTestClass(TestWorker.java:105)
	at sun.reflect.NativeMethodAccessorImpl.invoke0(Native Method)
	at sun.reflect.NativeMethodAccessorImpl.invoke(NativeMethodAccessorImpl.java:57)
	at sun.reflect.DelegatingMethodAccessorImpl.invoke(DelegatingMethodAccessorImpl.java:43)
	at java.lang.reflect.Method.invoke(Method.java:606)
	at org.gradle.messaging.dispatch.ReflectionDispatch.dispatch(ReflectionDispatch.java:35)
	at org.gradle.messaging.dispatch.ReflectionDispatch.dispatch(ReflectionDispatch.java:24)
	at org.gradle.messaging.remote.internal.hub.MessageHub$Handler.run(MessageHub.java:360)
	at org.gradle.internal.concurrent.DefaultExecutorFactory$StoppableExecutorImpl$1.run(DefaultExecutorFactory.java:64)
	at java.util.concurrent.ThreadPoolExecutor.runWorker(ThreadPoolExecutor.java:1145)
	at java.util.concurrent.ThreadPoolExecutor$Worker.run(ThreadPoolExecutor.java:615)
	at java.lang.Thread.run(Thread.java:744)
Caused by: Can't construct a java object for tag:yaml.org,2002:co.freeside.betamax.tape.yaml.YamlTape; exception=Cannot create property=interactions for JavaBean=Tape[scheduling]; Cannot create property=response for JavaBean=co.freeside.betamax.tape.RecordedInteraction@70ecceab; Cannot create property=headers for JavaBean=co.freeside.betamax.message.tape.RecordedResponse@6df5044a; null; Can't construct a java object for tag:yaml.org,2002:org.codehaus.groovy.runtime.GStringImpl; exception=java.lang.NoSuchMethodException: org.codehaus.groovy.runtime.GStringImpl.&lt;init&gt;()
 in &quot;&lt;reader&gt;&quot;, line 1, column 1:
    !tape
    ^

	at org.yaml.snakeyaml.constructor.Constructor$ConstructYamlObject.construct(Constructor.java:333)
	at org.yaml.snakeyaml.constructor.BaseConstructor.constructObject(BaseConstructor.java:182)
	at org.yaml.snakeyaml.constructor.BaseConstructor.constructDocument(BaseConstructor.java:141)
	at org.yaml.snakeyaml.constructor.BaseConstructor.getSingleData(BaseConstructor.java:127)
	at org.yaml.snakeyaml.Yaml.loadFromReader(Yaml.java:480)
	at org.yaml.snakeyaml.Yaml.loadAs(Yaml.java:440)
	at org.yaml.snakeyaml.Yaml$loadAs.call(Unknown Source)
	at co.freeside.betamax.tape.yaml.YamlTape.readFrom(YamlTape.groovy:41)
	... 80 more
Caused by: org.yaml.snakeyaml.error.YAMLException: Cannot create property=interactions for JavaBean=Tape[scheduling]; Cannot create property=response for JavaBean=co.freeside.betamax.tape.RecordedInteraction@70ecceab; Cannot create property=headers for JavaBean=co.freeside.betamax.message.tape.RecordedResponse@6df5044a; null; Can't construct a java object for tag:yaml.org,2002:org.codehaus.groovy.runtime.GStringImpl; exception=java.lang.NoSuchMethodException: org.codehaus.groovy.runtime.GStringImpl.&lt;init&gt;()
	at org.yaml.snakeyaml.constructor.Constructor$ConstructMapping.constructJavaBean2ndStep(Constructor.java:299)
	at org.yaml.snakeyaml.constructor.Constructor$ConstructMapping.construct(Constructor.java:189)
	at org.yaml.snakeyaml.constructor.Constructor$ConstructYamlObject.construct(Constructor.java:331)
	... 87 more
Caused by: org.yaml.snakeyaml.error.YAMLException: Cannot create property=response for JavaBean=co.freeside.betamax.tape.RecordedInteraction@70ecceab; Cannot create property=headers for JavaBean=co.freeside.betamax.message.tape.RecordedResponse@6df5044a; null; Can't construct a java object for tag:yaml.org,2002:org.codehaus.groovy.runtime.GStringImpl; exception=java.lang.NoSuchMethodException: org.codehaus.groovy.runtime.GStringImpl.&lt;init&gt;()
	at org.yaml.snakeyaml.constructor.Constructor$ConstructMapping.constructJavaBean2ndStep(Constructor.java:299)
	at org.yaml.snakeyaml.constructor.Constructor$ConstructMapping.construct(Constructor.java:189)
	at org.yaml.snakeyaml.constructor.BaseConstructor.constructObject(BaseConstructor.java:182)
	at org.yaml.snakeyaml.constructor.BaseConstructor.constructSequenceStep2(BaseConstructor.java:276)
	at org.yaml.snakeyaml.constructor.BaseConstructor.constructSequence(BaseConstructor.java:247)
	at org.yaml.snakeyaml.constructor.Constructor$ConstructSequence.construct(Constructor.java:510)
	at org.yaml.snakeyaml.constructor.BaseConstructor.constructObject(BaseConstructor.java:182)
	at org.yaml.snakeyaml.constructor.Constructor$ConstructMapping.constructJavaBean2ndStep(Constructor.java:296)
	... 89 more
Caused by: org.yaml.snakeyaml.error.YAMLException: Cannot create property=headers for JavaBean=co.freeside.betamax.message.tape.RecordedResponse@6df5044a; null; Can't construct a java object for tag:yaml.org,2002:org.codehaus.groovy.runtime.GStringImpl; exception=java.lang.NoSuchMethodException: org.codehaus.groovy.runtime.GStringImpl.&lt;init&gt;()
	at org.yaml.snakeyaml.constructor.Constructor$ConstructMapping.constructJavaBean2ndStep(Constructor.java:299)
	at org.yaml.snakeyaml.constructor.Constructor$ConstructMapping.construct(Constructor.java:189)
	at org.yaml.snakeyaml.constructor.BaseConstructor.constructObject(BaseConstructor.java:182)
	at org.yaml.snakeyaml.constructor.Constructor$ConstructMapping.constructJavaBean2ndStep(Constructor.java:296)
	... 96 more
Caused by: Can't construct a java object for tag:yaml.org,2002:org.codehaus.groovy.runtime.GStringImpl; exception=java.lang.NoSuchMethodException: org.codehaus.groovy.runtime.GStringImpl.&lt;init&gt;()
 in &quot;&lt;reader&gt;&quot;, line 25, column 18:
          X-Betamax: !!org.codehaus.groovy.runtime.GS ... 
                     ^

	at org.yaml.snakeyaml.constructor.Constructor$ConstructYamlObject.construct(Constructor.java:333)
	at org.yaml.snakeyaml.constructor.BaseConstructor.constructObject(BaseConstructor.java:182)
	at org.yaml.snakeyaml.constructor.BaseConstructor.constructMapping2ndStep(BaseConstructor.java:325)
	at org.yaml.snakeyaml.constructor.SafeConstructor.constructMapping2ndStep(SafeConstructor.java:145)
	at org.yaml.snakeyaml.constructor.BaseConstructor.constructMapping(BaseConstructor.java:306)
	at org.yaml.snakeyaml.constructor.Constructor$ConstructMapping.construct(Constructor.java:170)
	at org.yaml.snakeyaml.constructor.BaseConstructor.constructObject(BaseConstructor.java:182)
	at org.yaml.snakeyaml.constructor.Constructor$ConstructMapping.constructJavaBean2ndStep(Constructor.java:296)
	... 99 more
Caused by: org.yaml.snakeyaml.error.YAMLException: java.lang.NoSuchMethodException: org.codehaus.groovy.runtime.GStringImpl.&lt;init&gt;()
	at org.yaml.snakeyaml.constructor.Constructor$ConstructMapping.createEmptyJavaBean(Constructor.java:219)
	at org.yaml.snakeyaml.constructor.Constructor$ConstructMapping.construct(Constructor.java:189)
	at org.yaml.snakeyaml.constructor.Constructor$ConstructYamlObject.construct(Constructor.java:331)
	... 106 more
Caused by: java.lang.NoSuchMethodException: org.codehaus.groovy.runtime.GStringImpl.&lt;init&gt;()
	at java.lang.Class.getConstructor0(Class.java:2810)
	at java.lang.Class.getDeclaredConstructor(Class.java:2053)
	at org.yaml.snakeyaml.constructor.Constructor$ConstructMapping.createEmptyJavaBean(Constructor.java:215)
	... 108 more
</failure>
  </testcase>
  <testcase name="cancelAppointmentTest" classname="com.pokitdok.tests.PokitDokTest" time="0.122">
    <failure message="co.freeside.betamax.tape.TapeLoadException: Invalid tape" type="co.freeside.betamax.tape.TapeLoadException">co.freeside.betamax.tape.TapeLoadException: Invalid tape
	at sun.reflect.NativeConstructorAccessorImpl.newInstance0(Native Method)
	at sun.reflect.NativeConstructorAccessorImpl.newInstance(NativeConstructorAccessorImpl.java:57)
	at sun.reflect.DelegatingConstructorAccessorImpl.newInstance(DelegatingConstructorAccessorImpl.java:45)
	at java.lang.reflect.Constructor.newInstance(Constructor.java:526)
	at org.codehaus.groovy.reflection.CachedConstructor.invoke(CachedConstructor.java:77)
	at org.codehaus.groovy.runtime.callsite.ConstructorSite$ConstructorSiteNoUnwrapNoCoerce.callConstructor(ConstructorSite.java:102)
	at org.codehaus.groovy.runtime.callsite.AbstractCallSite.callConstructor(AbstractCallSite.java:194)
	at co.freeside.betamax.tape.yaml.YamlTape.readFrom(YamlTape.groovy:43)
	at co.freeside.betamax.tape.yaml.YamlTape$readFrom.call(Unknown Source)
	at co.freeside.betamax.tape.yaml.YamlTapeLoader$_loadTape_closure1.doCall(YamlTapeLoader.groovy:41)
	at sun.reflect.GeneratedMethodAccessor74.invoke(Unknown Source)
	at sun.reflect.DelegatingMethodAccessorImpl.invoke(DelegatingMethodAccessorImpl.java:43)
	at java.lang.reflect.Method.invoke(Method.java:606)
	at org.codehaus.groovy.reflection.CachedMethod.invoke(CachedMethod.java:90)
	at groovy.lang.MetaMethod.doMethodInvoke(MetaMethod.java:233)
	at org.codehaus.groovy.runtime.metaclass.ClosureMetaClass.invokeMethod(ClosureMetaClass.java:272)
	at groovy.lang.MetaClassImpl.invokeMethod(MetaClassImpl.java:909)
	at groovy.lang.Closure.call(Closure.java:423)
	at groovy.lang.Closure.call(Closure.java:439)
	at org.codehaus.groovy.runtime.IOGroovyMethods.withReader(IOGroovyMethods.java:1159)
	at org.codehaus.groovy.runtime.ResourceGroovyMethods.withReader(ResourceGroovyMethods.java:1501)
	at org.codehaus.groovy.runtime.dgm$878.invoke(Unknown Source)
	at org.codehaus.groovy.runtime.callsite.PojoMetaMethodSite$PojoMetaMethodSiteNoUnwrapNoCoerce.invoke(PojoMetaMethodSite.java:271)
	at org.codehaus.groovy.runtime.callsite.PojoMetaMethodSite.call(PojoMetaMethodSite.java:53)
	at org.codehaus.groovy.runtime.callsite.AbstractCallSite.call(AbstractCallSite.java:120)
	at co.freeside.betamax.tape.yaml.YamlTapeLoader.loadTape(YamlTapeLoader.groovy:40)
	at co.freeside.betamax.tape.yaml.YamlTapeLoader.loadTape(YamlTapeLoader.groovy)
	at co.freeside.betamax.tape.TapeLoader$loadTape.call(Unknown Source)
	at co.freeside.betamax.Recorder.insertTape(Recorder.groovy:121)
	at co.freeside.betamax.Recorder$insertTape$1.callCurrent(Unknown Source)
	at co.freeside.betamax.Recorder.startProxy(Recorder.groovy:200)
	at co.freeside.betamax.Recorder.this$2$startProxy(Recorder.groovy)
	at co.freeside.betamax.Recorder$this$2$startProxy$0.callCurrent(Unknown Source)
	at co.freeside.betamax.Recorder.withTape(Recorder.groovy:167)
	at sun.reflect.GeneratedMethodAccessor57.invoke(Unknown Source)
	at sun.reflect.DelegatingMethodAccessorImpl.invoke(DelegatingMethodAccessorImpl.java:43)
	at java.lang.reflect.Method.invoke(Method.java:606)
	at org.codehaus.groovy.reflection.CachedMethod.invoke(CachedMethod.java:90)
	at groovy.lang.MetaMethod.doMethodInvoke(MetaMethod.java:233)
	at groovy.lang.MetaClassImpl.invokeMethod(MetaClassImpl.java:1085)
	at org.codehaus.groovy.runtime.ScriptBytecodeAdapter.invokeMethodOnCurrentN(ScriptBytecodeAdapter.java:78)
	at co.freeside.betamax.Recorder.this$dist$invoke$2(Recorder.groovy)
	at co.freeside.betamax.Recorder$1.methodMissing(Recorder.groovy)
	at sun.reflect.GeneratedMethodAccessor56.invoke(Unknown Source)
	at sun.reflect.DelegatingMethodAccessorImpl.invoke(DelegatingMethodAccessorImpl.java:43)
	at java.lang.reflect.Method.invoke(Method.java:606)
	at org.codehaus.groovy.reflection.CachedMethod.invoke(CachedMethod.java:90)
	at groovy.lang.MetaClassImpl.invokeMissingMethod(MetaClassImpl.java:837)
	at groovy.lang.MetaClassImpl.invokePropertyOrMissing(MetaClassImpl.java:1134)
	at groovy.lang.MetaClassImpl.invokeMethod(MetaClassImpl.java:1087)
	at groovy.lang.MetaClassImpl.invokeMethod(MetaClassImpl.java:909)
	at org.codehaus.groovy.runtime.callsite.PogoMetaClassSite.callCurrent(PogoMetaClassSite.java:66)
	at org.codehaus.groovy.runtime.callsite.AbstractCallSite.callCurrent(AbstractCallSite.java:149)
	at co.freeside.betamax.Recorder$1.evaluate(Recorder.groovy:185)
	at org.junit.runners.ParentRunner.runLeaf(ParentRunner.java:263)
	at org.junit.runners.BlockJUnit4ClassRunner.runChild(BlockJUnit4ClassRunner.java:68)
	at org.junit.runners.BlockJUnit4ClassRunner.runChild(BlockJUnit4ClassRunner.java:47)
	at org.junit.runners.ParentRunner$3.run(ParentRunner.java:231)
	at org.junit.runners.ParentRunner$1.schedule(ParentRunner.java:60)
	at org.junit.runners.ParentRunner.runChildren(ParentRunner.java:229)
	at org.junit.runners.ParentRunner.access$000(ParentRunner.java:50)
	at org.junit.runners.ParentRunner$2.evaluate(ParentRunner.java:222)
	at org.junit.runners.ParentRunner.run(ParentRunner.java:300)
	at org.gradle.api.internal.tasks.testing.junit.JUnitTestClassExecuter.runTestClass(JUnitTestClassExecuter.java:86)
	at org.gradle.api.internal.tasks.testing.junit.JUnitTestClassExecuter.execute(JUnitTestClassExecuter.java:49)
	at org.gradle.api.internal.tasks.testing.junit.JUnitTestClassProcessor.processTestClass(JUnitTestClassProcessor.java:69)
	at org.gradle.api.internal.tasks.testing.SuiteTestClassProcessor.processTestClass(SuiteTestClassProcessor.java:48)
	at sun.reflect.NativeMethodAccessorImpl.invoke0(Native Method)
	at sun.reflect.NativeMethodAccessorImpl.invoke(NativeMethodAccessorImpl.java:57)
	at sun.reflect.DelegatingMethodAccessorImpl.invoke(DelegatingMethodAccessorImpl.java:43)
	at java.lang.reflect.Method.invoke(Method.java:606)
	at org.gradle.messaging.dispatch.ReflectionDispatch.dispatch(ReflectionDispatch.java:35)
	at org.gradle.messaging.dispatch.ReflectionDispatch.dispatch(ReflectionDispatch.java:24)
	at org.gradle.messaging.dispatch.ContextClassLoaderDispatch.dispatch(ContextClassLoaderDispatch.java:32)
	at org.gradle.messaging.dispatch.ProxyDispatchAdapter$DispatchingInvocationHandler.invoke(ProxyDispatchAdapter.java:93)
	at com.sun.proxy.$Proxy2.processTestClass(Unknown Source)
	at org.gradle.api.internal.tasks.testing.worker.TestWorker.processTestClass(TestWorker.java:105)
	at sun.reflect.NativeMethodAccessorImpl.invoke0(Native Method)
	at sun.reflect.NativeMethodAccessorImpl.invoke(NativeMethodAccessorImpl.java:57)
	at sun.reflect.DelegatingMethodAccessorImpl.invoke(DelegatingMethodAccessorImpl.java:43)
	at java.lang.reflect.Method.invoke(Method.java:606)
	at org.gradle.messaging.dispatch.ReflectionDispatch.dispatch(ReflectionDispatch.java:35)
	at org.gradle.messaging.dispatch.ReflectionDispatch.dispatch(ReflectionDispatch.java:24)
	at org.gradle.messaging.remote.internal.hub.MessageHub$Handler.run(MessageHub.java:360)
	at org.gradle.internal.concurrent.DefaultExecutorFactory$StoppableExecutorImpl$1.run(DefaultExecutorFactory.java:64)
	at java.util.concurrent.ThreadPoolExecutor.runWorker(ThreadPoolExecutor.java:1145)
	at java.util.concurrent.ThreadPoolExecutor$Worker.run(ThreadPoolExecutor.java:615)
	at java.lang.Thread.run(Thread.java:744)
Caused by: Can't construct a java object for tag:yaml.org,2002:co.freeside.betamax.tape.yaml.YamlTape; exception=Cannot create property=interactions for JavaBean=Tape[scheduling]; Cannot create property=response for JavaBean=co.freeside.betamax.tape.RecordedInteraction@636130e; Cannot create property=headers for JavaBean=co.freeside.betamax.message.tape.RecordedResponse@1365e36d; null; Can't construct a java object for tag:yaml.org,2002:org.codehaus.groovy.runtime.GStringImpl; exception=java.lang.NoSuchMethodException: org.codehaus.groovy.runtime.GStringImpl.&lt;init&gt;()
 in &quot;&lt;reader&gt;&quot;, line 1, column 1:
    !tape
    ^

	at org.yaml.snakeyaml.constructor.Constructor$ConstructYamlObject.construct(Constructor.java:333)
	at org.yaml.snakeyaml.constructor.BaseConstructor.constructObject(BaseConstructor.java:182)
	at org.yaml.snakeyaml.constructor.BaseConstructor.constructDocument(BaseConstructor.java:141)
	at org.yaml.snakeyaml.constructor.BaseConstructor.getSingleData(BaseConstructor.java:127)
	at org.yaml.snakeyaml.Yaml.loadFromReader(Yaml.java:480)
	at org.yaml.snakeyaml.Yaml.loadAs(Yaml.java:440)
	at org.yaml.snakeyaml.Yaml$loadAs.call(Unknown Source)
	at co.freeside.betamax.tape.yaml.YamlTape.readFrom(YamlTape.groovy:41)
	... 80 more
Caused by: org.yaml.snakeyaml.error.YAMLException: Cannot create property=interactions for JavaBean=Tape[scheduling]; Cannot create property=response for JavaBean=co.freeside.betamax.tape.RecordedInteraction@636130e; Cannot create property=headers for JavaBean=co.freeside.betamax.message.tape.RecordedResponse@1365e36d; null; Can't construct a java object for tag:yaml.org,2002:org.codehaus.groovy.runtime.GStringImpl; exception=java.lang.NoSuchMethodException: org.codehaus.groovy.runtime.GStringImpl.&lt;init&gt;()
	at org.yaml.snakeyaml.constructor.Constructor$ConstructMapping.constructJavaBean2ndStep(Constructor.java:299)
	at org.yaml.snakeyaml.constructor.Constructor$ConstructMapping.construct(Constructor.java:189)
	at org.yaml.snakeyaml.constructor.Constructor$ConstructYamlObject.construct(Constructor.java:331)
	... 87 more
Caused by: org.yaml.snakeyaml.error.YAMLException: Cannot create property=response for JavaBean=co.freeside.betamax.tape.RecordedInteraction@636130e; Cannot create property=headers for JavaBean=co.freeside.betamax.message.tape.RecordedResponse@1365e36d; null; Can't construct a java object for tag:yaml.org,2002:org.codehaus.groovy.runtime.GStringImpl; exception=java.lang.NoSuchMethodException: org.codehaus.groovy.runtime.GStringImpl.&lt;init&gt;()
	at org.yaml.snakeyaml.constructor.Constructor$ConstructMapping.constructJavaBean2ndStep(Constructor.java:299)
	at org.yaml.snakeyaml.constructor.Constructor$ConstructMapping.construct(Constructor.java:189)
	at org.yaml.snakeyaml.constructor.BaseConstructor.constructObject(BaseConstructor.java:182)
	at org.yaml.snakeyaml.constructor.BaseConstructor.constructSequenceStep2(BaseConstructor.java:276)
	at org.yaml.snakeyaml.constructor.BaseConstructor.constructSequence(BaseConstructor.java:247)
	at org.yaml.snakeyaml.constructor.Constructor$ConstructSequence.construct(Constructor.java:510)
	at org.yaml.snakeyaml.constructor.BaseConstructor.constructObject(BaseConstructor.java:182)
	at org.yaml.snakeyaml.constructor.Constructor$ConstructMapping.constructJavaBean2ndStep(Constructor.java:296)
	... 89 more
Caused by: org.yaml.snakeyaml.error.YAMLException: Cannot create property=headers for JavaBean=co.freeside.betamax.message.tape.RecordedResponse@1365e36d; null; Can't construct a java object for tag:yaml.org,2002:org.codehaus.groovy.runtime.GStringImpl; exception=java.lang.NoSuchMethodException: org.codehaus.groovy.runtime.GStringImpl.&lt;init&gt;()
	at org.yaml.snakeyaml.constructor.Constructor$ConstructMapping.constructJavaBean2ndStep(Constructor.java:299)
	at org.yaml.snakeyaml.constructor.Constructor$ConstructMapping.construct(Constructor.java:189)
	at org.yaml.snakeyaml.constructor.BaseConstructor.constructObject(BaseConstructor.java:182)
	at org.yaml.snakeyaml.constructor.Constructor$ConstructMapping.constructJavaBean2ndStep(Constructor.java:296)
	... 96 more
Caused by: Can't construct a java object for tag:yaml.org,2002:org.codehaus.groovy.runtime.GStringImpl; exception=java.lang.NoSuchMethodException: org.codehaus.groovy.runtime.GStringImpl.&lt;init&gt;()
 in &quot;&lt;reader&gt;&quot;, line 25, column 18:
          X-Betamax: !!org.codehaus.groovy.runtime.GS ... 
                     ^

	at org.yaml.snakeyaml.constructor.Constructor$ConstructYamlObject.construct(Constructor.java:333)
	at org.yaml.snakeyaml.constructor.BaseConstructor.constructObject(BaseConstructor.java:182)
	at org.yaml.snakeyaml.constructor.BaseConstructor.constructMapping2ndStep(BaseConstructor.java:325)
	at org.yaml.snakeyaml.constructor.SafeConstructor.constructMapping2ndStep(SafeConstructor.java:145)
	at org.yaml.snakeyaml.constructor.BaseConstructor.constructMapping(BaseConstructor.java:306)
	at org.yaml.snakeyaml.constructor.Constructor$ConstructMapping.construct(Constructor.java:170)
	at org.yaml.snakeyaml.constructor.BaseConstructor.constructObject(BaseConstructor.java:182)
	at org.yaml.snakeyaml.constructor.Constructor$ConstructMapping.constructJavaBean2ndStep(Constructor.java:296)
	... 99 more
Caused by: org.yaml.snakeyaml.error.YAMLException: java.lang.NoSuchMethodException: org.codehaus.groovy.runtime.GStringImpl.&lt;init&gt;()
	at org.yaml.snakeyaml.constructor.Constructor$ConstructMapping.createEmptyJavaBean(Constructor.java:219)
	at org.yaml.snakeyaml.constructor.Constructor$ConstructMapping.construct(Constructor.java:189)
	at org.yaml.snakeyaml.constructor.Constructor$ConstructYamlObject.construct(Constructor.java:331)
	... 106 more
Caused by: java.lang.NoSuchMethodException: org.codehaus.groovy.runtime.GStringImpl.&lt;init&gt;()
	at java.lang.Class.getConstructor0(Class.java:2810)
	at java.lang.Class.getDeclaredConstructor(Class.java:2053)
	at org.yaml.snakeyaml.constructor.Constructor$ConstructMapping.createEmptyJavaBean(Constructor.java:215)
	... 108 more
</failure>
  </testcase>
  <testcase name="failWithoutScopeCodeTest" classname="com.pokitdok.tests.PokitDokTest" time="0.122">
    <failure message="co.freeside.betamax.tape.TapeLoadException: Invalid tape" type="co.freeside.betamax.tape.TapeLoadException">co.freeside.betamax.tape.TapeLoadException: Invalid tape
	at sun.reflect.NativeConstructorAccessorImpl.newInstance0(Native Method)
	at sun.reflect.NativeConstructorAccessorImpl.newInstance(NativeConstructorAccessorImpl.java:57)
	at sun.reflect.DelegatingConstructorAccessorImpl.newInstance(DelegatingConstructorAccessorImpl.java:45)
	at java.lang.reflect.Constructor.newInstance(Constructor.java:526)
	at org.codehaus.groovy.reflection.CachedConstructor.invoke(CachedConstructor.java:77)
	at org.codehaus.groovy.runtime.callsite.ConstructorSite$ConstructorSiteNoUnwrapNoCoerce.callConstructor(ConstructorSite.java:102)
	at org.codehaus.groovy.runtime.callsite.AbstractCallSite.callConstructor(AbstractCallSite.java:194)
	at co.freeside.betamax.tape.yaml.YamlTape.readFrom(YamlTape.groovy:43)
	at co.freeside.betamax.tape.yaml.YamlTape$readFrom.call(Unknown Source)
	at co.freeside.betamax.tape.yaml.YamlTapeLoader$_loadTape_closure1.doCall(YamlTapeLoader.groovy:41)
	at sun.reflect.GeneratedMethodAccessor74.invoke(Unknown Source)
	at sun.reflect.DelegatingMethodAccessorImpl.invoke(DelegatingMethodAccessorImpl.java:43)
	at java.lang.reflect.Method.invoke(Method.java:606)
	at org.codehaus.groovy.reflection.CachedMethod.invoke(CachedMethod.java:90)
	at groovy.lang.MetaMethod.doMethodInvoke(MetaMethod.java:233)
	at org.codehaus.groovy.runtime.metaclass.ClosureMetaClass.invokeMethod(ClosureMetaClass.java:272)
	at groovy.lang.MetaClassImpl.invokeMethod(MetaClassImpl.java:909)
	at groovy.lang.Closure.call(Closure.java:423)
	at groovy.lang.Closure.call(Closure.java:439)
	at org.codehaus.groovy.runtime.IOGroovyMethods.withReader(IOGroovyMethods.java:1159)
	at org.codehaus.groovy.runtime.ResourceGroovyMethods.withReader(ResourceGroovyMethods.java:1501)
	at org.codehaus.groovy.runtime.dgm$878.invoke(Unknown Source)
	at org.codehaus.groovy.runtime.callsite.PojoMetaMethodSite$PojoMetaMethodSiteNoUnwrapNoCoerce.invoke(PojoMetaMethodSite.java:271)
	at org.codehaus.groovy.runtime.callsite.PojoMetaMethodSite.call(PojoMetaMethodSite.java:53)
	at org.codehaus.groovy.runtime.callsite.AbstractCallSite.call(AbstractCallSite.java:120)
	at co.freeside.betamax.tape.yaml.YamlTapeLoader.loadTape(YamlTapeLoader.groovy:40)
	at co.freeside.betamax.tape.yaml.YamlTapeLoader.loadTape(YamlTapeLoader.groovy)
	at co.freeside.betamax.tape.TapeLoader$loadTape.call(Unknown Source)
	at co.freeside.betamax.Recorder.insertTape(Recorder.groovy:121)
	at co.freeside.betamax.Recorder$insertTape$1.callCurrent(Unknown Source)
	at co.freeside.betamax.Recorder.startProxy(Recorder.groovy:200)
	at co.freeside.betamax.Recorder.this$2$startProxy(Recorder.groovy)
	at co.freeside.betamax.Recorder$this$2$startProxy$0.callCurrent(Unknown Source)
	at co.freeside.betamax.Recorder.withTape(Recorder.groovy:167)
	at sun.reflect.GeneratedMethodAccessor57.invoke(Unknown Source)
	at sun.reflect.DelegatingMethodAccessorImpl.invoke(DelegatingMethodAccessorImpl.java:43)
	at java.lang.reflect.Method.invoke(Method.java:606)
	at org.codehaus.groovy.reflection.CachedMethod.invoke(CachedMethod.java:90)
	at groovy.lang.MetaMethod.doMethodInvoke(MetaMethod.java:233)
	at groovy.lang.MetaClassImpl.invokeMethod(MetaClassImpl.java:1085)
	at org.codehaus.groovy.runtime.ScriptBytecodeAdapter.invokeMethodOnCurrentN(ScriptBytecodeAdapter.java:78)
	at co.freeside.betamax.Recorder.this$dist$invoke$2(Recorder.groovy)
	at co.freeside.betamax.Recorder$1.methodMissing(Recorder.groovy)
	at sun.reflect.GeneratedMethodAccessor56.invoke(Unknown Source)
	at sun.reflect.DelegatingMethodAccessorImpl.invoke(DelegatingMethodAccessorImpl.java:43)
	at java.lang.reflect.Method.invoke(Method.java:606)
	at org.codehaus.groovy.reflection.CachedMethod.invoke(CachedMethod.java:90)
	at groovy.lang.MetaClassImpl.invokeMissingMethod(MetaClassImpl.java:837)
	at groovy.lang.MetaClassImpl.invokePropertyOrMissing(MetaClassImpl.java:1134)
	at groovy.lang.MetaClassImpl.invokeMethod(MetaClassImpl.java:1087)
	at groovy.lang.MetaClassImpl.invokeMethod(MetaClassImpl.java:909)
	at org.codehaus.groovy.runtime.callsite.PogoMetaClassSite.callCurrent(PogoMetaClassSite.java:66)
	at org.codehaus.groovy.runtime.callsite.AbstractCallSite.callCurrent(AbstractCallSite.java:149)
	at co.freeside.betamax.Recorder$1.evaluate(Recorder.groovy:185)
	at org.junit.runners.ParentRunner.runLeaf(ParentRunner.java:263)
	at org.junit.runners.BlockJUnit4ClassRunner.runChild(BlockJUnit4ClassRunner.java:68)
	at org.junit.runners.BlockJUnit4ClassRunner.runChild(BlockJUnit4ClassRunner.java:47)
	at org.junit.runners.ParentRunner$3.run(ParentRunner.java:231)
	at org.junit.runners.ParentRunner$1.schedule(ParentRunner.java:60)
	at org.junit.runners.ParentRunner.runChildren(ParentRunner.java:229)
	at org.junit.runners.ParentRunner.access$000(ParentRunner.java:50)
	at org.junit.runners.ParentRunner$2.evaluate(ParentRunner.java:222)
	at org.junit.runners.ParentRunner.run(ParentRunner.java:300)
	at org.gradle.api.internal.tasks.testing.junit.JUnitTestClassExecuter.runTestClass(JUnitTestClassExecuter.java:86)
	at org.gradle.api.internal.tasks.testing.junit.JUnitTestClassExecuter.execute(JUnitTestClassExecuter.java:49)
	at org.gradle.api.internal.tasks.testing.junit.JUnitTestClassProcessor.processTestClass(JUnitTestClassProcessor.java:69)
	at org.gradle.api.internal.tasks.testing.SuiteTestClassProcessor.processTestClass(SuiteTestClassProcessor.java:48)
	at sun.reflect.NativeMethodAccessorImpl.invoke0(Native Method)
	at sun.reflect.NativeMethodAccessorImpl.invoke(NativeMethodAccessorImpl.java:57)
	at sun.reflect.DelegatingMethodAccessorImpl.invoke(DelegatingMethodAccessorImpl.java:43)
	at java.lang.reflect.Method.invoke(Method.java:606)
	at org.gradle.messaging.dispatch.ReflectionDispatch.dispatch(ReflectionDispatch.java:35)
	at org.gradle.messaging.dispatch.ReflectionDispatch.dispatch(ReflectionDispatch.java:24)
	at org.gradle.messaging.dispatch.ContextClassLoaderDispatch.dispatch(ContextClassLoaderDispatch.java:32)
	at org.gradle.messaging.dispatch.ProxyDispatchAdapter$DispatchingInvocationHandler.invoke(ProxyDispatchAdapter.java:93)
	at com.sun.proxy.$Proxy2.processTestClass(Unknown Source)
	at org.gradle.api.internal.tasks.testing.worker.TestWorker.processTestClass(TestWorker.java:105)
	at sun.reflect.NativeMethodAccessorImpl.invoke0(Native Method)
	at sun.reflect.NativeMethodAccessorImpl.invoke(NativeMethodAccessorImpl.java:57)
	at sun.reflect.DelegatingMethodAccessorImpl.invoke(DelegatingMethodAccessorImpl.java:43)
	at java.lang.reflect.Method.invoke(Method.java:606)
	at org.gradle.messaging.dispatch.ReflectionDispatch.dispatch(ReflectionDispatch.java:35)
	at org.gradle.messaging.dispatch.ReflectionDispatch.dispatch(ReflectionDispatch.java:24)
	at org.gradle.messaging.remote.internal.hub.MessageHub$Handler.run(MessageHub.java:360)
	at org.gradle.internal.concurrent.DefaultExecutorFactory$StoppableExecutorImpl$1.run(DefaultExecutorFactory.java:64)
	at java.util.concurrent.ThreadPoolExecutor.runWorker(ThreadPoolExecutor.java:1145)
	at java.util.concurrent.ThreadPoolExecutor$Worker.run(ThreadPoolExecutor.java:615)
	at java.lang.Thread.run(Thread.java:744)
Caused by: Can't construct a java object for tag:yaml.org,2002:co.freeside.betamax.tape.yaml.YamlTape; exception=Cannot create property=interactions for JavaBean=Tape[scheduling]; Cannot create property=response for JavaBean=co.freeside.betamax.tape.RecordedInteraction@7a75d1b8; Cannot create property=headers for JavaBean=co.freeside.betamax.message.tape.RecordedResponse@1dd4bfb4; null; Can't construct a java object for tag:yaml.org,2002:org.codehaus.groovy.runtime.GStringImpl; exception=java.lang.NoSuchMethodException: org.codehaus.groovy.runtime.GStringImpl.&lt;init&gt;()
 in &quot;&lt;reader&gt;&quot;, line 1, column 1:
    !tape
    ^

	at org.yaml.snakeyaml.constructor.Constructor$ConstructYamlObject.construct(Constructor.java:333)
	at org.yaml.snakeyaml.constructor.BaseConstructor.constructObject(BaseConstructor.java:182)
	at org.yaml.snakeyaml.constructor.BaseConstructor.constructDocument(BaseConstructor.java:141)
	at org.yaml.snakeyaml.constructor.BaseConstructor.getSingleData(BaseConstructor.java:127)
	at org.yaml.snakeyaml.Yaml.loadFromReader(Yaml.java:480)
	at org.yaml.snakeyaml.Yaml.loadAs(Yaml.java:440)
	at org.yaml.snakeyaml.Yaml$loadAs.call(Unknown Source)
	at co.freeside.betamax.tape.yaml.YamlTape.readFrom(YamlTape.groovy:41)
	... 80 more
Caused by: org.yaml.snakeyaml.error.YAMLException: Cannot create property=interactions for JavaBean=Tape[scheduling]; Cannot create property=response for JavaBean=co.freeside.betamax.tape.RecordedInteraction@7a75d1b8; Cannot create property=headers for JavaBean=co.freeside.betamax.message.tape.RecordedResponse@1dd4bfb4; null; Can't construct a java object for tag:yaml.org,2002:org.codehaus.groovy.runtime.GStringImpl; exception=java.lang.NoSuchMethodException: org.codehaus.groovy.runtime.GStringImpl.&lt;init&gt;()
	at org.yaml.snakeyaml.constructor.Constructor$ConstructMapping.constructJavaBean2ndStep(Constructor.java:299)
	at org.yaml.snakeyaml.constructor.Constructor$ConstructMapping.construct(Constructor.java:189)
	at org.yaml.snakeyaml.constructor.Constructor$ConstructYamlObject.construct(Constructor.java:331)
	... 87 more
Caused by: org.yaml.snakeyaml.error.YAMLException: Cannot create property=response for JavaBean=co.freeside.betamax.tape.RecordedInteraction@7a75d1b8; Cannot create property=headers for JavaBean=co.freeside.betamax.message.tape.RecordedResponse@1dd4bfb4; null; Can't construct a java object for tag:yaml.org,2002:org.codehaus.groovy.runtime.GStringImpl; exception=java.lang.NoSuchMethodException: org.codehaus.groovy.runtime.GStringImpl.&lt;init&gt;()
	at org.yaml.snakeyaml.constructor.Constructor$ConstructMapping.constructJavaBean2ndStep(Constructor.java:299)
	at org.yaml.snakeyaml.constructor.Constructor$ConstructMapping.construct(Constructor.java:189)
	at org.yaml.snakeyaml.constructor.BaseConstructor.constructObject(BaseConstructor.java:182)
	at org.yaml.snakeyaml.constructor.BaseConstructor.constructSequenceStep2(BaseConstructor.java:276)
	at org.yaml.snakeyaml.constructor.BaseConstructor.constructSequence(BaseConstructor.java:247)
	at org.yaml.snakeyaml.constructor.Constructor$ConstructSequence.construct(Constructor.java:510)
	at org.yaml.snakeyaml.constructor.BaseConstructor.constructObject(BaseConstructor.java:182)
	at org.yaml.snakeyaml.constructor.Constructor$ConstructMapping.constructJavaBean2ndStep(Constructor.java:296)
	... 89 more
Caused by: org.yaml.snakeyaml.error.YAMLException: Cannot create property=headers for JavaBean=co.freeside.betamax.message.tape.RecordedResponse@1dd4bfb4; null; Can't construct a java object for tag:yaml.org,2002:org.codehaus.groovy.runtime.GStringImpl; exception=java.lang.NoSuchMethodException: org.codehaus.groovy.runtime.GStringImpl.&lt;init&gt;()
	at org.yaml.snakeyaml.constructor.Constructor$ConstructMapping.constructJavaBean2ndStep(Constructor.java:299)
	at org.yaml.snakeyaml.constructor.Constructor$ConstructMapping.construct(Constructor.java:189)
	at org.yaml.snakeyaml.constructor.BaseConstructor.constructObject(BaseConstructor.java:182)
	at org.yaml.snakeyaml.constructor.Constructor$ConstructMapping.constructJavaBean2ndStep(Constructor.java:296)
	... 96 more
Caused by: Can't construct a java object for tag:yaml.org,2002:org.codehaus.groovy.runtime.GStringImpl; exception=java.lang.NoSuchMethodException: org.codehaus.groovy.runtime.GStringImpl.&lt;init&gt;()
 in &quot;&lt;reader&gt;&quot;, line 25, column 18:
          X-Betamax: !!org.codehaus.groovy.runtime.GS ... 
                     ^

	at org.yaml.snakeyaml.constructor.Constructor$ConstructYamlObject.construct(Constructor.java:333)
	at org.yaml.snakeyaml.constructor.BaseConstructor.constructObject(BaseConstructor.java:182)
	at org.yaml.snakeyaml.constructor.BaseConstructor.constructMapping2ndStep(BaseConstructor.java:325)
	at org.yaml.snakeyaml.constructor.SafeConstructor.constructMapping2ndStep(SafeConstructor.java:145)
	at org.yaml.snakeyaml.constructor.BaseConstructor.constructMapping(BaseConstructor.java:306)
	at org.yaml.snakeyaml.constructor.Constructor$ConstructMapping.construct(Constructor.java:170)
	at org.yaml.snakeyaml.constructor.BaseConstructor.constructObject(BaseConstructor.java:182)
	at org.yaml.snakeyaml.constructor.Constructor$ConstructMapping.constructJavaBean2ndStep(Constructor.java:296)
	... 99 more
Caused by: org.yaml.snakeyaml.error.YAMLException: java.lang.NoSuchMethodException: org.codehaus.groovy.runtime.GStringImpl.&lt;init&gt;()
	at org.yaml.snakeyaml.constructor.Constructor$ConstructMapping.createEmptyJavaBean(Constructor.java:219)
	at org.yaml.snakeyaml.constructor.Constructor$ConstructMapping.construct(Constructor.java:189)
	at org.yaml.snakeyaml.constructor.Constructor$ConstructYamlObject.construct(Constructor.java:331)
	... 106 more
Caused by: java.lang.NoSuchMethodException: org.codehaus.groovy.runtime.GStringImpl.&lt;init&gt;()
	at java.lang.Class.getConstructor0(Class.java:2810)
	at java.lang.Class.getDeclaredConstructor(Class.java:2053)
	at org.yaml.snakeyaml.constructor.Constructor$ConstructMapping.createEmptyJavaBean(Constructor.java:215)
	... 108 more
</failure>
  </testcase>
  <testcase name="mpcTest" classname="com.pokitdok.tests.PokitDokTest" time="0.519"/>
  <testcase name="singleMPCTest" classname="com.pokitdok.tests.PokitDokTest" time="0.521"/>
  <system-out><![CDATA[]]></system-out>
  <system-err><![CDATA[2015-04-14 23:57:39.290:INFO::jetty-7.3.1.v20110307
2015-04-14 23:57:39.338:INFO::Started SelectChannelConnector@0.0.0.0:5555
2015-04-14 23:57:39.497:INFO::Started SslSelectChannelConnector@0.0.0.0:5556
Apr 14, 2015 11:57:39 PM org.codehaus.groovy.runtime.callsite.PojoMetaMethodSite$PojoCachedMethodSiteNoUnwrap invoke
INFO: loaded tape with 1 recorded interactions from file authentication.yaml...
Apr 14, 2015 11:57:39 PM org.codehaus.groovy.runtime.callsite.PojoMetaMethodSite$PojoCachedMethodSiteNoUnwrap invoke
INFO: Playing back from 'authentication'
2015-04-14 23:57:39.980:WARN::1 threads could not be stopped
2015-04-14 23:57:39.988:INFO::jetty-7.3.1.v20110307
2015-04-14 23:57:39.989:INFO::Started SelectChannelConnector@0.0.0.0:5555
2015-04-14 23:57:39.992:INFO::Started SslSelectChannelConnector@0.0.0.0:5556
Apr 14, 2015 11:57:40 PM org.codehaus.groovy.runtime.callsite.PojoMetaMethodSite$PojoCachedMethodSiteNoUnwrap invoke
INFO: loaded tape with 2 recorded interactions from file authorizations.yaml...
Apr 14, 2015 11:57:40 PM org.codehaus.groovy.runtime.callsite.PojoMetaMethodSite$PojoCachedMethodSiteNoUnwrap invoke
INFO: Playing back from 'authorizations'
Apr 14, 2015 11:57:40 PM org.codehaus.groovy.runtime.callsite.PojoMetaMethodSite$PojoCachedMethodSiteNoUnwrap invoke
INFO: Playing back from 'authorizations'
2015-04-14 23:57:40.509:WARN::1 threads could not be stopped
2015-04-14 23:57:40.514:INFO::jetty-7.3.1.v20110307
2015-04-14 23:57:40.515:INFO::Started SelectChannelConnector@0.0.0.0:5555
2015-04-14 23:57:40.518:INFO::Started SslSelectChannelConnector@0.0.0.0:5556
Apr 14, 2015 11:57:40 PM org.codehaus.groovy.runtime.callsite.PojoMetaMethodSite$PojoCachedMethodSiteNoUnwrap invoke
INFO: loaded tape with 2 recorded interactions from file cash_prices.yaml...
Apr 14, 2015 11:57:40 PM org.codehaus.groovy.runtime.callsite.PojoMetaMethodSite$PojoCachedMethodSiteNoUnwrap invoke
INFO: Playing back from 'cash_prices'
Apr 14, 2015 11:57:40 PM org.codehaus.groovy.runtime.callsite.PojoMetaMethodSite$PojoCachedMethodSiteNoUnwrap invoke
INFO: Playing back from 'cash_prices'
Apr 14, 2015 11:57:40 PM org.codehaus.groovy.runtime.callsite.PojoMetaMethodSite$PojoCachedMethodSiteNoUnwrap invoke
INFO: Playing back from 'cash_prices'
2015-04-14 23:57:41.039:WARN::1 threads could not be stopped
2015-04-14 23:57:41.045:INFO::jetty-7.3.1.v20110307
2015-04-14 23:57:41.046:INFO::Started SelectChannelConnector@0.0.0.0:5555
2015-04-14 23:57:41.049:INFO::Started SslSelectChannelConnector@0.0.0.0:5556
Apr 14, 2015 11:57:41 PM org.codehaus.groovy.runtime.callsite.PojoMetaMethodSite$PojoCachedMethodSiteNoUnwrap invoke
INFO: loaded tape with 2 recorded interactions from file insurance_prices.yaml...
Apr 14, 2015 11:57:41 PM org.codehaus.groovy.runtime.callsite.PojoMetaMethodSite$PojoCachedMethodSiteNoUnwrap invoke
INFO: Playing back from 'insurance_prices'
Apr 14, 2015 11:57:41 PM org.codehaus.groovy.runtime.callsite.PojoMetaMethodSite$PojoCachedMethodSiteNoUnwrap invoke
INFO: Playing back from 'insurance_prices'
2015-04-14 23:57:41.563:WARN::1 threads could not be stopped
2015-04-14 23:57:41.567:INFO::jetty-7.3.1.v20110307
2015-04-14 23:57:41.568:INFO::Started SelectChannelConnector@0.0.0.0:5555
2015-04-14 23:57:41.571:INFO::Started SslSelectChannelConnector@0.0.0.0:5556
Apr 14, 2015 11:57:41 PM org.codehaus.groovy.runtime.callsite.PojoMetaMethodSite$PojoCachedMethodSiteNoUnwrap invoke
INFO: loaded tape with 2 recorded interactions from file providers.yaml...
Apr 14, 2015 11:57:41 PM org.codehaus.groovy.runtime.callsite.PojoMetaMethodSite$PojoCachedMethodSiteNoUnwrap invoke
INFO: Playing back from 'providers'
Apr 14, 2015 11:57:41 PM org.codehaus.groovy.runtime.callsite.PojoMetaMethodSite$PojoCachedMethodSiteNoUnwrap invoke
INFO: Playing back from 'providers'
2015-04-14 23:57:42.087:WARN::1 threads could not be stopped
2015-04-14 23:57:42.093:INFO::jetty-7.3.1.v20110307
2015-04-14 23:57:42.094:INFO::Started SelectChannelConnector@0.0.0.0:5555
2015-04-14 23:57:42.097:INFO::Started SslSelectChannelConnector@0.0.0.0:5556
Apr 14, 2015 11:57:42 PM org.codehaus.groovy.runtime.callsite.PojoMetaMethodSite$PojoCachedMethodSiteNoUnwrap invoke
INFO: loaded tape with 2 recorded interactions from file eligibility.yaml...
Apr 14, 2015 11:57:42 PM org.codehaus.groovy.runtime.callsite.PojoMetaMethodSite$PojoCachedMethodSiteNoUnwrap invoke
INFO: Playing back from 'eligibility'
Apr 14, 2015 11:57:42 PM org.codehaus.groovy.runtime.callsite.PojoMetaMethodSite$PojoCachedMethodSiteNoUnwrap invoke
INFO: Playing back from 'eligibility'
2015-04-14 23:57:42.612:WARN::1 threads could not be stopped
2015-04-14 23:57:42.616:INFO::jetty-7.3.1.v20110307
2015-04-14 23:57:42.617:INFO::Started SelectChannelConnector@0.0.0.0:5555
2015-04-14 23:57:42.620:INFO::Started SslSelectChannelConnector@0.0.0.0:5556
Apr 14, 2015 11:57:42 PM org.codehaus.groovy.runtime.callsite.PojoMetaMethodSite$PojoCachedMethodSiteNoUnwrap invoke
INFO: loaded tape with 2 recorded interactions from file claims.yaml...
Apr 14, 2015 11:57:43 PM org.codehaus.groovy.runtime.callsite.PojoMetaMethodSite$PojoCachedMethodSiteNoUnwrap invoke
INFO: Playing back from 'claims'
Apr 14, 2015 11:57:43 PM org.codehaus.groovy.runtime.callsite.PojoMetaMethodSite$PojoCachedMethodSiteNoUnwrap invoke
INFO: Playing back from 'claims'
2015-04-14 23:57:43.135:WARN::1 threads could not be stopped
2015-04-14 23:57:43.140:INFO::jetty-7.3.1.v20110307
2015-04-14 23:57:43.141:INFO::Started SelectChannelConnector@0.0.0.0:5555
2015-04-14 23:57:43.144:INFO::Started SslSelectChannelConnector@0.0.0.0:5556
Apr 14, 2015 11:57:43 PM org.codehaus.groovy.runtime.callsite.PojoMetaMethodSite$PojoCachedMethodSiteNoUnwrap invoke
INFO: loaded tape with 2 recorded interactions from file claims_status.yaml...
Apr 14, 2015 11:57:43 PM org.codehaus.groovy.runtime.callsite.PojoMetaMethodSite$PojoCachedMethodSiteNoUnwrap invoke
INFO: Playing back from 'claims_status'
Apr 14, 2015 11:57:43 PM org.codehaus.groovy.runtime.callsite.PojoMetaMethodSite$PojoCachedMethodSiteNoUnwrap invoke
INFO: Playing back from 'claims_status'
2015-04-14 23:57:43.658:WARN::1 threads could not be stopped
2015-04-14 23:57:43.664:INFO::jetty-7.3.1.v20110307
2015-04-14 23:57:43.665:INFO::Started SelectChannelConnector@0.0.0.0:5555
2015-04-14 23:57:43.667:INFO::Started SslSelectChannelConnector@0.0.0.0:5556
Apr 14, 2015 11:57:43 PM org.codehaus.groovy.runtime.callsite.PojoMetaMethodSite$PojoCachedMethodSiteNoUnwrap invoke
INFO: loaded tape with 2 recorded interactions from file activities.yaml...
Apr 14, 2015 11:57:44 PM org.codehaus.groovy.runtime.callsite.PojoMetaMethodSite$PojoCachedMethodSiteNoUnwrap invoke
INFO: Playing back from 'activities'
Apr 14, 2015 11:57:44 PM org.codehaus.groovy.runtime.callsite.PojoMetaMethodSite$PojoCachedMethodSiteNoUnwrap invoke
INFO: Playing back from 'activities'
2015-04-14 23:57:44.183:WARN::1 threads could not be stopped
2015-04-14 23:57:44.189:INFO::jetty-7.3.1.v20110307
2015-04-14 23:57:44.190:INFO::Started SelectChannelConnector@0.0.0.0:5555
2015-04-14 23:57:44.193:INFO::Started SslSelectChannelConnector@0.0.0.0:5556
Apr 14, 2015 11:57:44 PM org.codehaus.groovy.runtime.callsite.PojoMetaMethodSite$PojoCachedMethodSiteNoUnwrap invoke
INFO: loaded tape with 2 recorded interactions from file payers.yaml...
Apr 14, 2015 11:57:44 PM org.codehaus.groovy.runtime.callsite.PojoMetaMethodSite$PojoCachedMethodSiteNoUnwrap invoke
INFO: Playing back from 'payers'
Apr 14, 2015 11:57:44 PM org.codehaus.groovy.runtime.callsite.PojoMetaMethodSite$PojoCachedMethodSiteNoUnwrap invoke
INFO: Playing back from 'payers'
2015-04-14 23:57:44.706:WARN::1 threads could not be stopped
2015-04-14 23:57:44.711:INFO::jetty-7.3.1.v20110307
2015-04-14 23:57:44.712:INFO::Started SelectChannelConnector@0.0.0.0:5555
2015-04-14 23:57:44.715:INFO::Started SslSelectChannelConnector@0.0.0.0:5556
Apr 14, 2015 11:57:44 PM org.codehaus.groovy.runtime.callsite.PojoMetaMethodSite$PojoCachedMethodSiteNoUnwrap invoke
INFO: loaded tape with 2 recorded interactions from file trading_partners_index.yaml...
Apr 14, 2015 11:57:45 PM org.codehaus.groovy.runtime.callsite.PojoMetaMethodSite$PojoCachedMethodSiteNoUnwrap invoke
INFO: Playing back from 'trading_partners_index'
Apr 14, 2015 11:57:45 PM org.codehaus.groovy.runtime.callsite.PojoMetaMethodSite$PojoCachedMethodSiteNoUnwrap invoke
INFO: Playing back from 'trading_partners_index'
2015-04-14 23:57:45.232:WARN::1 threads could not be stopped
2015-04-14 23:57:45.237:INFO::jetty-7.3.1.v20110307
2015-04-14 23:57:45.237:INFO::Started SelectChannelConnector@0.0.0.0:5555
2015-04-14 23:57:45.240:INFO::Started SslSelectChannelConnector@0.0.0.0:5556
Apr 14, 2015 11:57:45 PM org.codehaus.groovy.runtime.callsite.PojoMetaMethodSite$PojoCachedMethodSiteNoUnwrap invoke
INFO: loaded tape with 2 recorded interactions from file trading_partners_get.yaml...
Apr 14, 2015 11:57:45 PM org.codehaus.groovy.runtime.callsite.PojoMetaMethodSite$PojoCachedMethodSiteNoUnwrap invoke
INFO: Playing back from 'trading_partners_get'
Apr 14, 2015 11:57:45 PM org.codehaus.groovy.runtime.callsite.PojoMetaMethodSite$PojoCachedMethodSiteNoUnwrap invoke
INFO: Playing back from 'trading_partners_get'
2015-04-14 23:57:45.754:WARN::1 threads could not be stopped
2015-04-14 23:57:45.759:INFO::jetty-7.3.1.v20110307
2015-04-14 23:57:45.760:INFO::Started SelectChannelConnector@0.0.0.0:5555
2015-04-14 23:57:45.763:INFO::Started SslSelectChannelConnector@0.0.0.0:5556
Apr 14, 2015 11:57:45 PM org.codehaus.groovy.runtime.callsite.PojoMetaMethodSite$PojoCachedMethodSiteNoUnwrap invoke
INFO: loaded tape with 2 recorded interactions from file plans_index.yaml...
Apr 14, 2015 11:57:46 PM org.codehaus.groovy.runtime.callsite.PojoMetaMethodSite$PojoCachedMethodSiteNoUnwrap invoke
INFO: Playing back from 'plans_index'
Apr 14, 2015 11:57:46 PM org.codehaus.groovy.runtime.callsite.PojoMetaMethodSite$PojoCachedMethodSiteNoUnwrap invoke
INFO: Playing back from 'plans_index'
2015-04-14 23:57:46.279:WARN::1 threads could not be stopped
2015-04-14 23:57:46.284:INFO::jetty-7.3.1.v20110307
2015-04-14 23:57:46.294:INFO::Started SelectChannelConnector@0.0.0.0:5555
2015-04-14 23:57:46.298:INFO::Started SslSelectChannelConnector@0.0.0.0:5556
Apr 14, 2015 11:57:46 PM org.codehaus.groovy.runtime.callsite.PojoMetaMethodSite$PojoCachedMethodSiteNoUnwrap invoke
INFO: loaded tape with 2 recorded interactions from file plans_get.yaml...
Apr 14, 2015 11:57:46 PM org.codehaus.groovy.runtime.callsite.PojoMetaMethodSite$PojoCachedMethodSiteNoUnwrap invoke
INFO: Playing back from 'plans_get'
Apr 14, 2015 11:57:46 PM org.codehaus.groovy.runtime.callsite.PojoMetaMethodSite$PojoCachedMethodSiteNoUnwrap invoke
INFO: Playing back from 'plans_get'
2015-04-14 23:57:46.811:WARN::1 threads could not be stopped
2015-04-14 23:57:46.815:INFO::jetty-7.3.1.v20110307
2015-04-14 23:57:46.816:INFO::Started SelectChannelConnector@0.0.0.0:5555
2015-04-14 23:57:46.818:INFO::Started SslSelectChannelConnector@0.0.0.0:5556
Apr 14, 2015 11:57:46 PM org.codehaus.groovy.runtime.callsite.PojoMetaMethodSite$PojoCachedMethodSiteNoUnwrap invoke
INFO: loaded tape with 2 recorded interactions from file referrals.yaml...
Apr 14, 2015 11:57:47 PM org.codehaus.groovy.runtime.callsite.PojoMetaMethodSite$PojoCachedMethodSiteNoUnwrap invoke
INFO: Playing back from 'referrals'
Apr 14, 2015 11:57:47 PM org.codehaus.groovy.runtime.callsite.PojoMetaMethodSite$PojoCachedMethodSiteNoUnwrap invoke
INFO: Playing back from 'referrals'
2015-04-14 23:57:47.330:WARN::1 threads could not be stopped
2015-04-14 23:57:47.338:INFO::jetty-7.3.1.v20110307
2015-04-14 23:57:47.339:INFO::Started SelectChannelConnector@0.0.0.0:5555
2015-04-14 23:57:47.341:INFO::Started SslSelectChannelConnector@0.0.0.0:5556
2015-04-14 23:57:47.465:WARN::1 threads could not be stopped
2015-04-14 23:57:47.470:INFO::jetty-7.3.1.v20110307
2015-04-14 23:57:47.471:INFO::Started SelectChannelConnector@0.0.0.0:5555
2015-04-14 23:57:47.474:INFO::Started SslSelectChannelConnector@0.0.0.0:5556
2015-04-14 23:57:47.587:WARN::1 threads could not be stopped
2015-04-14 23:57:47.592:INFO::jetty-7.3.1.v20110307
2015-04-14 23:57:47.594:INFO::Started SelectChannelConnector@0.0.0.0:5555
2015-04-14 23:57:47.597:INFO::Started SslSelectChannelConnector@0.0.0.0:5556
2015-04-14 23:57:47.709:WARN::1 threads could not be stopped
2015-04-14 23:57:47.713:INFO::jetty-7.3.1.v20110307
2015-04-14 23:57:47.715:INFO::Started SelectChannelConnector@0.0.0.0:5555
2015-04-14 23:57:47.717:INFO::Started SslSelectChannelConnector@0.0.0.0:5556
2015-04-14 23:57:47.831:WARN::1 threads could not be stopped
2015-04-14 23:57:47.835:INFO::jetty-7.3.1.v20110307
2015-04-14 23:57:47.836:INFO::Started SelectChannelConnector@0.0.0.0:5555
2015-04-14 23:57:47.839:INFO::Started SslSelectChannelConnector@0.0.0.0:5556
2015-04-14 23:57:47.951:WARN::1 threads could not be stopped
2015-04-14 23:57:47.955:INFO::jetty-7.3.1.v20110307
2015-04-14 23:57:47.957:INFO::Started SelectChannelConnector@0.0.0.0:5555
2015-04-14 23:57:47.959:INFO::Started SslSelectChannelConnector@0.0.0.0:5556
2015-04-14 23:57:48.070:WARN::1 threads could not be stopped
2015-04-14 23:57:48.074:INFO::jetty-7.3.1.v20110307
2015-04-14 23:57:48.076:INFO::Started SelectChannelConnector@0.0.0.0:5555
2015-04-14 23:57:48.078:INFO::Started SslSelectChannelConnector@0.0.0.0:5556
2015-04-14 23:57:48.191:WARN::1 threads could not be stopped
2015-04-14 23:57:48.195:INFO::jetty-7.3.1.v20110307
2015-04-14 23:57:48.197:INFO::Started SelectChannelConnector@0.0.0.0:5555
2015-04-14 23:57:48.199:INFO::Started SslSelectChannelConnector@0.0.0.0:5556
2015-04-14 23:57:48.312:WARN::1 threads could not be stopped
2015-04-14 23:57:48.317:INFO::jetty-7.3.1.v20110307
2015-04-14 23:57:48.318:INFO::Started SelectChannelConnector@0.0.0.0:5555
2015-04-14 23:57:48.321:INFO::Started SslSelectChannelConnector@0.0.0.0:5556
Apr 14, 2015 11:57:48 PM org.codehaus.groovy.runtime.callsite.PojoMetaMethodSite$PojoCachedMethodSiteNoUnwrap invoke
INFO: loaded tape with 3 recorded interactions from file mpc.yaml...
Apr 14, 2015 11:57:48 PM org.codehaus.groovy.runtime.callsite.PojoMetaMethodSite$PojoCachedMethodSiteNoUnwrap invoke
INFO: Playing back from 'mpc'
Apr 14, 2015 11:57:48 PM org.codehaus.groovy.runtime.callsite.PojoMetaMethodSite$PojoCachedMethodSiteNoUnwrap invoke
INFO: Playing back from 'mpc'
2015-04-14 23:57:48.833:WARN::1 threads could not be stopped
2015-04-14 23:57:48.836:INFO::jetty-7.3.1.v20110307
2015-04-14 23:57:48.837:INFO::Started SelectChannelConnector@0.0.0.0:5555
2015-04-14 23:57:48.839:INFO::Started SslSelectChannelConnector@0.0.0.0:5556
Apr 14, 2015 11:57:48 PM org.codehaus.groovy.runtime.callsite.PojoMetaMethodSite$PojoCachedMethodSiteNoUnwrap invoke
INFO: loaded tape with 3 recorded interactions from file mpc.yaml...
Apr 14, 2015 11:57:49 PM org.codehaus.groovy.runtime.callsite.PojoMetaMethodSite$PojoCachedMethodSiteNoUnwrap invoke
INFO: Playing back from 'mpc'
Apr 14, 2015 11:57:49 PM org.codehaus.groovy.runtime.callsite.PojoMetaMethodSite$PojoCachedMethodSiteNoUnwrap invoke
INFO: Playing back from 'mpc'
2015-04-14 23:57:49.353:WARN::1 threads could not be stopped
]]></system-err>
</testsuite>
