<?xml version="1.0" encoding="UTF-8"?>
<!-- Generated by org.testng.reporters.JUnitReportReporter -->
<testsuite hostname="chloe.local" name="com.pokitdok.tests.PokitDokTest" tests="1" failures="0" timestamp="18 Jul 2014 20:15:31 GMT" time="0.245" errors="0">
  <testcase name="shouldCreateTest" time="0.245" classname="com.pokitdok.tests.PokitDokTest"/>
</testsuite> <!-- com.pokitdok.tests.PokitDokTest -->
