<?xml version="1.0" encoding="UTF-8"?>
<!-- Generated by org.testng.reporters.JUnitReportReporter -->
<testsuite hostname="chloe.local" name="com.pokitdok.tests.PokitDokTest" tests="10" failures="0" timestamp="19 Jul 2014 02:18:37 GMT" time="0.905" errors="0">
  <testcase name="payersTest" time="0.089" classname="com.pokitdok.tests.PokitDokTest"/>
  <testcase name="claimsStatusTest" time="0.031" classname="com.pokitdok.tests.PokitDokTest"/>
  <testcase name="insurancePricesTest" time="0.039" classname="com.pokitdok.tests.PokitDokTest"/>
  <testcase name="claimsTest" time="0.026" classname="com.pokitdok.tests.PokitDokTest"/>
  <testcase name="eligibilityTest" time="0.413" classname="com.pokitdok.tests.PokitDokTest"/>
  <testcase name="shouldCreateTest" time="0.000" classname="com.pokitdok.tests.PokitDokTest"/>
  <testcase name="providersTest" time="0.064" classname="com.pokitdok.tests.PokitDokTest"/>
  <testcase name="activitiesTest" time="0.205" classname="com.pokitdok.tests.PokitDokTest"/>
  <testcase name="cashPricesTest" time="0.038" classname="com.pokitdok.tests.PokitDokTest"/>
  <testcase name="filesTest" time="0.000" classname="com.pokitdok.tests.PokitDokTest"/>
</testsuite> <!-- com.pokitdok.tests.PokitDokTest -->
