<?xml version="1.0" encoding="UTF-8"?>
<!-- Generated by org.testng.reporters.JUnitReportReporter -->
<testsuite hostname="chloe.local" name="com.pokitdok.tests.PokitDokTest" tests="3" failures="0" timestamp="19 Jul 2014 02:00:55 GMT" time="0.481" errors="0">
  <testcase name="shouldCreateTest" time="0.000" classname="com.pokitdok.tests.PokitDokTest"/>
  <testcase name="eligibilityTest" time="0.419" classname="com.pokitdok.tests.PokitDokTest"/>
  <testcase name="providersTest" time="0.062" classname="com.pokitdok.tests.PokitDokTest"/>
</testsuite> <!-- com.pokitdok.tests.PokitDokTest -->
