<?xml version="1.0" encoding="UTF-8"?>
<!-- Generated by org.testng.reporters.JUnitReportReporter -->
<testsuite hostname="chloe.local" name="com.pokitdok.tests.PokitDokTest" tests="2" failures="0" timestamp="19 Jul 2014 01:18:56 GMT" time="0.423" errors="0">
  <testcase name="shouldCreateTest" time="0.025" classname="com.pokitdok.tests.PokitDokTest"/>
  <testcase name="providersTest" time="0.398" classname="com.pokitdok.tests.PokitDokTest"/>
</testsuite> <!-- com.pokitdok.tests.PokitDokTest -->
