<?xml version="1.0" encoding="UTF-8"?>
<!-- Generated by org.testng.reporters.JUnitReportReporter -->
<testsuite hostname="chloe.local" name="com.pokitdok.tests.PokitDokTest" tests="2" failures="0" timestamp="18 Jul 2014 21:20:50 GMT" time="0.385" errors="0">
  <testcase name="shouldCreateTest" time="0.026" classname="com.pokitdok.tests.PokitDokTest"/>
  <testcase name="providersTest" time="0.359" classname="com.pokitdok.tests.PokitDokTest"/>
</testsuite> <!-- com.pokitdok.tests.PokitDokTest -->
